2024-09-14 00:17:02,911 [INFO] Activator:177 - 


2024-09-14 00:17:02,911 [INFO] Activator:178 - !SESSION log4j initialized
2024-09-14 00:17:08,511 [INFO] McuFinderGlobals:39 - Set McuFinder mode to 2 (CubeIDE integrated)
2024-09-14 00:17:08,574 [INFO] ApplicationProperties:181 - Using Application install path: D:\STM32CubeIDE\STM32CubeIDE_1.7.0\STM32CubeIDE\plugins\com.st.stm32cube.common.mx_6.3.0.202107141111
2024-09-14 00:17:08,574 [INFO] DbMcusXml:74 - Set database path to: D:\STM32CubeIDE\STM32CubeIDE_1.7.0\STM32CubeIDE\plugins\com.st.stm32cube.common.mx_6.3.0.202107141111\\db\/mcu/
2024-09-14 00:17:08,581 [INFO] DbBoardsPdsc:56 - Set plugin database path to: D:\STM32CubeIDE\STM32CubeIDE_1.7.0\STM32CubeIDE\plugins\com.st.stm32cube.common.mx_6.3.0.202107141111\\db\/plugins/boardmanager/
2024-09-14 00:17:08,606 [INFO] DbMcus:258 - Set plugin images path to: D:\STM32CubeIDE\STM32CubeIDE_1.7.0\STM32CubeIDE\plugins\com.st.stm32cube.common.mx_6.3.0.202107141111\\db\/plugins/mcufinder/images/
2024-09-14 00:17:08,606 [INFO] DbBoards:264 - Set plugin images path to: D:\STM32CubeIDE\STM32CubeIDE_1.7.0\STM32CubeIDE\plugins\com.st.stm32cube.common.mx_6.3.0.202107141111\\db\/plugins/mcufinder/images/
2024-09-14 00:17:08,611 [INFO] DbExamples:333 - Set plugin images path to: D:\STM32CubeIDE\STM32CubeIDE_1.7.0\STM32CubeIDE\plugins\com.st.stm32cube.common.mx_6.3.0.202107141111\\db\/plugins/mcufinder/images/
2024-09-14 00:17:08,611 [INFO] DbMcusAds:119 - Set database path to: C:\Users\LAPTOP\.stmcufinder\plugins\mcufinder//mcu/
2024-09-14 00:17:08,611 [INFO] DbMcusDocs:110 - Set database path to: C:\Users\LAPTOP\.stmcufinder\plugins\mcufinder//mcu/
2024-09-14 00:17:08,611 [INFO] DbMcusJson:64 - Set database path to: C:\Users\LAPTOP\.stmcufinder\plugins\mcufinder//mcu/
2024-09-14 00:17:08,611 [INFO] DbBoardsDocs:110 - Set database path to: C:\Users\LAPTOP\.stmcufinder\plugins\mcufinder//mcu/
2024-09-14 00:17:08,611 [INFO] DbBoardsJson:57 - Set database path to: C:\Users\LAPTOP\.stmcufinder\plugins\mcufinder//mcu/
2024-09-14 00:17:08,611 [INFO] CrossReferenceDbSqlite:196 - Set database path to: C:\Users\LAPTOP\.stmcufinder\plugins\mcufinder//mcu/cs/
2024-09-14 00:17:08,611 [INFO] DbExamplesSqlite:767 - Set database path to: C:\Users\LAPTOP\.stmcufinder\plugins\mcufinder//mcu/
2024-09-14 00:17:08,669 [INFO] RulesReader:57 - Compatibility file has been processed (242 Rules)
2024-09-14 00:17:08,711 [INFO] DbMcusXml:74 - Set database path to: D:\STM32CubeIDE\STM32CubeIDE_1.7.0\STM32CubeIDE\plugins\com.st.stm32cube.common.mx_6.3.0.202107141111\\db\/mcu/
2024-09-14 00:17:08,711 [INFO] DbBoardsPdsc:56 - Set plugin database path to: D:\STM32CubeIDE\STM32CubeIDE_1.7.0\STM32CubeIDE\plugins\com.st.stm32cube.common.mx_6.3.0.202107141111\\db\/plugins/boardmanager/
2024-09-14 00:17:08,711 [INFO] DbMcus:258 - Set plugin images path to: D:\STM32CubeIDE\STM32CubeIDE_1.7.0\STM32CubeIDE\plugins\com.st.stm32cube.common.mx_6.3.0.202107141111\\db\/plugins/mcufinder/images/
2024-09-14 00:17:08,711 [INFO] DbBoards:264 - Set plugin images path to: D:\STM32CubeIDE\STM32CubeIDE_1.7.0\STM32CubeIDE\plugins\com.st.stm32cube.common.mx_6.3.0.202107141111\\db\/plugins/mcufinder/images/
2024-09-14 00:17:08,711 [INFO] DbExamples:333 - Set plugin images path to: D:\STM32CubeIDE\STM32CubeIDE_1.7.0\STM32CubeIDE\plugins\com.st.stm32cube.common.mx_6.3.0.202107141111\\db\/plugins/mcufinder/images/
2024-09-14 00:17:08,711 [WARN] DbFile:35 - Overriding database path with different value: C:\Users\LAPTOP\.stmcufinder\plugins\mcufinder/ => C:\Users\LAPTOP\.stmcufinder\plugins\mcufinder
2024-09-14 00:17:08,711 [INFO] DbMcusAds:119 - Set database path to: C:\Users\LAPTOP\.stmcufinder\plugins\mcufinder//mcu/
2024-09-14 00:17:08,711 [WARN] DbFile:35 - Overriding database path with different value: C:\Users\LAPTOP\.stmcufinder\plugins\mcufinder/ => C:\Users\LAPTOP\.stmcufinder\plugins\mcufinder
2024-09-14 00:17:08,711 [INFO] DbMcusDocs:110 - Set database path to: C:\Users\LAPTOP\.stmcufinder\plugins\mcufinder//mcu/
2024-09-14 00:17:08,711 [WARN] DbFile:35 - Overriding database path with different value: C:\Users\LAPTOP\.stmcufinder\plugins\mcufinder/ => C:\Users\LAPTOP\.stmcufinder\plugins\mcufinder
2024-09-14 00:17:08,711 [INFO] DbMcusJson:64 - Set database path to: C:\Users\LAPTOP\.stmcufinder\plugins\mcufinder//mcu/
2024-09-14 00:17:08,711 [WARN] DbFile:35 - Overriding database path with different value: C:\Users\LAPTOP\.stmcufinder\plugins\mcufinder/ => C:\Users\LAPTOP\.stmcufinder\plugins\mcufinder
2024-09-14 00:17:08,711 [INFO] DbBoardsDocs:110 - Set database path to: C:\Users\LAPTOP\.stmcufinder\plugins\mcufinder//mcu/
2024-09-14 00:17:08,711 [WARN] DbFile:35 - Overriding database path with different value: C:\Users\LAPTOP\.stmcufinder\plugins\mcufinder/ => C:\Users\LAPTOP\.stmcufinder\plugins\mcufinder
2024-09-14 00:17:08,711 [INFO] DbBoardsJson:57 - Set database path to: C:\Users\LAPTOP\.stmcufinder\plugins\mcufinder//mcu/
2024-09-14 00:17:08,711 [WARN] DbFile:35 - Overriding database path with different value: C:\Users\LAPTOP\.stmcufinder\plugins\mcufinder/ => C:\Users\LAPTOP\.stmcufinder\plugins\mcufinder
2024-09-14 00:17:08,711 [WARN] DbFile:35 - Overriding database path with different value: C:\Users\LAPTOP\.stmcufinder\plugins\mcufinder/ => C:\Users\LAPTOP\.stmcufinder\plugins\mcufinder
2024-09-14 00:17:08,711 [INFO] CrossReferenceDbSqlite:196 - Set database path to: C:\Users\LAPTOP\.stmcufinder\plugins\mcufinder//mcu/cs/
2024-09-14 00:17:08,711 [WARN] DbFile:35 - Overriding database path with different value: C:\Users\LAPTOP\.stmcufinder\plugins\mcufinder/ => C:\Users\LAPTOP\.stmcufinder\plugins\mcufinder
2024-09-14 00:17:08,717 [INFO] DbExamplesSqlite:767 - Set database path to: C:\Users\LAPTOP\.stmcufinder\plugins\mcufinder//mcu/
2024-09-14 00:17:08,751 [INFO] MainPanel:214 - HeapMemory: 268435456
2024-09-14 00:17:08,787 [INFO] DbMcusXml:74 - Set database path to: D:\STM32CubeIDE\STM32CubeIDE_1.7.0\STM32CubeIDE\plugins\com.st.stm32cube.common.mx_6.3.0.202107141111\\db\/mcu/
2024-09-14 00:17:08,787 [INFO] DbBoardsPdsc:56 - Set plugin database path to: D:\STM32CubeIDE\STM32CubeIDE_1.7.0\STM32CubeIDE\plugins\com.st.stm32cube.common.mx_6.3.0.202107141111\\db\/plugins/boardmanager/
2024-09-14 00:17:08,787 [INFO] DbMcus:258 - Set plugin images path to: D:\STM32CubeIDE\STM32CubeIDE_1.7.0\STM32CubeIDE\plugins\com.st.stm32cube.common.mx_6.3.0.202107141111\\db\/plugins/mcufinder/images/
2024-09-14 00:17:08,787 [INFO] DbBoards:264 - Set plugin images path to: D:\STM32CubeIDE\STM32CubeIDE_1.7.0\STM32CubeIDE\plugins\com.st.stm32cube.common.mx_6.3.0.202107141111\\db\/plugins/mcufinder/images/
2024-09-14 00:17:08,787 [INFO] DbExamples:333 - Set plugin images path to: D:\STM32CubeIDE\STM32CubeIDE_1.7.0\STM32CubeIDE\plugins\com.st.stm32cube.common.mx_6.3.0.202107141111\\db\/plugins/mcufinder/images/
2024-09-14 00:17:08,787 [WARN] DbFile:35 - Overriding database path with different value: C:\Users\LAPTOP\.stmcufinder\plugins\mcufinder/ => C:\Users\LAPTOP\.stmcufinder\plugins\mcufinder
2024-09-14 00:17:08,787 [INFO] DbMcusAds:119 - Set database path to: C:\Users\LAPTOP\.stmcufinder\plugins\mcufinder//mcu/
2024-09-14 00:17:08,787 [WARN] DbFile:35 - Overriding database path with different value: C:\Users\LAPTOP\.stmcufinder\plugins\mcufinder/ => C:\Users\LAPTOP\.stmcufinder\plugins\mcufinder
2024-09-14 00:17:08,787 [INFO] DbMcusDocs:110 - Set database path to: C:\Users\LAPTOP\.stmcufinder\plugins\mcufinder//mcu/
2024-09-14 00:17:08,787 [WARN] DbFile:35 - Overriding database path with different value: C:\Users\LAPTOP\.stmcufinder\plugins\mcufinder/ => C:\Users\LAPTOP\.stmcufinder\plugins\mcufinder
2024-09-14 00:17:08,787 [INFO] DbMcusJson:64 - Set database path to: C:\Users\LAPTOP\.stmcufinder\plugins\mcufinder//mcu/
2024-09-14 00:17:08,787 [WARN] DbFile:35 - Overriding database path with different value: C:\Users\LAPTOP\.stmcufinder\plugins\mcufinder/ => C:\Users\LAPTOP\.stmcufinder\plugins\mcufinder
2024-09-14 00:17:08,787 [INFO] DbBoardsDocs:110 - Set database path to: C:\Users\LAPTOP\.stmcufinder\plugins\mcufinder//mcu/
2024-09-14 00:17:08,787 [WARN] DbFile:35 - Overriding database path with different value: C:\Users\LAPTOP\.stmcufinder\plugins\mcufinder/ => C:\Users\LAPTOP\.stmcufinder\plugins\mcufinder
2024-09-14 00:17:08,787 [INFO] DbBoardsJson:57 - Set database path to: C:\Users\LAPTOP\.stmcufinder\plugins\mcufinder//mcu/
2024-09-14 00:17:08,791 [WARN] DbFile:35 - Overriding database path with different value: C:\Users\LAPTOP\.stmcufinder\plugins\mcufinder/ => C:\Users\LAPTOP\.stmcufinder\plugins\mcufinder
2024-09-14 00:17:08,792 [WARN] DbFile:35 - Overriding database path with different value: C:\Users\LAPTOP\.stmcufinder\plugins\mcufinder/ => C:\Users\LAPTOP\.stmcufinder\plugins\mcufinder
2024-09-14 00:17:08,792 [INFO] CrossReferenceDbSqlite:196 - Set database path to: C:\Users\LAPTOP\.stmcufinder\plugins\mcufinder//mcu/cs/
2024-09-14 00:17:08,792 [WARN] DbFile:35 - Overriding database path with different value: C:\Users\LAPTOP\.stmcufinder\plugins\mcufinder/ => C:\Users\LAPTOP\.stmcufinder\plugins\mcufinder
2024-09-14 00:17:08,792 [INFO] DbExamplesSqlite:767 - Set database path to: C:\Users\LAPTOP\.stmcufinder\plugins\mcufinder//mcu/
2024-09-14 00:17:08,801 [INFO] ApplicationProperties:181 - Using Application install path: D:\STM32CubeIDE\STM32CubeIDE_1.7.0\STM32CubeIDE\plugins\com.st.stm32cube.common.mx_6.3.0.202107141111
2024-09-14 00:17:08,801 [INFO] PluginManage:188 - Search for loadable plugins [exclusion list=, ]
2024-09-14 00:17:08,801 [INFO] PluginManage:302 - Check plugin analytics
2024-09-14 00:17:08,887 [INFO] AnalyticsPlugin:257 - Accepted Software Licenses: 
2024-09-14 00:17:08,887 [INFO] AnalyticsPlugin:259 - Accepted CMSIS Pack Licenses: 
2024-09-14 00:17:08,887 [INFO] AnalyticsPlugin:261 - Accepted Firmware Licenses: 
2024-09-14 00:17:08,887 [INFO] PluginManage:352 - Loaded plugin analytics (category:tool,tabindex:-1)
2024-09-14 00:17:08,887 [INFO] PluginManage:302 - Check plugin clock
2024-09-14 00:17:08,896 [INFO] PluginManage:352 - Loaded plugin clock (category:base,tabindex:2)
2024-09-14 00:17:08,896 [INFO] PluginManage:302 - Check plugin ddr
2024-09-14 00:17:08,896 [INFO] PluginManage:352 - Loaded plugin ddr (category:tool,tabindex:6)
2024-09-14 00:17:08,896 [INFO] PluginManage:302 - Check plugin filemanager
2024-09-14 00:17:08,987 [INFO] PluginManage:352 - Loaded plugin filemanager (category:base,tabindex:10)
2024-09-14 00:17:08,987 [INFO] PluginManage:302 - Check plugin ipmanager
2024-09-14 00:17:08,991 [INFO] PluginManage:352 - Loaded plugin ipmanager (category:base,tabindex:5)
2024-09-14 00:17:08,991 [INFO] PluginManage:302 - Check plugin pinoutandconfiguration
2024-09-14 00:17:08,997 [INFO] PluginManage:352 - Loaded plugin pinoutandconfiguration (category:base,tabindex:1)
2024-09-14 00:17:08,997 [INFO] PluginManage:302 - Check plugin pinoutconfig
2024-09-14 00:17:09,012 [INFO] PluginManage:352 - Loaded plugin pinoutconfig (category:base,tabindex:0)
2024-09-14 00:17:09,012 [INFO] PluginManage:302 - Check plugin power
2024-09-14 00:17:09,021 [INFO] PluginManage:352 - Loaded plugin power (category:power,tabindex:4)
2024-09-14 00:17:09,021 [INFO] PluginManage:302 - Check plugin projectmanager
2024-09-14 00:17:09,032 [INFO] PluginManage:352 - Loaded plugin projectmanager (category:projectmanager,tabindex:3)
2024-09-14 00:17:09,032 [INFO] PluginManage:302 - Check plugin thirdparty
2024-09-14 00:17:09,101 [WARN] IntegrityCheckThread:78 - waiting for thirdparty lock release [integrity check]
2024-09-14 00:17:09,101 [INFO] PluginManage:352 - Loaded plugin thirdparty (category:base,tabindex:-1)
2024-09-14 00:17:09,101 [INFO] IntegrityCheckThread:80 - entering critical section [integrity check]
2024-09-14 00:17:09,101 [INFO] PluginManage:302 - Check plugin tools
2024-09-14 00:17:09,101 [INFO] ThirdPartyUpdaterWithRetryManager:66 - Updater plugin not ready yet. [1/15]
2024-09-14 00:17:09,101 [INFO] PluginManage:352 - Loaded plugin tools (category:base,tabindex:7)
2024-09-14 00:17:09,101 [INFO] PluginManage:302 - Check plugin tutovideos
2024-09-14 00:17:09,222 [INFO] PluginManage:352 - Loaded plugin tutovideos (category:base,tabindex:-1)
2024-09-14 00:17:09,222 [INFO] PluginManage:302 - Check plugin updater
2024-09-14 00:17:09,231 [INFO] PluginManage:352 - Loaded plugin updater (category:base,tabindex:12)
2024-09-14 00:17:09,231 [INFO] PluginManage:275 - PluginManage : Loaded plugins [13]
2024-09-14 00:17:09,333 [INFO] PinOutPanel:1463 - setPackage(No Configuration,No Configuration)
2024-09-14 00:17:09,396 [INFO] IPUIPlugin:74 - create IPUIPlugin
2024-09-14 00:17:09,396 [INFO] PluginManager:213 - loadIPPluginJar : add adc
2024-09-14 00:17:09,396 [INFO] IPUIPlugin:74 - create IPUIPlugin
2024-09-14 00:17:09,396 [INFO] PluginManager:213 - loadIPPluginJar : add aes
2024-09-14 00:17:09,401 [INFO] IPUIPlugin:74 - create IPUIPlugin
2024-09-14 00:17:09,401 [INFO] PluginManager:213 - loadIPPluginJar : add can
2024-09-14 00:17:09,401 [INFO] IPUIPlugin:74 - create IPUIPlugin
2024-09-14 00:17:09,401 [INFO] PluginManager:213 - loadIPPluginJar : add comp
2024-09-14 00:17:09,401 [INFO] IPUIPlugin:74 - create IPUIPlugin
2024-09-14 00:17:09,401 [INFO] PluginManager:213 - loadIPPluginJar : add cryp
2024-09-14 00:17:09,406 [INFO] IPUIPlugin:74 - create IPUIPlugin
2024-09-14 00:17:09,406 [INFO] PluginManager:213 - loadIPPluginJar : add dfsdm
2024-09-14 00:17:09,412 [INFO] IPUIPlugin:74 - create IPUIPlugin
2024-09-14 00:17:09,412 [INFO] PluginManager:213 - loadIPPluginJar : add dma
2024-09-14 00:17:09,412 [INFO] IPUIPlugin:74 - create IPUIPlugin
2024-09-14 00:17:09,412 [INFO] PluginManager:213 - loadIPPluginJar : add dma3
2024-09-14 00:17:09,412 [INFO] IPUIPlugin:74 - create IPUIPlugin
2024-09-14 00:17:09,412 [INFO] PluginManager:213 - loadIPPluginJar : add fatfs
2024-09-14 00:17:09,412 [INFO] IPUIPlugin:74 - create IPUIPlugin
2024-09-14 00:17:09,421 [INFO] PluginManager:213 - loadIPPluginJar : add fmc
2024-09-14 00:17:09,421 [INFO] IPUIPlugin:74 - create IPUIPlugin
2024-09-14 00:17:09,421 [INFO] PluginManager:213 - loadIPPluginJar : add freertos
2024-09-14 00:17:09,421 [INFO] IPUIPlugin:74 - create IPUIPlugin
2024-09-14 00:17:09,421 [INFO] PluginManager:213 - loadIPPluginJar : add genericplugin
2024-09-14 00:17:09,428 [INFO] IPUIPlugin:74 - create IPUIPlugin
2024-09-14 00:17:09,428 [INFO] PluginManager:213 - loadIPPluginJar : add gfxmmu
2024-09-14 00:17:09,431 [INFO] IPUIPlugin:74 - create IPUIPlugin
2024-09-14 00:17:09,431 [INFO] PluginManager:213 - loadIPPluginJar : add gic
2024-09-14 00:17:09,436 [INFO] IPUIPlugin:74 - create IPUIPlugin
2024-09-14 00:17:09,436 [INFO] PluginManager:213 - loadIPPluginJar : add gpio
2024-09-14 00:17:09,436 [INFO] IPUIPlugin:74 - create IPUIPlugin
2024-09-14 00:17:09,436 [INFO] PluginManager:213 - loadIPPluginJar : add gtzc
2024-09-14 00:17:09,441 [INFO] IPUIPlugin:74 - create IPUIPlugin
2024-09-14 00:17:09,441 [INFO] PluginManager:213 - loadIPPluginJar : add hash
2024-09-14 00:17:09,444 [INFO] IPUIPlugin:74 - create IPUIPlugin
2024-09-14 00:17:09,444 [INFO] PluginManager:213 - loadIPPluginJar : add i2c
2024-09-14 00:17:09,444 [INFO] IPUIPlugin:74 - create IPUIPlugin
2024-09-14 00:17:09,444 [INFO] PluginManager:213 - loadIPPluginJar : add i2s
2024-09-14 00:17:09,444 [INFO] IPUIPlugin:74 - create IPUIPlugin
2024-09-14 00:17:09,444 [INFO] PluginManager:213 - loadIPPluginJar : add ipddr
2024-09-14 00:17:09,451 [INFO] IPUIPlugin:74 - create IPUIPlugin
2024-09-14 00:17:09,451 [INFO] PluginManager:213 - loadIPPluginJar : add linkedlist
2024-09-14 00:17:09,456 [INFO] IPUIPlugin:74 - create IPUIPlugin
2024-09-14 00:17:09,456 [INFO] PluginManager:213 - loadIPPluginJar : add lorawan
2024-09-14 00:17:09,456 [INFO] IPUIPlugin:74 - create IPUIPlugin
2024-09-14 00:17:09,456 [INFO] PluginManager:213 - loadIPPluginJar : add ltdc
2024-09-14 00:17:09,459 [INFO] IPUIPlugin:74 - create IPUIPlugin
2024-09-14 00:17:09,459 [INFO] PluginManager:213 - loadIPPluginJar : add mdma
2024-09-14 00:17:09,461 [INFO] IPUIPlugin:74 - create IPUIPlugin
2024-09-14 00:17:09,461 [INFO] PluginManager:213 - loadIPPluginJar : add nvic
2024-09-14 00:17:09,461 [INFO] IPUIPlugin:74 - create IPUIPlugin
2024-09-14 00:17:09,461 [INFO] PluginManager:213 - loadIPPluginJar : add opamp
2024-09-14 00:17:09,466 [INFO] IPUIPlugin:74 - create IPUIPlugin
2024-09-14 00:17:09,466 [INFO] PluginManager:213 - loadIPPluginJar : add openamp
2024-09-14 00:17:09,466 [INFO] IPUIPlugin:74 - create IPUIPlugin
2024-09-14 00:17:09,466 [INFO] PluginManager:213 - loadIPPluginJar : add pdm2pcm
2024-09-14 00:17:09,475 [INFO] IPUIPlugin:74 - create IPUIPlugin
2024-09-14 00:17:09,475 [INFO] PluginManager:213 - loadIPPluginJar : add plateformsettings
2024-09-14 00:17:09,475 [INFO] IPUIPlugin:74 - create IPUIPlugin
2024-09-14 00:17:09,475 [INFO] PluginManager:213 - loadIPPluginJar : add quadspi
2024-09-14 00:17:09,481 [INFO] IPUIPlugin:74 - create IPUIPlugin
2024-09-14 00:17:09,481 [INFO] PluginManager:213 - loadIPPluginJar : add resmgrutility
2024-09-14 00:17:09,481 [INFO] IPUIPlugin:74 - create IPUIPlugin
2024-09-14 00:17:09,481 [INFO] PluginManager:213 - loadIPPluginJar : add sai
2024-09-14 00:17:09,487 [INFO] IPUIPlugin:74 - create IPUIPlugin
2024-09-14 00:17:09,487 [INFO] PluginManager:213 - loadIPPluginJar : add spi
2024-09-14 00:17:09,488 [INFO] IPUIPlugin:74 - create IPUIPlugin
2024-09-14 00:17:09,488 [INFO] PluginManager:213 - loadIPPluginJar : add stm32_wpan
2024-09-14 00:17:09,492 [INFO] IPUIPlugin:74 - create IPUIPlugin
2024-09-14 00:17:09,492 [INFO] PluginManager:213 - loadIPPluginJar : add tim
2024-09-14 00:17:09,492 [INFO] IPUIPlugin:74 - create IPUIPlugin
2024-09-14 00:17:09,492 [INFO] PluginManager:213 - loadIPPluginJar : add touchsensing
2024-09-14 00:17:09,492 [INFO] IPUIPlugin:74 - create IPUIPlugin
2024-09-14 00:17:09,492 [INFO] PluginManager:213 - loadIPPluginJar : add tracer_emb
2024-09-14 00:17:09,492 [INFO] IPUIPlugin:74 - create IPUIPlugin
2024-09-14 00:17:09,492 [INFO] PluginManager:213 - loadIPPluginJar : add ts
2024-09-14 00:17:09,492 [INFO] IPUIPlugin:74 - create IPUIPlugin
2024-09-14 00:17:09,492 [INFO] PluginManager:213 - loadIPPluginJar : add tsc
2024-09-14 00:17:09,492 [INFO] IPUIPlugin:74 - create IPUIPlugin
2024-09-14 00:17:09,492 [INFO] PluginManager:213 - loadIPPluginJar : add ucpd
2024-09-14 00:17:09,492 [INFO] IPUIPlugin:74 - create IPUIPlugin
2024-09-14 00:17:09,492 [INFO] PluginManager:213 - loadIPPluginJar : add usart
2024-09-14 00:17:09,502 [INFO] IPUIPlugin:74 - create IPUIPlugin
2024-09-14 00:17:09,502 [INFO] PluginManager:213 - loadIPPluginJar : add usbx
2024-09-14 00:17:09,701 [FATAL] Updater:294 - Updater called before beeing initialized
2024-09-14 00:17:09,766 [FATAL] Updater:294 - Updater called before beeing initialized
2024-09-14 00:17:09,766 [INFO] DbMcusAds:47 - JSON generation date=Thu May 16 16:22:00 ICT 2024 (1715851320667)
2024-09-14 00:17:09,766 [FATAL] Updater:294 - Updater called before beeing initialized
2024-09-14 00:17:09,789 [WARN] DetailPanel:314 - Failed to get advertising image, set to default
2024-09-14 00:17:09,888 [FATAL] Updater:294 - Updater called before beeing initialized
2024-09-14 00:17:09,891 [FATAL] Updater:294 - Updater called before beeing initialized
2024-09-14 00:17:09,891 [FATAL] Updater:294 - Updater called before beeing initialized
2024-09-14 00:17:09,891 [WARN] DetailPanel:314 - Failed to get advertising image, set to default
2024-09-14 00:17:09,891 [FATAL] Updater:294 - Updater called before beeing initialized
2024-09-14 00:17:09,931 [ERROR] Updater:1075 - MainUpdater not yet initialized. External WinMGr cannot be set.
2024-09-14 00:17:09,941 [INFO] Updater:1012 - Updater Version found : 6.3.0
2024-09-14 00:17:09,956 [INFO] ApplicationProperties:181 - Using Application install path: D:\STM32CubeIDE\STM32CubeIDE_1.7.0\STM32CubeIDE\plugins\com.st.stm32cube.common.mx_6.3.0.202107141111
2024-09-14 00:17:10,081 [INFO] MainUpdater:2671 - connection check result : 10
2024-09-14 00:17:10,081 [INFO] MainUpdater:265 - Updater Check For Update Now.
2024-09-14 00:17:10,081 [INFO] MicroXplorer:478 - Change Database Version : DB.6.0.30
2024-09-14 00:17:10,221 [INFO] CheckServerUpdateThread:112 - End of CheckServer Thread
2024-09-14 00:17:10,301 [INFO] MainUpdater:2671 - connection check result : 10
2024-09-14 00:17:10,413 [INFO] McuFinderGlobals:52 - Set McuFinderConnectedMode to false
2024-09-14 00:17:10,481 [INFO] CrossSelectorPresenter:1330 - Cross Selector saved comparison directory: C:\Users\LAPTOP\.stmcufinder\plugins\mcufinder\mcu\cs_comparisons_mx
2024-09-14 00:17:10,487 [INFO] MultiScanPanel:197 - Auto-refresh data requested => check proxy status ongoing
2024-09-14 00:17:10,487 [INFO] MultiScanPanel:201 - Proxy status is invalid
2024-09-14 00:17:10,489 [INFO] FinderPluginLoader:87 - Searching for filters in installed packs
2024-09-14 00:17:10,491 [INFO] DbMcusXml:100 - Load MCU database from D:\STM32CubeIDE\STM32CubeIDE_1.7.0\STM32CubeIDE\plugins\com.st.stm32cube.common.mx_6.3.0.202107141111\\db\/mcu/families.xml
2024-09-14 00:17:11,093 [INFO] DbMcusJson:93 - JSON generation date=Tue Nov 16 23:17:54 ICT 2021 (1637079474)
2024-09-14 00:17:11,635 [INFO] DbMcus:175 - Found 1951 MCUs (1903 are supported by CubeMX, 1914 are visible in CubeMX)
2024-09-14 00:17:11,635 [INFO] ApiDb:251 - Load user favorites file C:\Users\LAPTOP/.stm32cubeide/favorites.mcus.txt: 0 item(s)
2024-09-14 00:17:11,635 [INFO] ApiDb:255 - User favorites MCUs=[]
2024-09-14 00:17:11,635 [INFO] DbMcus:187 - Set 0 / 0 favorites MCUs
2024-09-14 00:17:12,034 [INFO] DetailPanel:309 - Set advertising image to C:/Users/LAPTOP/STM32Cube/Repository/\en.prom-stm32h7rs-mcu-finder.jpg
2024-09-14 00:17:12,166 [WARN] PackLoader:238 - Cannot read IP mode file for STMicroelectronics.X-CUBE-GNSS1.6.0.0
2024-09-14 00:17:12,176 [WARN] PackLoader:238 - Cannot read IP mode file for WES.I-CUBE-Cesium.1.3.0
2024-09-14 00:17:12,181 [WARN] PackLoader:238 - Cannot read IP mode file for STMicroelectronics.X-CUBE-GNSS1.7.0.0
2024-09-14 00:17:12,191 [ERROR] Engine:463 - C:\Users\LAPTOP\.stm32cubemx\thirdparties\pdsc\EmbeddedOffice.I-CUBE-FS-RTOS.1.0.1.pdsc: PDSC version is not supported
2024-09-14 00:17:12,192 [ERROR] Engine:463 - C:\Users\LAPTOP\.stm32cubemx\thirdparties\pdsc\Cesanta.I-CUBE-Mongoose.7.13.0.pdsc: PDSC version is not supported
2024-09-14 00:17:12,192 [ERROR] Engine:463 - C:\Users\LAPTOP\.stm32cubemx\thirdparties\pdsc\ITTIA_DB.I-CUBE-ITTIADB.8.9.0.pdsc: PDSC version is not supported
2024-09-14 00:17:12,192 [ERROR] Engine:463 - C:\Users\LAPTOP\.stm32cubemx\thirdparties\pdsc\Infineon.AIROC-Wi-Fi-Bluetooth-STM32.1.6.1.pdsc: PDSC version is not supported
2024-09-14 00:17:12,192 [INFO] ThirdParty:915 - Integrity check success = true
2024-09-14 00:17:12,192 [INFO] IntegrityCheckThread:94 - exiting critical section [integrity check]
2024-09-14 00:17:12,192 [INFO] IntegrityCheckThread:97 - End integrity checks thread
2024-09-14 00:17:12,368 [INFO] DbBoardsPdsc:90 - Found 25 items
2024-09-14 00:17:12,368 [INFO] DbBoardsPdsc:90 - Found 9 items
2024-09-14 00:17:12,371 [INFO] DbBoardsPdsc:90 - Found 33 items
2024-09-14 00:17:12,371 [INFO] DbBoardsPdsc:90 - Found 1 items
2024-09-14 00:17:12,371 [INFO] DbBoardsPdsc:90 - Found 48 items
2024-09-14 00:17:12,382 [INFO] DbBoardsPdsc:90 - Found 43 items
2024-09-14 00:17:12,385 [INFO] DbBoardsPdsc:90 - Found 2 items
2024-09-14 00:17:12,385 [INFO] DbBoardsPdsc:90 - Found 5 items
2024-09-14 00:17:12,385 [WARN] DbBoardsPdsc:254 - Board STM32H7B3I-DK: unknown feature type=Audio, name=, username=Audio stereo codec with Headphone Amp (CS42L51-CNZ), n=1
2024-09-14 00:17:12,385 [WARN] DbBoardsPdsc:254 - Board STM32H735G-DK: unknown feature type=Audio, name=, username=Audio stereo codec with Headphone Amp (WM8994ECS/R), n=1
2024-09-14 00:17:12,385 [WARN] DbBoardsPdsc:254 - Board STM32H7B3I-EVAL: unknown feature type=Audio, name=, username=Multi-Channel Audio Codec (CS42L51-CNZ), n=1
2024-09-14 00:17:12,385 [WARN] DbBoardsPdsc:254 - Board STM32H7B3I-EVAL: unknown feature type=Meter, name=, username=Power-metering and Temperature-monitoring with sigma-delta modulators, n=1
2024-09-14 00:17:12,385 [WARN] DbBoardsPdsc:254 - Board STM32H7B3I-EVAL: unknown feature type=Motor, name=, username=Motor Control, n=1
2024-09-14 00:17:12,390 [WARN] DbBoardsPdsc:254 - Board STM32U575I-EV: unknown feature type=joystick, name=, username=4-direction joystick with selection button, n=1
2024-09-14 00:17:12,406 [INFO] DbBoardsJson:86 - JSON generation date=Tue Nov 16 23:17:54 ICT 2021 (1637079474)
2024-09-14 00:17:12,412 [INFO] DbBoards:117 - Found 167 boards (163 are supported by CubeMX)
2024-09-14 00:17:12,412 [INFO] DbBoardsDocs:143 - JSON generation date=Tue Nov 16 23:17:54 ICT 2021 (1637079474)
2024-09-14 00:17:12,417 [INFO] DbBoardsDocs:79 - Found 209 boards documents
2024-09-14 00:17:12,417 [WARN] DbBoards:127 - board B-L475E-IOT01A2 has no document id list !
2024-09-14 00:17:12,417 [WARN] DbBoards:127 - board NUCLEO-H743ZI has no document id list !
2024-09-14 00:17:12,417 [WARN] DbBoards:127 - board NUCLEO-WL55JC2 has no document id list !
2024-09-14 00:17:12,417 [WARN] DbBoards:127 - board P-NUCLEO-WB55-Nucleo has no document id list !
2024-09-14 00:17:12,417 [WARN] DbBoards:127 - board P-NUCLEO-WB55-USBDongle has no document id list !
2024-09-14 00:17:12,417 [WARN] DbBoards:127 - board STEVAL-BFA001V1B has no document id list !
2024-09-14 00:17:12,417 [WARN] DbBoards:127 - board STEVAL-BFA001V2B has no document id list !
2024-09-14 00:17:12,417 [WARN] DbBoards:127 - board STEVAL-IDP005V1 has no document id list !
2024-09-14 00:17:12,417 [WARN] DbBoards:127 - board STEVAL-IDP005V2 has no document id list !
2024-09-14 00:17:12,417 [WARN] DbBoards:127 - board STEVAL-MKSBOX1V1 has no document id list !
2024-09-14 00:17:12,417 [WARN] DbBoards:127 - board STEVAL-STWINKT1 has no document id list !
2024-09-14 00:17:12,417 [WARN] DbBoards:127 - board STEVAL-STWINKT1B has no document id list !
2024-09-14 00:17:12,417 [WARN] DbBoards:127 - board STM32439I-EVAL2 has no document id list !
2024-09-14 00:17:12,417 [WARN] DbBoards:127 - board STM32F401C-DISCO has no document id list !
2024-09-14 00:17:12,417 [WARN] DbBoards:127 - board STM32F769I-DISC1 has no document id list !
2024-09-14 00:17:12,417 [WARN] DbBoards:127 - board STM32G474E-EVAL1 has no document id list !
2024-09-14 00:17:12,417 [WARN] DbBoards:127 - board STM32H743I-EVAL2 has no document id list !
2024-09-14 00:17:12,417 [WARN] DbBoards:127 - board STM32H747I-DISC1 has no document id list !
2024-09-14 00:17:12,421 [WARN] DbBoards:127 - board STM32H753I-EVAL2 has no document id list !
2024-09-14 00:17:12,421 [WARN] DbBoards:127 - board STM32L-DISCOVERY has no document id list !
2024-09-14 00:17:12,543 [ERROR] DbBoards:189 - Image file not found for board B-U585I-IOT02A: D:\STM32CubeIDE\STM32CubeIDE_1.7.0\STM32CubeIDE\plugins\com.st.stm32cube.common.mx_6.3.0.202107141111\\db\/plugins/mcufinder/images/boards/B-U585I-IOT02A_small.jpg
2024-09-14 00:17:12,611 [ERROR] DbBoards:189 - Image file not found for board NUCLEO-F413ZH: D:\STM32CubeIDE\STM32CubeIDE_1.7.0\STM32CubeIDE\plugins\com.st.stm32cube.common.mx_6.3.0.202107141111\\db\/plugins/mcufinder/images/boards/nucleo-f413zh_small.jpg
2024-09-14 00:17:12,749 [ERROR] DbBoards:189 - Image file not found for board NUCLEO-L552ZE-Q: D:\STM32CubeIDE\STM32CubeIDE_1.7.0\STM32CubeIDE\plugins\com.st.stm32cube.common.mx_6.3.0.202107141111\\db\/plugins/mcufinder/images/boards/nucleo_l552ze_q_small.jpg
2024-09-14 00:17:12,749 [ERROR] DbBoards:189 - Image file not found for board NUCLEO-U575ZI-Q: D:\STM32CubeIDE\STM32CubeIDE_1.7.0\STM32CubeIDE\plugins\com.st.stm32cube.common.mx_6.3.0.202107141111\\db\/plugins/mcufinder/images/boards/nucleo-u575zi-q_small.jpg
2024-09-14 00:17:12,749 [ERROR] DbBoards:189 - Image file not found for board NUCLEO-WB15CC: D:\STM32CubeIDE\STM32CubeIDE_1.7.0\STM32CubeIDE\plugins\com.st.stm32cube.common.mx_6.3.0.202107141111\\db\/plugins/mcufinder/images/boards/nucleo-wb15cc_small.jpg
2024-09-14 00:17:12,749 [ERROR] DbBoards:189 - Image file not found for board NUCLEO-WB55RG: D:\STM32CubeIDE\STM32CubeIDE_1.7.0\STM32CubeIDE\plugins\com.st.stm32cube.common.mx_6.3.0.202107141111\\db\/plugins/mcufinder/images/boards/nucleo-wb55rg_small.jpg
2024-09-14 00:17:13,511 [INFO] ApiDb:251 - Load user favorites file C:\Users\LAPTOP/.stm32cubeide/favorites.boards.txt: 0 item(s)
2024-09-14 00:17:13,511 [INFO] ApiDb:255 - User favorites Boards=[]
2024-09-14 00:17:13,511 [INFO] DbBoards:206 - Set 0 / 0 favorites Boards
2024-09-14 00:17:32,121 [INFO] DbMcusDocs:143 - JSON generation date=Tue Nov 16 23:17:54 ICT 2021 (1637079474)
2024-09-14 00:17:32,292 [INFO] DbMcusDocs:79 - Found 682 MCUs documents
2024-09-14 00:18:35,961 [WARN] IntegrityCheckThread:78 - waiting for thirdparty lock release [integrity check]
2024-09-14 00:18:35,961 [INFO] IntegrityCheckThread:80 - entering critical section [integrity check]
2024-09-14 00:18:36,041 [WARN] PackLoader:238 - Cannot read IP mode file for STMicroelectronics.X-CUBE-GNSS1.6.0.0
2024-09-14 00:18:36,051 [WARN] PackLoader:238 - Cannot read IP mode file for WES.I-CUBE-Cesium.1.3.0
2024-09-14 00:18:36,062 [WARN] PackLoader:238 - Cannot read IP mode file for STMicroelectronics.X-CUBE-GNSS1.7.0.0
2024-09-14 00:18:36,068 [ERROR] Engine:463 - C:\Users\LAPTOP\.stm32cubemx\thirdparties\pdsc\EmbeddedOffice.I-CUBE-FS-RTOS.1.0.1.pdsc: PDSC version is not supported
2024-09-14 00:18:36,070 [ERROR] Engine:463 - C:\Users\LAPTOP\.stm32cubemx\thirdparties\pdsc\Cesanta.I-CUBE-Mongoose.7.13.0.pdsc: PDSC version is not supported
2024-09-14 00:18:36,071 [ERROR] Engine:463 - C:\Users\LAPTOP\.stm32cubemx\thirdparties\pdsc\ITTIA_DB.I-CUBE-ITTIADB.8.9.0.pdsc: PDSC version is not supported
2024-09-14 00:18:36,081 [ERROR] Engine:463 - C:\Users\LAPTOP\.stm32cubemx\thirdparties\pdsc\Infineon.AIROC-Wi-Fi-Bluetooth-STM32.1.6.1.pdsc: PDSC version is not supported
2024-09-14 00:18:36,081 [INFO] ThirdParty:915 - Integrity check success = true
2024-09-14 00:18:36,084 [INFO] IntegrityCheckThread:94 - exiting critical section [integrity check]
2024-09-14 00:18:36,084 [INFO] IntegrityCheckThread:97 - End integrity checks thread
2024-09-14 00:19:03,596 [INFO] MainUpdater:2671 - connection check result : 10
2024-09-14 00:19:55,878 [INFO] MainUpdater:2671 - connection check result : 10
2024-09-14 00:19:55,878 [INFO] MainUpdater:2671 - connection check result : 10
2024-09-14 00:19:55,900 [INFO] MicroXplorer:448 - Change Database Path : 
2024-09-14 00:19:55,900 [INFO] MicroXplorer:478 - Change Database Version : DB.6.0.30
2024-09-14 00:19:55,901 [WARN] ThirdParty:813 - waiting for thirdparty lock release [close project]
2024-09-14 00:19:55,901 [INFO] ThirdParty:815 - entering critical section [close project]
2024-09-14 00:19:55,901 [INFO] ThirdParty:825 - exiting critical section [close project]
2024-09-14 00:19:55,903 [INFO] PinOutPanel:1463 - setPackage(No Configuration,No Configuration)
2024-09-14 00:19:55,904 [INFO] UtilMem:74 - Begin LoadConfig() Used Memory: 868006064 Bytes (898629632)
2024-09-14 00:19:55,905 [INFO] MicroXplorer:448 - Change Database Path : 
2024-09-14 00:19:55,905 [INFO] MicroXplorer:478 - Change Database Version : DB.6.0.30
2024-09-14 00:19:55,905 [INFO] OpenFileManager:313 - Change cursor
2024-09-14 00:19:56,652 [INFO] Context:592 - Trying to add GPIOservice into a context  which must be forbidden
2024-09-14 00:19:56,833 [INFO] ImportTextPane:167 - (OptionalMessage_ERROR) Unable to find key (Mcu.ThirdPartyNb) in loaded IOC file
2024-09-14 00:19:56,833 [INFO] ImportTextPane:167 - (OptionalMessage_ERROR) Unable to find key (Mcu.PinsNb) in loaded IOC file
2024-09-14 00:19:56,833 [INFO] ImportTextPane:167 - (OptionalMessage_ERROR) Unable to find key (Mcu.IPNb) in loaded IOC file
2024-09-14 00:19:56,864 [WARN] ApiManager:304 - Cannot register API 'Board Extension:GNSS1A1' from pack STMicroelectronics.X-CUBE-GNSS1.6.0.0: no header file found
2024-09-14 00:19:56,864 [WARN] ApiManager:304 - Cannot register API 'Board Support:Custom' from pack STMicroelectronics.X-CUBE-GNSS1.6.0.0: no header file found
2024-09-14 00:19:56,864 [WARN] ApiManager:304 - Cannot register API 'Data Exchange:lib_gnss' from pack STMicroelectronics.X-CUBE-GNSS1.6.0.0: no header file found
2024-09-14 00:19:56,869 [INFO] RtosManager:484 - Registered RTOS mode: class=CMSIS, group=RTOS, mode=CMSIS_V1, owner=FREERTOS
2024-09-14 00:19:56,869 [INFO] RtosManager:484 - Registered RTOS mode: class=CMSIS, group=RTOS2, mode=CMSIS_V2, owner=FREERTOS
2024-09-14 00:19:56,869 [INFO] RtosManager:484 - Registered RTOS mode: class=RTOS, group=Core, mode=CMSIS_V1, owner=FREERTOS
2024-09-14 00:19:56,869 [INFO] RtosManager:484 - Registered RTOS mode: class=RTOS, group=Core, mode=CMSIS_V2, owner=FREERTOS
2024-09-14 00:19:56,869 [WARN] ModelIntegratedComponent:181 - Missing modes for component STMicroelectronics:FreeRTOS:0.0.1:STMicroelectronics:RTOS:FreeRTOS:Core:::10.2.0:
2024-09-14 00:19:56,871 [WARN] ModelIntegratedComponent:60 - No mode defined for component null
2024-09-14 00:19:56,871 [WARN] ModelIntegratedComponent:60 - No mode defined for component null
2024-09-14 00:19:56,871 [WARN] ModelIntegratedComponent:60 - No mode defined for component null
2024-09-14 00:19:56,871 [WARN] ModelIntegratedComponent:60 - No mode defined for component null
2024-09-14 00:19:56,871 [WARN] ModelIntegratedComponent:60 - No mode defined for component null
2024-09-14 00:19:56,871 [WARN] ModelIntegratedComponent:60 - No mode defined for component null
2024-09-14 00:19:56,872 [WARN] ModelIntegratedComponent:60 - No mode defined for component null
2024-09-14 00:19:56,872 [WARN] ModelIntegratedComponent:60 - No mode defined for component null
2024-09-14 00:19:56,872 [WARN] ModelIntegratedComponent:60 - No mode defined for component null
2024-09-14 00:19:56,872 [WARN] ModelIntegratedComponent:60 - No mode defined for component null
2024-09-14 00:19:56,872 [WARN] ModelIntegratedComponent:60 - No mode defined for component null
2024-09-14 00:19:56,872 [WARN] ModelIntegratedComponent:60 - No mode defined for component null
2024-09-14 00:19:56,872 [WARN] ModelIntegratedComponent:60 - No mode defined for component null
2024-09-14 00:19:56,872 [WARN] ModelIntegratedComponent:60 - No mode defined for component null
2024-09-14 00:19:56,872 [WARN] ModelIntegratedComponent:60 - No mode defined for component null
2024-09-14 00:19:56,872 [WARN] ModelIntegratedComponent:60 - No mode defined for component null
2024-09-14 00:19:56,872 [WARN] ModelIntegratedComponent:60 - No mode defined for component null
2024-09-14 00:19:56,872 [WARN] ModelIntegratedComponent:60 - No mode defined for component null
2024-09-14 00:19:56,872 [WARN] ModelIntegratedComponent:60 - No mode defined for component null
2024-09-14 00:19:56,872 [WARN] ModelIntegratedComponent:60 - No mode defined for component null
2024-09-14 00:19:56,872 [WARN] ModelIntegratedComponent:60 - No mode defined for component null
2024-09-14 00:19:56,872 [WARN] ModelIntegratedComponent:60 - No mode defined for component null
2024-09-14 00:19:56,872 [WARN] ModelIntegratedComponent:60 - No mode defined for component null
2024-09-14 00:19:56,872 [WARN] ModelIntegratedComponent:60 - No mode defined for component null
2024-09-14 00:19:56,873 [WARN] ModelIntegratedComponent:60 - No mode defined for component null
2024-09-14 00:19:56,873 [WARN] ModelIntegratedComponent:60 - No mode defined for component null
2024-09-14 00:19:56,873 [WARN] ModelIntegratedComponent:60 - No mode defined for component null
2024-09-14 00:19:56,873 [WARN] ModelIntegratedComponent:60 - No mode defined for component null
2024-09-14 00:19:56,873 [WARN] ModelIntegratedComponent:60 - No mode defined for component null
2024-09-14 00:19:56,873 [WARN] ModelIntegratedComponent:60 - No mode defined for component null
2024-09-14 00:19:56,873 [WARN] ModelIntegratedComponent:60 - No mode defined for component null
2024-09-14 00:19:56,875 [WARN] ApiManager:304 - Cannot register API 'Board Extension:GNSS1A1' from pack STMicroelectronics.X-CUBE-GNSS1.7.0.0: no header file found
2024-09-14 00:19:56,875 [WARN] ApiManager:304 - Cannot register API 'Board Support:Custom' from pack STMicroelectronics.X-CUBE-GNSS1.7.0.0: no header file found
2024-09-14 00:19:56,876 [WARN] ApiManager:304 - Cannot register API 'Data Exchange:lib_gnss' from pack STMicroelectronics.X-CUBE-GNSS1.7.0.0: no header file found
2024-09-14 00:19:56,962 [INFO] UtilMem:74 - End LoadConfig() Used Memory: 798766424 Bytes (902823936)
2024-09-14 00:19:56,964 [WARN] ThirdParty:779 - waiting for thirdparty lock release [change project]
2024-09-14 00:19:56,964 [INFO] ThirdParty:781 - entering critical section [change project]
2024-09-14 00:19:56,964 [INFO] ThirdParty:967 - CMSIS Pack Vendor :STMicroelectronics X-CUBE-GNSS1 6.0.0
2024-09-14 00:19:56,964 [INFO] ThirdParty:967 - CMSIS Pack Vendor :STMicroelectronics USB_HOST 2.0.0
2024-09-14 00:19:56,964 [INFO] ThirdParty:967 - CMSIS Pack Vendor :STMicroelectronics FreeRTOS 0.0.1
2024-09-14 00:19:56,964 [INFO] ThirdParty:967 - CMSIS Pack Vendor :STMicroelectronics USB_DEVICE 1.0.0
2024-09-14 00:19:56,964 [INFO] ThirdParty:967 - CMSIS Pack Vendor :STMicroelectronics USB_DEVICE 3.0.0
2024-09-14 00:19:56,964 [INFO] ThirdParty:967 - CMSIS Pack Vendor :STMicroelectronics HAL Drivers 0.0.0
2024-09-14 00:19:56,964 [INFO] ThirdParty:967 - CMSIS Pack Vendor :STMicroelectronics MBEDTLS 2.16.2
2024-09-14 00:19:56,964 [INFO] ThirdParty:967 - CMSIS Pack Vendor :STMicroelectronics ThreadX 0.0.2
2024-09-14 00:19:56,964 [INFO] ThirdParty:967 - CMSIS Pack Vendor :WES I-CUBE-Cesium 1.3.0
2024-09-14 00:19:56,964 [INFO] ThirdParty:967 - CMSIS Pack Vendor :STMicroelectronics lwIP 2.0.3
2024-09-14 00:19:56,964 [INFO] ThirdParty:967 - CMSIS Pack Vendor :STMicroelectronics lwIP 2.1.2
2024-09-14 00:19:56,964 [INFO] ThirdParty:967 - CMSIS Pack Vendor :STMicroelectronics X-CUBE-GNSS1 7.0.0
2024-09-14 00:19:56,964 [INFO] ThirdParty:967 - CMSIS Pack Vendor :STMicroelectronics MBEDTLS 2.14.1
2024-09-14 00:19:56,964 [INFO] ThirdParty:967 - CMSIS Pack Vendor :STMicroelectronics USB_HOST 1.0.0
2024-09-14 00:19:56,964 [INFO] ThirdParty:967 - CMSIS Pack Vendor :STMicroelectronics PDM2PCM 3.1.0
2024-09-14 00:19:56,964 [INFO] ThirdParty:967 - CMSIS Pack Vendor :STMicroelectronics PDM2PCM 3.2.0
2024-09-14 00:19:56,964 [INFO] ThirdParty:967 - CMSIS Pack Vendor :STMicroelectronics USB_DEVICE 2.0.0
2024-09-14 00:19:56,964 [INFO] ThirdParty:967 - CMSIS Pack Vendor :STMicroelectronics PDM2PCM 3.3.0
2024-09-14 00:19:56,965 [INFO] ThirdParty:787 - exiting critical section [change project]
2024-09-14 00:19:57,165 [INFO] PinOutPanel:1463 - setPackage(No Configuration,No Configuration)
2024-09-14 00:19:57,167 [INFO] PinOutPanel:1463 - setPackage(STM32F103C6Tx,LQFP48)
2024-09-14 00:19:57,553 [INFO] UtilMem:74 - Before build in PCC Used Memory: 773610448 Bytes (902823936)
2024-09-14 00:19:57,924 [INFO] UtilMem:74 - After build in PCC Used Memory: 777988736 Bytes (902823936)
2024-09-14 00:19:57,939 [INFO] IPUIPlugin:74 - create IPUIPlugin
2024-09-14 00:19:57,939 [INFO] IPUIPlugin:74 - create IPUIPlugin
2024-09-14 00:19:57,939 [INFO] IPUIPlugin:74 - create IPUIPlugin
2024-09-14 00:19:57,939 [INFO] IPUIPlugin:74 - create IPUIPlugin
2024-09-14 00:19:57,939 [INFO] IPUIPlugin:74 - create IPUIPlugin
2024-09-14 00:19:57,939 [INFO] IPUIPlugin:74 - create IPUIPlugin
2024-09-14 00:19:57,939 [INFO] IPUIPlugin:74 - create IPUIPlugin
2024-09-14 00:19:57,940 [INFO] IPUIPlugin:74 - create IPUIPlugin
2024-09-14 00:19:57,940 [INFO] IPUIPlugin:74 - create IPUIPlugin
2024-09-14 00:19:57,940 [INFO] IPUIPlugin:74 - create IPUIPlugin
2024-09-14 00:19:57,940 [INFO] IPUIPlugin:74 - create IPUIPlugin
2024-09-14 00:19:57,940 [INFO] IPUIPlugin:74 - create IPUIPlugin
2024-09-14 00:19:57,940 [INFO] IPUIPlugin:74 - create IPUIPlugin
2024-09-14 00:19:57,940 [INFO] IPUIPlugin:74 - create IPUIPlugin
2024-09-14 00:19:57,940 [INFO] IPUIPlugin:74 - create IPUIPlugin
2024-09-14 00:19:57,941 [INFO] IPUIPlugin:74 - create IPUIPlugin
2024-09-14 00:19:57,941 [INFO] IPUIPlugin:74 - create IPUIPlugin
2024-09-14 00:19:57,941 [INFO] IPUIPlugin:74 - create IPUIPlugin
2024-09-14 00:19:57,941 [INFO] IPUIPlugin:74 - create IPUIPlugin
2024-09-14 00:19:57,941 [INFO] IPUIPlugin:74 - create IPUIPlugin
2024-09-14 00:19:57,941 [INFO] IPUIPlugin:74 - create IPUIPlugin
2024-09-14 00:19:57,941 [INFO] IPUIPlugin:74 - create IPUIPlugin
2024-09-14 00:19:57,941 [INFO] IPUIPlugin:74 - create IPUIPlugin
2024-09-14 00:19:58,012 [INFO] OpenFileManager:333 - Restore cursor
2024-09-14 00:19:58,290 [INFO] UtilMem:74 - End SaveConfig() Used Memory: 801760104 Bytes (902823936)
2024-09-14 00:19:58,793 [INFO] ServerAccessManage:362 - Download File stm32cube_fw_f1_v180.zip
2024-09-14 00:20:07,805 [ERROR] FileExtend:450 - File entry not found
2024-09-14 00:20:07,805 [INFO] FileExtend:235 - Unzip File : stm32cube_fw_f1_v180.zip
2024-09-14 00:20:07,806 [INFO] FileExtend:250 - Standard Zip Deflate
2024-09-14 00:20:52,261 [INFO] ServerAccessManage:362 - Download File stm32cube_fw_f1_v186.zip
2024-09-14 00:20:55,881 [INFO] FileExtend:235 - Unzip File : stm32cube_fw_f1_v186.zip
2024-09-14 00:20:55,882 [INFO] FileExtend:250 - Standard Zip Deflate
2024-09-14 00:21:16,707 [INFO] LoadServerPackagesThread:180 - End of LoadServerPackages Thread
2024-09-14 00:21:16,854 [INFO] CheckServerUpdateThread:112 - End of CheckServer Thread
2024-09-14 00:21:16,858 [INFO] UtilMem:74 - End SaveConfig() Used Memory: 952294960 Bytes (1073741824)
2024-09-14 00:21:17,149 [INFO] BlockDiagram:2740 - set Specific Code input for plugin: NVIC
2024-09-14 00:21:17,150 [INFO] BlockDiagram:2740 - set Specific Code input for plugin: SYS
2024-09-14 00:21:17,150 [INFO] BlockDiagram:2740 - set Specific Code input for plugin: RCC
2024-09-14 00:21:17,150 [INFO] CodeGenerator:663 - code generatio: config db path: D:\STM32CubeIDE\STM32CubeIDE_1.7.0\STM32CubeIDE\plugins\com.st.stm32cube.common.mx_6.3.0.202107141111\\db\
2024-09-14 00:21:17,562 [INFO] CodeEngine:239 - oldGeneratedFile, D:\Study_Space\BKU\HK241\microprocessor\lab1_ex4\EX4\MXTmpFiles\license.tmp_save
2024-09-14 00:21:18,127 [INFO] CodeEngine:257 - Generated code: D:\Study_Space\BKU\HK241\microprocessor\lab1_ex4\EX4\MXTmpFiles\license.tmp
2024-09-14 00:21:18,202 [INFO] CodeEngine:239 - oldGeneratedFile, D:\Study_Space\BKU\HK241\microprocessor\lab1_ex4\EX4\Core\Src\stm32f1xx_it.c_save
2024-09-14 00:21:18,602 [INFO] CodeEngine:257 - Generated code: D:\Study_Space\BKU\HK241\microprocessor\lab1_ex4\EX4\Core\Src\stm32f1xx_it.c
2024-09-14 00:21:18,604 [INFO] CodeEngine:239 - oldGeneratedFile, D:\Study_Space\BKU\HK241\microprocessor\lab1_ex4\EX4\Core\Inc\stm32f1xx_it.h_save
2024-09-14 00:21:18,999 [INFO] CodeEngine:257 - Generated code: D:\Study_Space\BKU\HK241\microprocessor\lab1_ex4\EX4\Core\Inc\stm32f1xx_it.h
2024-09-14 00:21:19,003 [INFO] CodeEngine:239 - oldGeneratedFile, D:\Study_Space\BKU\HK241\microprocessor\lab1_ex4\EX4\Core\Src\stm32f1xx_hal_msp.c_save
2024-09-14 00:21:19,099 [INFO] CodeEngine:257 - Generated code: D:\Study_Space\BKU\HK241\microprocessor\lab1_ex4\EX4\Core\Src\stm32f1xx_hal_msp.c
2024-09-14 00:21:19,100 [INFO] CodeEngine:239 - oldGeneratedFile, D:\Study_Space\BKU\HK241\microprocessor\lab1_ex4\EX4\MXTmpFiles\system.tmp_save
2024-09-14 00:21:19,147 [INFO] CodeEngine:257 - Generated code: D:\Study_Space\BKU\HK241\microprocessor\lab1_ex4\EX4\MXTmpFiles\system.tmp
2024-09-14 00:21:19,152 [INFO] CodeEngine:239 - oldGeneratedFile, D:\Study_Space\BKU\HK241\microprocessor\lab1_ex4\EX4\Core\Inc\stm32f1xx_hal_conf.h_save
2024-09-14 00:21:19,293 [INFO] CodeEngine:257 - Generated code: D:\Study_Space\BKU\HK241\microprocessor\lab1_ex4\EX4\Core\Inc\stm32f1xx_hal_conf.h
2024-09-14 00:21:19,330 [INFO] CodeEngine:239 - oldGeneratedFile, D:\Study_Space\BKU\HK241\microprocessor\lab1_ex4\EX4\Core\Inc\main.h_save
2024-09-14 00:21:19,506 [INFO] CodeEngine:257 - Generated code: D:\Study_Space\BKU\HK241\microprocessor\lab1_ex4\EX4\Core\Inc\main.h
2024-09-14 00:21:19,511 [INFO] CodeEngine:239 - oldGeneratedFile, D:\Study_Space\BKU\HK241\microprocessor\lab1_ex4\EX4\Core\Src\main.c_save
2024-09-14 00:21:19,798 [INFO] CodeEngine:257 - Generated code: D:\Study_Space\BKU\HK241\microprocessor\lab1_ex4\EX4\Core\Src\main.c
2024-09-14 00:21:20,545 [INFO] ProjectBuilder:2578 - Time for Copy HAL[1] : 70mS.
2024-09-14 00:21:20,553 [INFO] ProjectBuilder:3622 - Project Generator version: 3.14.1
2024-09-14 00:21:21,218 [INFO] ConfigFileManager:1271 - The Die is : DIE412
2024-09-14 00:21:21,242 [INFO] ApiDbMcu:468 - Load IP Config File for FATFS
2024-09-14 00:21:21,273 [INFO] ApiDbMcu:468 - Load IP Config File for FREERTOS
2024-09-14 00:21:21,295 [INFO] ApiDbMcu:468 - Load IP Config File for USB_DEVICE
2024-09-14 00:21:24,875 [INFO] ProjectBuilder:3789 - Time for Generating toolchain IDE Files: 4322mS.
2024-09-14 00:21:24,876 [INFO] ProjectBuilder:2457 - Time for Copy CMSIS : 1mS.
2024-09-14 00:21:24,878 [INFO] ProjectBuilder:2457 - Time for Copy CMSIS : 0mS.
2024-09-14 00:21:25,636 [INFO] McuFinderGlobals:52 - Set McuFinderConnectedMode to true
2024-09-14 00:21:25,638 [INFO] ApiDb:276 - Save user favorites file C:\Users\LAPTOP/.stm32cubeide/favorites.mcus.txt: 0 item(s)
2024-09-14 00:21:25,638 [INFO] ApiDb:280 - User favorites MCUs=[]
2024-09-14 00:24:13,044 [INFO] Gpio:254 - dependency for GPIO []
2024-09-14 00:24:16,921 [INFO] Gpio:254 - dependency for GPIO []
2024-09-14 00:24:25,641 [INFO] Gpio:254 - dependency for GPIO []
2024-09-14 00:24:34,613 [INFO] UtilMem:74 - End SaveConfig() Used Memory: 884633000 Bytes (1073741824)
2024-09-14 00:24:37,948 [INFO] UtilMem:74 - End SaveConfig() Used Memory: 786383584 Bytes (1073741824)
2024-09-14 00:24:39,522 [INFO] UtilMem:74 - End SaveConfig() Used Memory: 919987376 Bytes (1073741824)
2024-09-14 00:24:39,823 [INFO] BlockDiagram:2740 - set Specific Code input for plugin: NVIC
2024-09-14 00:24:39,823 [INFO] BlockDiagram:2740 - set Specific Code input for plugin: SYS
2024-09-14 00:24:39,823 [INFO] BlockDiagram:2740 - set Specific Code input for plugin: GPIO
2024-09-14 00:24:39,823 [INFO] BlockDiagram:2740 - set Specific Code input for plugin: RCC
2024-09-14 00:24:39,823 [INFO] CodeGenerator:663 - code generatio: config db path: D:\STM32CubeIDE\STM32CubeIDE_1.7.0\STM32CubeIDE\plugins\com.st.stm32cube.common.mx_6.3.0.202107141111\\db\
2024-09-14 00:24:40,171 [INFO] CodeEngine:239 - oldGeneratedFile, D:\Study_Space\BKU\HK241\microprocessor\lab1_ex4\EX4\MXTmpFiles\license.tmp_save
2024-09-14 00:24:40,266 [INFO] CodeEngine:257 - Generated code: D:\Study_Space\BKU\HK241\microprocessor\lab1_ex4\EX4\MXTmpFiles\license.tmp
2024-09-14 00:24:40,381 [INFO] CodeEngine:239 - oldGeneratedFile, D:\Study_Space\BKU\HK241\microprocessor\lab1_ex4\EX4\MXTmpFiles\gpio.tmp_save
2024-09-14 00:24:40,461 [INFO] CodeEngine:257 - Generated code: D:\Study_Space\BKU\HK241\microprocessor\lab1_ex4\EX4\MXTmpFiles\gpio.tmp
2024-09-14 00:24:40,501 [INFO] CodeEngine:239 - oldGeneratedFile, D:\Study_Space\BKU\HK241\microprocessor\lab1_ex4\EX4\Core\Src\stm32f1xx_it.c_save
2024-09-14 00:24:40,601 [INFO] CodeEngine:257 - Generated code: D:\Study_Space\BKU\HK241\microprocessor\lab1_ex4\EX4\Core\Src\stm32f1xx_it.c
2024-09-14 00:24:40,615 [INFO] CodeEngine:239 - oldGeneratedFile, D:\Study_Space\BKU\HK241\microprocessor\lab1_ex4\EX4\Core\Inc\stm32f1xx_it.h_save
2024-09-14 00:24:40,662 [INFO] CodeEngine:257 - Generated code: D:\Study_Space\BKU\HK241\microprocessor\lab1_ex4\EX4\Core\Inc\stm32f1xx_it.h
2024-09-14 00:24:40,671 [INFO] CodeEngine:239 - oldGeneratedFile, D:\Study_Space\BKU\HK241\microprocessor\lab1_ex4\EX4\Core\Src\stm32f1xx_hal_msp.c_save
2024-09-14 00:24:40,731 [INFO] CodeEngine:257 - Generated code: D:\Study_Space\BKU\HK241\microprocessor\lab1_ex4\EX4\Core\Src\stm32f1xx_hal_msp.c
2024-09-14 00:24:40,731 [INFO] CodeEngine:239 - oldGeneratedFile, D:\Study_Space\BKU\HK241\microprocessor\lab1_ex4\EX4\MXTmpFiles\system.tmp_save
2024-09-14 00:24:40,761 [INFO] CodeEngine:257 - Generated code: D:\Study_Space\BKU\HK241\microprocessor\lab1_ex4\EX4\MXTmpFiles\system.tmp
2024-09-14 00:24:40,773 [INFO] CodeEngine:239 - oldGeneratedFile, D:\Study_Space\BKU\HK241\microprocessor\lab1_ex4\EX4\Core\Inc\stm32f1xx_hal_conf.h_save
2024-09-14 00:24:40,885 [INFO] CodeEngine:257 - Generated code: D:\Study_Space\BKU\HK241\microprocessor\lab1_ex4\EX4\Core\Inc\stm32f1xx_hal_conf.h
2024-09-14 00:24:40,951 [INFO] CodeEngine:239 - oldGeneratedFile, D:\Study_Space\BKU\HK241\microprocessor\lab1_ex4\EX4\Core\Inc\main.h_save
2024-09-14 00:24:41,061 [INFO] CodeEngine:257 - Generated code: D:\Study_Space\BKU\HK241\microprocessor\lab1_ex4\EX4\Core\Inc\main.h
2024-09-14 00:24:41,081 [INFO] CodeEngine:239 - oldGeneratedFile, D:\Study_Space\BKU\HK241\microprocessor\lab1_ex4\EX4\Core\Src\main.c_save
2024-09-14 00:24:41,261 [INFO] CodeEngine:257 - Generated code: D:\Study_Space\BKU\HK241\microprocessor\lab1_ex4\EX4\Core\Src\main.c
2024-09-14 00:24:42,031 [INFO] ProjectBuilder:2578 - Time for Copy HAL[1] : 98mS.
2024-09-14 00:24:42,041 [INFO] ProjectBuilder:3622 - Project Generator version: 3.14.1
2024-09-14 00:24:42,851 [INFO] ConfigFileManager:1271 - The Die is : DIE412
2024-09-14 00:24:45,281 [INFO] ProjectBuilder:3789 - Time for Generating toolchain IDE Files: 3240mS.
2024-09-14 00:24:45,281 [INFO] ProjectBuilder:2457 - Time for Copy CMSIS : 0mS.
2024-09-14 00:24:45,284 [INFO] ProjectBuilder:2457 - Time for Copy CMSIS : 0mS.
2024-09-14 09:52:39,210 [INFO] Activator:177 - 


2024-09-14 09:52:39,212 [INFO] Activator:178 - !SESSION log4j initialized
2024-09-14 10:25:34,192 [INFO] Activator:177 - 


2024-09-14 10:25:34,194 [INFO] Activator:178 - !SESSION log4j initialized
2024-09-14 10:27:46,970 [INFO] Activator:177 - 


2024-09-14 10:27:46,972 [INFO] Activator:178 - !SESSION log4j initialized
2024-09-14 10:29:21,763 [ERROR] LogOutputStream:74 - [STDERR_REDIRECT] 2024-09-14 10:29:21.761:INFO::Start Help Server: Logging initialized @99972ms to org.eclipse.jetty.util.log.StdErrLog
2024-09-14 10:29:22,252 [ERROR] LogOutputStream:74 - [STDERR_REDIRECT] 2024-09-14 10:29:22.248:INFO:oejs.session:Start Help Server: DefaultSessionIdManager workerName=node0
2024-09-14 10:29:22,256 [ERROR] LogOutputStream:74 - [STDERR_REDIRECT] 2024-09-14 10:29:22.253:INFO:oejs.session:Start Help Server: No SessionScavenger set, using defaults
2024-09-14 10:29:22,266 [ERROR] LogOutputStream:74 - [STDERR_REDIRECT] 2024-09-14 10:29:22.262:INFO:oejs.session:Start Help Server: node0 Scavenging every 660000ms
2024-09-14 10:29:22,390 [ERROR] LogOutputStream:74 - [STDERR_REDIRECT] 2024-09-14 10:29:22.388:INFO:oejs.session:Start Help Server: node0 Scavenging every 726000ms
2024-09-14 10:43:20,653 [ERROR] LogOutputStream:74 - [STDERR_REDIRECT] 2024-09-14 10:43:20.649:INFO:oejs.session:Stop Help Server: node0 Stopped scavenging
2024-09-14 10:43:27,952 [INFO] Activator:177 - 


2024-09-14 10:43:27,956 [INFO] Activator:178 - !SESSION log4j initialized
