2024-09-14 20:59:55,247 [INFO] Activator:177 - 


2024-09-14 20:59:55,249 [INFO] Activator:178 - !SESSION log4j initialized
2024-09-14 21:00:07,651 [INFO] McuFinderGlobals:39 - Set McuFinder mode to 2 (CubeIDE integrated)
2024-09-14 21:00:07,805 [INFO] ApplicationProperties:181 - Using Application install path: D:\STM32CubeIDE\STM32CubeIDE_1.7.0\STM32CubeIDE\plugins\com.st.stm32cube.common.mx_6.3.0.202107141111
2024-09-14 21:00:07,819 [INFO] DbMcusXml:74 - Set database path to: D:\STM32CubeIDE\STM32CubeIDE_1.7.0\STM32CubeIDE\plugins\com.st.stm32cube.common.mx_6.3.0.202107141111\\db\/mcu/
2024-09-14 21:00:07,823 [INFO] DbBoardsPdsc:56 - Set plugin database path to: D:\STM32CubeIDE\STM32CubeIDE_1.7.0\STM32CubeIDE\plugins\com.st.stm32cube.common.mx_6.3.0.202107141111\\db\/plugins/boardmanager/
2024-09-14 21:00:07,823 [INFO] DbMcus:258 - Set plugin images path to: D:\STM32CubeIDE\STM32CubeIDE_1.7.0\STM32CubeIDE\plugins\com.st.stm32cube.common.mx_6.3.0.202107141111\\db\/plugins/mcufinder/images/
2024-09-14 21:00:07,824 [INFO] DbBoards:264 - Set plugin images path to: D:\STM32CubeIDE\STM32CubeIDE_1.7.0\STM32CubeIDE\plugins\com.st.stm32cube.common.mx_6.3.0.202107141111\\db\/plugins/mcufinder/images/
2024-09-14 21:00:07,826 [INFO] DbExamples:333 - Set plugin images path to: D:\STM32CubeIDE\STM32CubeIDE_1.7.0\STM32CubeIDE\plugins\com.st.stm32cube.common.mx_6.3.0.202107141111\\db\/plugins/mcufinder/images/
2024-09-14 21:00:07,847 [INFO] DbMcusAds:119 - Set database path to: C:\Users\LAPTOP\.stmcufinder\plugins\mcufinder//mcu/
2024-09-14 21:00:07,848 [INFO] DbMcusDocs:110 - Set database path to: C:\Users\LAPTOP\.stmcufinder\plugins\mcufinder//mcu/
2024-09-14 21:00:07,850 [INFO] DbMcusJson:64 - Set database path to: C:\Users\LAPTOP\.stmcufinder\plugins\mcufinder//mcu/
2024-09-14 21:00:07,850 [INFO] DbBoardsDocs:110 - Set database path to: C:\Users\LAPTOP\.stmcufinder\plugins\mcufinder//mcu/
2024-09-14 21:00:07,851 [INFO] DbBoardsJson:57 - Set database path to: C:\Users\LAPTOP\.stmcufinder\plugins\mcufinder//mcu/
2024-09-14 21:00:07,854 [INFO] CrossReferenceDbSqlite:196 - Set database path to: C:\Users\LAPTOP\.stmcufinder\plugins\mcufinder//mcu/cs/
2024-09-14 21:00:07,856 [INFO] DbExamplesSqlite:767 - Set database path to: C:\Users\LAPTOP\.stmcufinder\plugins\mcufinder//mcu/
2024-09-14 21:00:07,925 [INFO] RulesReader:57 - Compatibility file has been processed (242 Rules)
2024-09-14 21:00:08,000 [INFO] DbMcusXml:74 - Set database path to: D:\STM32CubeIDE\STM32CubeIDE_1.7.0\STM32CubeIDE\plugins\com.st.stm32cube.common.mx_6.3.0.202107141111\\db\/mcu/
2024-09-14 21:00:08,001 [INFO] DbBoardsPdsc:56 - Set plugin database path to: D:\STM32CubeIDE\STM32CubeIDE_1.7.0\STM32CubeIDE\plugins\com.st.stm32cube.common.mx_6.3.0.202107141111\\db\/plugins/boardmanager/
2024-09-14 21:00:08,001 [INFO] DbMcus:258 - Set plugin images path to: D:\STM32CubeIDE\STM32CubeIDE_1.7.0\STM32CubeIDE\plugins\com.st.stm32cube.common.mx_6.3.0.202107141111\\db\/plugins/mcufinder/images/
2024-09-14 21:00:08,001 [INFO] DbBoards:264 - Set plugin images path to: D:\STM32CubeIDE\STM32CubeIDE_1.7.0\STM32CubeIDE\plugins\com.st.stm32cube.common.mx_6.3.0.202107141111\\db\/plugins/mcufinder/images/
2024-09-14 21:00:08,001 [INFO] DbExamples:333 - Set plugin images path to: D:\STM32CubeIDE\STM32CubeIDE_1.7.0\STM32CubeIDE\plugins\com.st.stm32cube.common.mx_6.3.0.202107141111\\db\/plugins/mcufinder/images/
2024-09-14 21:00:08,002 [WARN] DbFile:35 - Overriding database path with different value: C:\Users\LAPTOP\.stmcufinder\plugins\mcufinder/ => C:\Users\LAPTOP\.stmcufinder\plugins\mcufinder
2024-09-14 21:00:08,002 [INFO] DbMcusAds:119 - Set database path to: C:\Users\LAPTOP\.stmcufinder\plugins\mcufinder//mcu/
2024-09-14 21:00:08,002 [WARN] DbFile:35 - Overriding database path with different value: C:\Users\LAPTOP\.stmcufinder\plugins\mcufinder/ => C:\Users\LAPTOP\.stmcufinder\plugins\mcufinder
2024-09-14 21:00:08,002 [INFO] DbMcusDocs:110 - Set database path to: C:\Users\LAPTOP\.stmcufinder\plugins\mcufinder//mcu/
2024-09-14 21:00:08,002 [WARN] DbFile:35 - Overriding database path with different value: C:\Users\LAPTOP\.stmcufinder\plugins\mcufinder/ => C:\Users\LAPTOP\.stmcufinder\plugins\mcufinder
2024-09-14 21:00:08,002 [INFO] DbMcusJson:64 - Set database path to: C:\Users\LAPTOP\.stmcufinder\plugins\mcufinder//mcu/
2024-09-14 21:00:08,002 [WARN] DbFile:35 - Overriding database path with different value: C:\Users\LAPTOP\.stmcufinder\plugins\mcufinder/ => C:\Users\LAPTOP\.stmcufinder\plugins\mcufinder
2024-09-14 21:00:08,002 [INFO] DbBoardsDocs:110 - Set database path to: C:\Users\LAPTOP\.stmcufinder\plugins\mcufinder//mcu/
2024-09-14 21:00:08,002 [WARN] DbFile:35 - Overriding database path with different value: C:\Users\LAPTOP\.stmcufinder\plugins\mcufinder/ => C:\Users\LAPTOP\.stmcufinder\plugins\mcufinder
2024-09-14 21:00:08,002 [INFO] DbBoardsJson:57 - Set database path to: C:\Users\LAPTOP\.stmcufinder\plugins\mcufinder//mcu/
2024-09-14 21:00:08,002 [WARN] DbFile:35 - Overriding database path with different value: C:\Users\LAPTOP\.stmcufinder\plugins\mcufinder/ => C:\Users\LAPTOP\.stmcufinder\plugins\mcufinder
2024-09-14 21:00:08,002 [WARN] DbFile:35 - Overriding database path with different value: C:\Users\LAPTOP\.stmcufinder\plugins\mcufinder/ => C:\Users\LAPTOP\.stmcufinder\plugins\mcufinder
2024-09-14 21:00:08,002 [INFO] CrossReferenceDbSqlite:196 - Set database path to: C:\Users\LAPTOP\.stmcufinder\plugins\mcufinder//mcu/cs/
2024-09-14 21:00:08,002 [WARN] DbFile:35 - Overriding database path with different value: C:\Users\LAPTOP\.stmcufinder\plugins\mcufinder/ => C:\Users\LAPTOP\.stmcufinder\plugins\mcufinder
2024-09-14 21:00:08,003 [INFO] DbExamplesSqlite:767 - Set database path to: C:\Users\LAPTOP\.stmcufinder\plugins\mcufinder//mcu/
2024-09-14 21:00:08,074 [INFO] MainPanel:214 - HeapMemory: 268435456
2024-09-14 21:00:08,174 [INFO] DbMcusXml:74 - Set database path to: D:\STM32CubeIDE\STM32CubeIDE_1.7.0\STM32CubeIDE\plugins\com.st.stm32cube.common.mx_6.3.0.202107141111\\db\/mcu/
2024-09-14 21:00:08,174 [INFO] DbBoardsPdsc:56 - Set plugin database path to: D:\STM32CubeIDE\STM32CubeIDE_1.7.0\STM32CubeIDE\plugins\com.st.stm32cube.common.mx_6.3.0.202107141111\\db\/plugins/boardmanager/
2024-09-14 21:00:08,174 [INFO] DbMcus:258 - Set plugin images path to: D:\STM32CubeIDE\STM32CubeIDE_1.7.0\STM32CubeIDE\plugins\com.st.stm32cube.common.mx_6.3.0.202107141111\\db\/plugins/mcufinder/images/
2024-09-14 21:00:08,174 [INFO] DbBoards:264 - Set plugin images path to: D:\STM32CubeIDE\STM32CubeIDE_1.7.0\STM32CubeIDE\plugins\com.st.stm32cube.common.mx_6.3.0.202107141111\\db\/plugins/mcufinder/images/
2024-09-14 21:00:08,174 [INFO] DbExamples:333 - Set plugin images path to: D:\STM32CubeIDE\STM32CubeIDE_1.7.0\STM32CubeIDE\plugins\com.st.stm32cube.common.mx_6.3.0.202107141111\\db\/plugins/mcufinder/images/
2024-09-14 21:00:08,175 [WARN] DbFile:35 - Overriding database path with different value: C:\Users\LAPTOP\.stmcufinder\plugins\mcufinder/ => C:\Users\LAPTOP\.stmcufinder\plugins\mcufinder
2024-09-14 21:00:08,175 [INFO] DbMcusAds:119 - Set database path to: C:\Users\LAPTOP\.stmcufinder\plugins\mcufinder//mcu/
2024-09-14 21:00:08,175 [WARN] DbFile:35 - Overriding database path with different value: C:\Users\LAPTOP\.stmcufinder\plugins\mcufinder/ => C:\Users\LAPTOP\.stmcufinder\plugins\mcufinder
2024-09-14 21:00:08,175 [INFO] DbMcusDocs:110 - Set database path to: C:\Users\LAPTOP\.stmcufinder\plugins\mcufinder//mcu/
2024-09-14 21:00:08,175 [WARN] DbFile:35 - Overriding database path with different value: C:\Users\LAPTOP\.stmcufinder\plugins\mcufinder/ => C:\Users\LAPTOP\.stmcufinder\plugins\mcufinder
2024-09-14 21:00:08,175 [INFO] DbMcusJson:64 - Set database path to: C:\Users\LAPTOP\.stmcufinder\plugins\mcufinder//mcu/
2024-09-14 21:00:08,175 [WARN] DbFile:35 - Overriding database path with different value: C:\Users\LAPTOP\.stmcufinder\plugins\mcufinder/ => C:\Users\LAPTOP\.stmcufinder\plugins\mcufinder
2024-09-14 21:00:08,175 [INFO] DbBoardsDocs:110 - Set database path to: C:\Users\LAPTOP\.stmcufinder\plugins\mcufinder//mcu/
2024-09-14 21:00:08,176 [WARN] DbFile:35 - Overriding database path with different value: C:\Users\LAPTOP\.stmcufinder\plugins\mcufinder/ => C:\Users\LAPTOP\.stmcufinder\plugins\mcufinder
2024-09-14 21:00:08,176 [INFO] DbBoardsJson:57 - Set database path to: C:\Users\LAPTOP\.stmcufinder\plugins\mcufinder//mcu/
2024-09-14 21:00:08,176 [WARN] DbFile:35 - Overriding database path with different value: C:\Users\LAPTOP\.stmcufinder\plugins\mcufinder/ => C:\Users\LAPTOP\.stmcufinder\plugins\mcufinder
2024-09-14 21:00:08,176 [WARN] DbFile:35 - Overriding database path with different value: C:\Users\LAPTOP\.stmcufinder\plugins\mcufinder/ => C:\Users\LAPTOP\.stmcufinder\plugins\mcufinder
2024-09-14 21:00:08,176 [INFO] CrossReferenceDbSqlite:196 - Set database path to: C:\Users\LAPTOP\.stmcufinder\plugins\mcufinder//mcu/cs/
2024-09-14 21:00:08,176 [WARN] DbFile:35 - Overriding database path with different value: C:\Users\LAPTOP\.stmcufinder\plugins\mcufinder/ => C:\Users\LAPTOP\.stmcufinder\plugins\mcufinder
2024-09-14 21:00:08,176 [INFO] DbExamplesSqlite:767 - Set database path to: C:\Users\LAPTOP\.stmcufinder\plugins\mcufinder//mcu/
2024-09-14 21:00:08,196 [INFO] ApplicationProperties:181 - Using Application install path: D:\STM32CubeIDE\STM32CubeIDE_1.7.0\STM32CubeIDE\plugins\com.st.stm32cube.common.mx_6.3.0.202107141111
2024-09-14 21:00:08,197 [INFO] PluginManage:188 - Search for loadable plugins [exclusion list=, ]
2024-09-14 21:00:08,198 [INFO] PluginManage:302 - Check plugin analytics
2024-09-14 21:00:08,330 [INFO] AnalyticsPlugin:257 - Accepted Software Licenses: 
2024-09-14 21:00:08,332 [INFO] AnalyticsPlugin:259 - Accepted CMSIS Pack Licenses: 
2024-09-14 21:00:08,332 [INFO] AnalyticsPlugin:261 - Accepted Firmware Licenses: 
2024-09-14 21:00:08,332 [INFO] PluginManage:352 - Loaded plugin analytics (category:tool,tabindex:-1)
2024-09-14 21:00:08,333 [INFO] PluginManage:302 - Check plugin clock
2024-09-14 21:00:08,346 [INFO] PluginManage:352 - Loaded plugin clock (category:base,tabindex:2)
2024-09-14 21:00:08,346 [INFO] PluginManage:302 - Check plugin ddr
2024-09-14 21:00:08,349 [INFO] PluginManage:352 - Loaded plugin ddr (category:tool,tabindex:6)
2024-09-14 21:00:08,349 [INFO] PluginManage:302 - Check plugin filemanager
2024-09-14 21:00:08,486 [INFO] PluginManage:352 - Loaded plugin filemanager (category:base,tabindex:10)
2024-09-14 21:00:08,486 [INFO] PluginManage:302 - Check plugin ipmanager
2024-09-14 21:00:08,495 [INFO] PluginManage:352 - Loaded plugin ipmanager (category:base,tabindex:5)
2024-09-14 21:00:08,495 [INFO] PluginManage:302 - Check plugin pinoutandconfiguration
2024-09-14 21:00:08,505 [INFO] PluginManage:352 - Loaded plugin pinoutandconfiguration (category:base,tabindex:1)
2024-09-14 21:00:08,505 [INFO] PluginManage:302 - Check plugin pinoutconfig
2024-09-14 21:00:08,539 [INFO] PluginManage:352 - Loaded plugin pinoutconfig (category:base,tabindex:0)
2024-09-14 21:00:08,539 [INFO] PluginManage:302 - Check plugin power
2024-09-14 21:00:08,552 [INFO] PluginManage:352 - Loaded plugin power (category:power,tabindex:4)
2024-09-14 21:00:08,552 [INFO] PluginManage:302 - Check plugin projectmanager
2024-09-14 21:00:08,569 [INFO] PluginManage:352 - Loaded plugin projectmanager (category:projectmanager,tabindex:3)
2024-09-14 21:00:08,569 [INFO] PluginManage:302 - Check plugin thirdparty
2024-09-14 21:00:08,683 [INFO] PluginManage:352 - Loaded plugin thirdparty (category:base,tabindex:-1)
2024-09-14 21:00:08,683 [INFO] PluginManage:302 - Check plugin tools
2024-09-14 21:00:08,683 [WARN] IntegrityCheckThread:78 - waiting for thirdparty lock release [integrity check]
2024-09-14 21:00:08,685 [INFO] IntegrityCheckThread:80 - entering critical section [integrity check]
2024-09-14 21:00:08,685 [INFO] ThirdPartyUpdaterWithRetryManager:66 - Updater plugin not ready yet. [1/15]
2024-09-14 21:00:08,686 [INFO] PluginManage:352 - Loaded plugin tools (category:base,tabindex:7)
2024-09-14 21:00:08,686 [INFO] PluginManage:302 - Check plugin tutovideos
2024-09-14 21:00:08,928 [INFO] PluginManage:352 - Loaded plugin tutovideos (category:base,tabindex:-1)
2024-09-14 21:00:08,928 [INFO] PluginManage:302 - Check plugin updater
2024-09-14 21:00:08,945 [INFO] PluginManage:352 - Loaded plugin updater (category:base,tabindex:12)
2024-09-14 21:00:08,945 [INFO] PluginManage:275 - PluginManage : Loaded plugins [13]
2024-09-14 21:00:09,113 [INFO] PinOutPanel:1463 - setPackage(No Configuration,No Configuration)
2024-09-14 21:00:09,200 [INFO] IPUIPlugin:74 - create IPUIPlugin
2024-09-14 21:00:09,200 [INFO] PluginManager:213 - loadIPPluginJar : add adc
2024-09-14 21:00:09,203 [INFO] IPUIPlugin:74 - create IPUIPlugin
2024-09-14 21:00:09,203 [INFO] PluginManager:213 - loadIPPluginJar : add aes
2024-09-14 21:00:09,206 [INFO] IPUIPlugin:74 - create IPUIPlugin
2024-09-14 21:00:09,206 [INFO] PluginManager:213 - loadIPPluginJar : add can
2024-09-14 21:00:09,207 [INFO] IPUIPlugin:74 - create IPUIPlugin
2024-09-14 21:00:09,208 [INFO] PluginManager:213 - loadIPPluginJar : add comp
2024-09-14 21:00:09,210 [INFO] IPUIPlugin:74 - create IPUIPlugin
2024-09-14 21:00:09,211 [INFO] PluginManager:213 - loadIPPluginJar : add cryp
2024-09-14 21:00:09,213 [INFO] IPUIPlugin:74 - create IPUIPlugin
2024-09-14 21:00:09,213 [INFO] PluginManager:213 - loadIPPluginJar : add dfsdm
2024-09-14 21:00:09,218 [INFO] IPUIPlugin:74 - create IPUIPlugin
2024-09-14 21:00:09,219 [INFO] PluginManager:213 - loadIPPluginJar : add dma
2024-09-14 21:00:09,222 [INFO] IPUIPlugin:74 - create IPUIPlugin
2024-09-14 21:00:09,222 [INFO] PluginManager:213 - loadIPPluginJar : add dma3
2024-09-14 21:00:09,224 [INFO] IPUIPlugin:74 - create IPUIPlugin
2024-09-14 21:00:09,224 [INFO] PluginManager:213 - loadIPPluginJar : add fatfs
2024-09-14 21:00:09,227 [INFO] IPUIPlugin:74 - create IPUIPlugin
2024-09-14 21:00:09,227 [INFO] PluginManager:213 - loadIPPluginJar : add fmc
2024-09-14 21:00:09,233 [INFO] IPUIPlugin:74 - create IPUIPlugin
2024-09-14 21:00:09,233 [INFO] PluginManager:213 - loadIPPluginJar : add freertos
2024-09-14 21:00:09,235 [INFO] IPUIPlugin:74 - create IPUIPlugin
2024-09-14 21:00:09,235 [INFO] PluginManager:213 - loadIPPluginJar : add genericplugin
2024-09-14 21:00:09,237 [INFO] IPUIPlugin:74 - create IPUIPlugin
2024-09-14 21:00:09,237 [INFO] PluginManager:213 - loadIPPluginJar : add gfxmmu
2024-09-14 21:00:09,242 [INFO] IPUIPlugin:74 - create IPUIPlugin
2024-09-14 21:00:09,242 [INFO] PluginManager:213 - loadIPPluginJar : add gic
2024-09-14 21:00:09,246 [INFO] IPUIPlugin:74 - create IPUIPlugin
2024-09-14 21:00:09,246 [INFO] PluginManager:213 - loadIPPluginJar : add gpio
2024-09-14 21:00:09,248 [INFO] IPUIPlugin:74 - create IPUIPlugin
2024-09-14 21:00:09,248 [INFO] PluginManager:213 - loadIPPluginJar : add gtzc
2024-09-14 21:00:09,250 [INFO] IPUIPlugin:74 - create IPUIPlugin
2024-09-14 21:00:09,250 [INFO] PluginManager:213 - loadIPPluginJar : add hash
2024-09-14 21:00:09,253 [INFO] IPUIPlugin:74 - create IPUIPlugin
2024-09-14 21:00:09,253 [INFO] PluginManager:213 - loadIPPluginJar : add i2c
2024-09-14 21:00:09,255 [INFO] IPUIPlugin:74 - create IPUIPlugin
2024-09-14 21:00:09,255 [INFO] PluginManager:213 - loadIPPluginJar : add i2s
2024-09-14 21:00:09,257 [INFO] IPUIPlugin:74 - create IPUIPlugin
2024-09-14 21:00:09,259 [INFO] PluginManager:213 - loadIPPluginJar : add ipddr
2024-09-14 21:00:09,264 [INFO] IPUIPlugin:74 - create IPUIPlugin
2024-09-14 21:00:09,265 [INFO] PluginManager:213 - loadIPPluginJar : add linkedlist
2024-09-14 21:00:09,268 [INFO] IPUIPlugin:74 - create IPUIPlugin
2024-09-14 21:00:09,268 [INFO] PluginManager:213 - loadIPPluginJar : add lorawan
2024-09-14 21:00:09,270 [INFO] IPUIPlugin:74 - create IPUIPlugin
2024-09-14 21:00:09,270 [INFO] PluginManager:213 - loadIPPluginJar : add ltdc
2024-09-14 21:00:09,273 [INFO] IPUIPlugin:74 - create IPUIPlugin
2024-09-14 21:00:09,273 [INFO] PluginManager:213 - loadIPPluginJar : add mdma
2024-09-14 21:00:09,276 [INFO] IPUIPlugin:74 - create IPUIPlugin
2024-09-14 21:00:09,276 [INFO] PluginManager:213 - loadIPPluginJar : add nvic
2024-09-14 21:00:09,278 [INFO] IPUIPlugin:74 - create IPUIPlugin
2024-09-14 21:00:09,278 [INFO] PluginManager:213 - loadIPPluginJar : add opamp
2024-09-14 21:00:09,280 [INFO] IPUIPlugin:74 - create IPUIPlugin
2024-09-14 21:00:09,281 [INFO] PluginManager:213 - loadIPPluginJar : add openamp
2024-09-14 21:00:09,284 [INFO] IPUIPlugin:74 - create IPUIPlugin
2024-09-14 21:00:09,284 [INFO] PluginManager:213 - loadIPPluginJar : add pdm2pcm
2024-09-14 21:00:09,290 [INFO] IPUIPlugin:74 - create IPUIPlugin
2024-09-14 21:00:09,293 [INFO] PluginManager:213 - loadIPPluginJar : add plateformsettings
2024-09-14 21:00:09,295 [INFO] IPUIPlugin:74 - create IPUIPlugin
2024-09-14 21:00:09,295 [INFO] PluginManager:213 - loadIPPluginJar : add quadspi
2024-09-14 21:00:09,298 [INFO] IPUIPlugin:74 - create IPUIPlugin
2024-09-14 21:00:09,298 [INFO] PluginManager:213 - loadIPPluginJar : add resmgrutility
2024-09-14 21:00:09,302 [INFO] IPUIPlugin:74 - create IPUIPlugin
2024-09-14 21:00:09,302 [INFO] PluginManager:213 - loadIPPluginJar : add sai
2024-09-14 21:00:09,304 [INFO] IPUIPlugin:74 - create IPUIPlugin
2024-09-14 21:00:09,304 [INFO] PluginManager:213 - loadIPPluginJar : add spi
2024-09-14 21:00:09,307 [INFO] IPUIPlugin:74 - create IPUIPlugin
2024-09-14 21:00:09,307 [INFO] PluginManager:213 - loadIPPluginJar : add stm32_wpan
2024-09-14 21:00:09,309 [INFO] IPUIPlugin:74 - create IPUIPlugin
2024-09-14 21:00:09,309 [INFO] PluginManager:213 - loadIPPluginJar : add tim
2024-09-14 21:00:09,312 [INFO] IPUIPlugin:74 - create IPUIPlugin
2024-09-14 21:00:09,312 [INFO] PluginManager:213 - loadIPPluginJar : add touchsensing
2024-09-14 21:00:09,314 [INFO] IPUIPlugin:74 - create IPUIPlugin
2024-09-14 21:00:09,314 [INFO] PluginManager:213 - loadIPPluginJar : add tracer_emb
2024-09-14 21:00:09,315 [INFO] IPUIPlugin:74 - create IPUIPlugin
2024-09-14 21:00:09,316 [INFO] PluginManager:213 - loadIPPluginJar : add ts
2024-09-14 21:00:09,317 [INFO] IPUIPlugin:74 - create IPUIPlugin
2024-09-14 21:00:09,317 [INFO] PluginManager:213 - loadIPPluginJar : add tsc
2024-09-14 21:00:09,319 [INFO] IPUIPlugin:74 - create IPUIPlugin
2024-09-14 21:00:09,319 [INFO] PluginManager:213 - loadIPPluginJar : add ucpd
2024-09-14 21:00:09,321 [INFO] IPUIPlugin:74 - create IPUIPlugin
2024-09-14 21:00:09,321 [INFO] PluginManager:213 - loadIPPluginJar : add usart
2024-09-14 21:00:09,324 [INFO] IPUIPlugin:74 - create IPUIPlugin
2024-09-14 21:00:09,324 [INFO] PluginManager:213 - loadIPPluginJar : add usbx
2024-09-14 21:00:09,580 [FATAL] Updater:294 - Updater called before beeing initialized
2024-09-14 21:00:09,668 [FATAL] Updater:294 - Updater called before beeing initialized
2024-09-14 21:00:09,672 [INFO] DbMcusAds:47 - JSON generation date=Thu May 16 16:22:00 ICT 2024 (1715851320667)
2024-09-14 21:00:09,672 [FATAL] Updater:294 - Updater called before beeing initialized
2024-09-14 21:00:09,701 [WARN] DetailPanel:314 - Failed to get advertising image, set to default
2024-09-14 21:00:09,840 [FATAL] Updater:294 - Updater called before beeing initialized
2024-09-14 21:00:09,844 [FATAL] Updater:294 - Updater called before beeing initialized
2024-09-14 21:00:09,844 [FATAL] Updater:294 - Updater called before beeing initialized
2024-09-14 21:00:09,844 [WARN] DetailPanel:314 - Failed to get advertising image, set to default
2024-09-14 21:00:09,846 [FATAL] Updater:294 - Updater called before beeing initialized
2024-09-14 21:00:09,897 [ERROR] Updater:1075 - MainUpdater not yet initialized. External WinMGr cannot be set.
2024-09-14 21:00:09,901 [INFO] Updater:1012 - Updater Version found : 6.3.0
2024-09-14 21:00:09,922 [INFO] ApplicationProperties:181 - Using Application install path: D:\STM32CubeIDE\STM32CubeIDE_1.7.0\STM32CubeIDE\plugins\com.st.stm32cube.common.mx_6.3.0.202107141111
2024-09-14 21:00:10,183 [INFO] MainUpdater:2671 - connection check result : 10
2024-09-14 21:00:10,184 [INFO] MainUpdater:265 - Updater Check For Update Now.
2024-09-14 21:00:10,184 [INFO] MicroXplorer:478 - Change Database Version : DB.6.0.30
2024-09-14 21:00:10,339 [INFO] CheckServerUpdateThread:112 - End of CheckServer Thread
2024-09-14 21:00:10,412 [INFO] MainUpdater:2671 - connection check result : 10
2024-09-14 21:00:10,578 [INFO] McuFinderGlobals:52 - Set McuFinderConnectedMode to false
2024-09-14 21:00:10,682 [INFO] CrossSelectorPresenter:1330 - Cross Selector saved comparison directory: C:\Users\LAPTOP\.stmcufinder\plugins\mcufinder\mcu\cs_comparisons_mx
2024-09-14 21:00:10,688 [INFO] MultiScanPanel:197 - Auto-refresh data requested => check proxy status ongoing
2024-09-14 21:00:10,688 [INFO] MultiScanPanel:201 - Proxy status is invalid
2024-09-14 21:00:10,694 [INFO] FinderPluginLoader:87 - Searching for filters in installed packs
2024-09-14 21:00:10,696 [INFO] DbMcusXml:100 - Load MCU database from D:\STM32CubeIDE\STM32CubeIDE_1.7.0\STM32CubeIDE\plugins\com.st.stm32cube.common.mx_6.3.0.202107141111\\db\/mcu/families.xml
2024-09-14 21:00:11,415 [INFO] DbMcusJson:93 - JSON generation date=Tue Nov 16 23:17:54 ICT 2021 (1637079474)
2024-09-14 21:00:11,828 [WARN] PackLoader:238 - Cannot read IP mode file for STMicroelectronics.X-CUBE-GNSS1.6.0.0
2024-09-14 21:00:11,850 [WARN] PackLoader:238 - Cannot read IP mode file for WES.I-CUBE-Cesium.1.3.0
2024-09-14 21:00:11,867 [WARN] PackLoader:238 - Cannot read IP mode file for STMicroelectronics.X-CUBE-GNSS1.7.0.0
2024-09-14 21:00:11,876 [ERROR] Engine:463 - C:\Users\LAPTOP\.stm32cubemx\thirdparties\pdsc\EmbeddedOffice.I-CUBE-FS-RTOS.1.0.1.pdsc: PDSC version is not supported
2024-09-14 21:00:11,878 [ERROR] Engine:463 - C:\Users\LAPTOP\.stm32cubemx\thirdparties\pdsc\Cesanta.I-CUBE-Mongoose.7.13.0.pdsc: PDSC version is not supported
2024-09-14 21:00:11,883 [ERROR] Engine:463 - C:\Users\LAPTOP\.stm32cubemx\thirdparties\pdsc\ITTIA_DB.I-CUBE-ITTIADB.8.9.0.pdsc: PDSC version is not supported
2024-09-14 21:00:11,902 [ERROR] Engine:463 - C:\Users\LAPTOP\.stm32cubemx\thirdparties\pdsc\Infineon.AIROC-Wi-Fi-Bluetooth-STM32.1.6.1.pdsc: PDSC version is not supported
2024-09-14 21:00:11,902 [INFO] ThirdParty:915 - Integrity check success = true
2024-09-14 21:00:11,902 [INFO] IntegrityCheckThread:94 - exiting critical section [integrity check]
2024-09-14 21:00:11,902 [INFO] IntegrityCheckThread:97 - End integrity checks thread
2024-09-14 21:00:12,027 [INFO] DbMcus:175 - Found 1951 MCUs (1903 are supported by CubeMX, 1914 are visible in CubeMX)
2024-09-14 21:00:12,029 [INFO] ApiDb:251 - Load user favorites file C:\Users\LAPTOP/.stm32cubeide/favorites.mcus.txt: 0 item(s)
2024-09-14 21:00:12,030 [INFO] ApiDb:255 - User favorites MCUs=[]
2024-09-14 21:00:12,030 [INFO] DbMcus:187 - Set 0 / 0 favorites MCUs
2024-09-14 21:00:12,530 [INFO] DetailPanel:309 - Set advertising image to C:/Users/LAPTOP/STM32Cube/Repository/\en.prom-stm32h7rs-mcu-finder.jpg
2024-09-14 21:00:12,984 [INFO] DbBoardsPdsc:90 - Found 25 items
2024-09-14 21:00:12,985 [INFO] DbBoardsPdsc:90 - Found 9 items
2024-09-14 21:00:12,988 [INFO] DbBoardsPdsc:90 - Found 33 items
2024-09-14 21:00:12,990 [INFO] DbBoardsPdsc:90 - Found 1 items
2024-09-14 21:00:12,996 [INFO] DbBoardsPdsc:90 - Found 48 items
2024-09-14 21:00:13,002 [INFO] DbBoardsPdsc:90 - Found 43 items
2024-09-14 21:00:13,003 [INFO] DbBoardsPdsc:90 - Found 2 items
2024-09-14 21:00:13,004 [INFO] DbBoardsPdsc:90 - Found 5 items
2024-09-14 21:00:13,008 [WARN] DbBoardsPdsc:254 - Board STM32H7B3I-DK: unknown feature type=Audio, name=, username=Audio stereo codec with Headphone Amp (CS42L51-CNZ), n=1
2024-09-14 21:00:13,008 [WARN] DbBoardsPdsc:254 - Board STM32H735G-DK: unknown feature type=Audio, name=, username=Audio stereo codec with Headphone Amp (WM8994ECS/R), n=1
2024-09-14 21:00:13,009 [WARN] DbBoardsPdsc:254 - Board STM32H7B3I-EVAL: unknown feature type=Audio, name=, username=Multi-Channel Audio Codec (CS42L51-CNZ), n=1
2024-09-14 21:00:13,009 [WARN] DbBoardsPdsc:254 - Board STM32H7B3I-EVAL: unknown feature type=Meter, name=, username=Power-metering and Temperature-monitoring with sigma-delta modulators, n=1
2024-09-14 21:00:13,009 [WARN] DbBoardsPdsc:254 - Board STM32H7B3I-EVAL: unknown feature type=Motor, name=, username=Motor Control, n=1
2024-09-14 21:00:13,009 [WARN] DbBoardsPdsc:254 - Board STM32U575I-EV: unknown feature type=joystick, name=, username=4-direction joystick with selection button, n=1
2024-09-14 21:00:13,024 [INFO] DbBoardsJson:86 - JSON generation date=Tue Nov 16 23:17:54 ICT 2021 (1637079474)
2024-09-14 21:00:13,028 [INFO] DbBoards:117 - Found 167 boards (163 are supported by CubeMX)
2024-09-14 21:00:13,030 [INFO] DbBoardsDocs:143 - JSON generation date=Tue Nov 16 23:17:54 ICT 2021 (1637079474)
2024-09-14 21:00:13,032 [INFO] DbBoardsDocs:79 - Found 209 boards documents
2024-09-14 21:00:13,032 [WARN] DbBoards:127 - board B-L475E-IOT01A2 has no document id list !
2024-09-14 21:00:13,033 [WARN] DbBoards:127 - board NUCLEO-H743ZI has no document id list !
2024-09-14 21:00:13,033 [WARN] DbBoards:127 - board NUCLEO-WL55JC2 has no document id list !
2024-09-14 21:00:13,033 [WARN] DbBoards:127 - board P-NUCLEO-WB55-Nucleo has no document id list !
2024-09-14 21:00:13,033 [WARN] DbBoards:127 - board P-NUCLEO-WB55-USBDongle has no document id list !
2024-09-14 21:00:13,034 [WARN] DbBoards:127 - board STEVAL-BFA001V1B has no document id list !
2024-09-14 21:00:13,034 [WARN] DbBoards:127 - board STEVAL-BFA001V2B has no document id list !
2024-09-14 21:00:13,034 [WARN] DbBoards:127 - board STEVAL-IDP005V1 has no document id list !
2024-09-14 21:00:13,034 [WARN] DbBoards:127 - board STEVAL-IDP005V2 has no document id list !
2024-09-14 21:00:13,034 [WARN] DbBoards:127 - board STEVAL-MKSBOX1V1 has no document id list !
2024-09-14 21:00:13,034 [WARN] DbBoards:127 - board STEVAL-STWINKT1 has no document id list !
2024-09-14 21:00:13,034 [WARN] DbBoards:127 - board STEVAL-STWINKT1B has no document id list !
2024-09-14 21:00:13,034 [WARN] DbBoards:127 - board STM32439I-EVAL2 has no document id list !
2024-09-14 21:00:13,034 [WARN] DbBoards:127 - board STM32F401C-DISCO has no document id list !
2024-09-14 21:00:13,034 [WARN] DbBoards:127 - board STM32F769I-DISC1 has no document id list !
2024-09-14 21:00:13,034 [WARN] DbBoards:127 - board STM32G474E-EVAL1 has no document id list !
2024-09-14 21:00:13,034 [WARN] DbBoards:127 - board STM32H743I-EVAL2 has no document id list !
2024-09-14 21:00:13,034 [WARN] DbBoards:127 - board STM32H747I-DISC1 has no document id list !
2024-09-14 21:00:13,035 [WARN] DbBoards:127 - board STM32H753I-EVAL2 has no document id list !
2024-09-14 21:00:13,035 [WARN] DbBoards:127 - board STM32L-DISCOVERY has no document id list !
2024-09-14 21:00:13,147 [ERROR] DbBoards:189 - Image file not found for board B-U585I-IOT02A: D:\STM32CubeIDE\STM32CubeIDE_1.7.0\STM32CubeIDE\plugins\com.st.stm32cube.common.mx_6.3.0.202107141111\\db\/plugins/mcufinder/images/boards/B-U585I-IOT02A_small.jpg
2024-09-14 21:00:13,254 [ERROR] DbBoards:189 - Image file not found for board NUCLEO-F413ZH: D:\STM32CubeIDE\STM32CubeIDE_1.7.0\STM32CubeIDE\plugins\com.st.stm32cube.common.mx_6.3.0.202107141111\\db\/plugins/mcufinder/images/boards/nucleo-f413zh_small.jpg
2024-09-14 21:00:13,418 [ERROR] DbBoards:189 - Image file not found for board NUCLEO-L552ZE-Q: D:\STM32CubeIDE\STM32CubeIDE_1.7.0\STM32CubeIDE\plugins\com.st.stm32cube.common.mx_6.3.0.202107141111\\db\/plugins/mcufinder/images/boards/nucleo_l552ze_q_small.jpg
2024-09-14 21:00:13,418 [ERROR] DbBoards:189 - Image file not found for board NUCLEO-U575ZI-Q: D:\STM32CubeIDE\STM32CubeIDE_1.7.0\STM32CubeIDE\plugins\com.st.stm32cube.common.mx_6.3.0.202107141111\\db\/plugins/mcufinder/images/boards/nucleo-u575zi-q_small.jpg
2024-09-14 21:00:13,419 [ERROR] DbBoards:189 - Image file not found for board NUCLEO-WB15CC: D:\STM32CubeIDE\STM32CubeIDE_1.7.0\STM32CubeIDE\plugins\com.st.stm32cube.common.mx_6.3.0.202107141111\\db\/plugins/mcufinder/images/boards/nucleo-wb15cc_small.jpg
2024-09-14 21:00:13,419 [ERROR] DbBoards:189 - Image file not found for board NUCLEO-WB55RG: D:\STM32CubeIDE\STM32CubeIDE_1.7.0\STM32CubeIDE\plugins\com.st.stm32cube.common.mx_6.3.0.202107141111\\db\/plugins/mcufinder/images/boards/nucleo-wb55rg_small.jpg
2024-09-14 21:00:14,437 [INFO] ApiDb:251 - Load user favorites file C:\Users\LAPTOP/.stm32cubeide/favorites.boards.txt: 0 item(s)
2024-09-14 21:00:14,437 [INFO] ApiDb:255 - User favorites Boards=[]
2024-09-14 21:00:14,437 [INFO] DbBoards:206 - Set 0 / 0 favorites Boards
2024-09-14 21:00:31,916 [INFO] DbMcusDocs:143 - JSON generation date=Tue Nov 16 23:17:54 ICT 2021 (1637079474)
2024-09-14 21:00:32,124 [INFO] DbMcusDocs:79 - Found 682 MCUs documents
2024-09-14 21:00:42,918 [INFO] MainUpdater:2671 - connection check result : 10
2024-09-14 21:00:42,918 [INFO] MainUpdater:2671 - connection check result : 10
2024-09-14 21:00:42,985 [INFO] MicroXplorer:448 - Change Database Path : 
2024-09-14 21:00:42,985 [INFO] MicroXplorer:478 - Change Database Version : DB.6.0.30
2024-09-14 21:00:42,987 [WARN] ThirdParty:813 - waiting for thirdparty lock release [close project]
2024-09-14 21:00:42,988 [INFO] ThirdParty:815 - entering critical section [close project]
2024-09-14 21:00:42,989 [INFO] ThirdParty:825 - exiting critical section [close project]
2024-09-14 21:00:42,998 [INFO] PinOutPanel:1463 - setPackage(No Configuration,No Configuration)
2024-09-14 21:00:42,999 [INFO] UtilMem:74 - Begin LoadConfig() Used Memory: 332302848 Bytes (416284672)
2024-09-14 21:00:43,000 [INFO] MicroXplorer:448 - Change Database Path : 
2024-09-14 21:00:43,000 [INFO] MicroXplorer:478 - Change Database Version : DB.6.0.30
2024-09-14 21:00:43,000 [INFO] OpenFileManager:313 - Change cursor
2024-09-14 21:00:44,056 [INFO] Context:592 - Trying to add GPIOservice into a context  which must be forbidden
2024-09-14 21:00:44,351 [INFO] ImportTextPane:167 - (OptionalMessage_ERROR) Unable to find key (Mcu.ThirdPartyNb) in loaded IOC file
2024-09-14 21:00:44,351 [INFO] ImportTextPane:167 - (OptionalMessage_ERROR) Unable to find key (Mcu.PinsNb) in loaded IOC file
2024-09-14 21:00:44,351 [INFO] ImportTextPane:167 - (OptionalMessage_ERROR) Unable to find key (Mcu.IPNb) in loaded IOC file
2024-09-14 21:00:44,424 [WARN] ApiManager:304 - Cannot register API 'Board Extension:GNSS1A1' from pack STMicroelectronics.X-CUBE-GNSS1.6.0.0: no header file found
2024-09-14 21:00:44,424 [WARN] ApiManager:304 - Cannot register API 'Board Support:Custom' from pack STMicroelectronics.X-CUBE-GNSS1.6.0.0: no header file found
2024-09-14 21:00:44,424 [WARN] ApiManager:304 - Cannot register API 'Data Exchange:lib_gnss' from pack STMicroelectronics.X-CUBE-GNSS1.6.0.0: no header file found
2024-09-14 21:00:44,433 [INFO] RtosManager:484 - Registered RTOS mode: class=CMSIS, group=RTOS, mode=CMSIS_V1, owner=FREERTOS
2024-09-14 21:00:44,433 [INFO] RtosManager:484 - Registered RTOS mode: class=CMSIS, group=RTOS2, mode=CMSIS_V2, owner=FREERTOS
2024-09-14 21:00:44,434 [INFO] RtosManager:484 - Registered RTOS mode: class=RTOS, group=Core, mode=CMSIS_V1, owner=FREERTOS
2024-09-14 21:00:44,434 [INFO] RtosManager:484 - Registered RTOS mode: class=RTOS, group=Core, mode=CMSIS_V2, owner=FREERTOS
2024-09-14 21:00:44,434 [WARN] ModelIntegratedComponent:181 - Missing modes for component STMicroelectronics:FreeRTOS:0.0.1:STMicroelectronics:RTOS:FreeRTOS:Core:::10.2.0:
2024-09-14 21:00:44,435 [WARN] ModelIntegratedComponent:60 - No mode defined for component null
2024-09-14 21:00:44,436 [WARN] ModelIntegratedComponent:60 - No mode defined for component null
2024-09-14 21:00:44,436 [WARN] ModelIntegratedComponent:60 - No mode defined for component null
2024-09-14 21:00:44,436 [WARN] ModelIntegratedComponent:60 - No mode defined for component null
2024-09-14 21:00:44,436 [WARN] ModelIntegratedComponent:60 - No mode defined for component null
2024-09-14 21:00:44,436 [WARN] ModelIntegratedComponent:60 - No mode defined for component null
2024-09-14 21:00:44,436 [WARN] ModelIntegratedComponent:60 - No mode defined for component null
2024-09-14 21:00:44,436 [WARN] ModelIntegratedComponent:60 - No mode defined for component null
2024-09-14 21:00:44,436 [WARN] ModelIntegratedComponent:60 - No mode defined for component null
2024-09-14 21:00:44,436 [WARN] ModelIntegratedComponent:60 - No mode defined for component null
2024-09-14 21:00:44,437 [WARN] ModelIntegratedComponent:60 - No mode defined for component null
2024-09-14 21:00:44,437 [WARN] ModelIntegratedComponent:60 - No mode defined for component null
2024-09-14 21:00:44,437 [WARN] ModelIntegratedComponent:60 - No mode defined for component null
2024-09-14 21:00:44,437 [WARN] ModelIntegratedComponent:60 - No mode defined for component null
2024-09-14 21:00:44,437 [WARN] ModelIntegratedComponent:60 - No mode defined for component null
2024-09-14 21:00:44,437 [WARN] ModelIntegratedComponent:60 - No mode defined for component null
2024-09-14 21:00:44,437 [WARN] ModelIntegratedComponent:60 - No mode defined for component null
2024-09-14 21:00:44,437 [WARN] ModelIntegratedComponent:60 - No mode defined for component null
2024-09-14 21:00:44,437 [WARN] ModelIntegratedComponent:60 - No mode defined for component null
2024-09-14 21:00:44,437 [WARN] ModelIntegratedComponent:60 - No mode defined for component null
2024-09-14 21:00:44,437 [WARN] ModelIntegratedComponent:60 - No mode defined for component null
2024-09-14 21:00:44,438 [WARN] ModelIntegratedComponent:60 - No mode defined for component null
2024-09-14 21:00:44,438 [WARN] ModelIntegratedComponent:60 - No mode defined for component null
2024-09-14 21:00:44,438 [WARN] ModelIntegratedComponent:60 - No mode defined for component null
2024-09-14 21:00:44,438 [WARN] ModelIntegratedComponent:60 - No mode defined for component null
2024-09-14 21:00:44,438 [WARN] ModelIntegratedComponent:60 - No mode defined for component null
2024-09-14 21:00:44,438 [WARN] ModelIntegratedComponent:60 - No mode defined for component null
2024-09-14 21:00:44,438 [WARN] ModelIntegratedComponent:60 - No mode defined for component null
2024-09-14 21:00:44,438 [WARN] ModelIntegratedComponent:60 - No mode defined for component null
2024-09-14 21:00:44,438 [WARN] ModelIntegratedComponent:60 - No mode defined for component null
2024-09-14 21:00:44,438 [WARN] ModelIntegratedComponent:60 - No mode defined for component null
2024-09-14 21:00:44,442 [WARN] ApiManager:304 - Cannot register API 'Board Extension:GNSS1A1' from pack STMicroelectronics.X-CUBE-GNSS1.7.0.0: no header file found
2024-09-14 21:00:44,443 [WARN] ApiManager:304 - Cannot register API 'Board Support:Custom' from pack STMicroelectronics.X-CUBE-GNSS1.7.0.0: no header file found
2024-09-14 21:00:44,443 [WARN] ApiManager:304 - Cannot register API 'Data Exchange:lib_gnss' from pack STMicroelectronics.X-CUBE-GNSS1.7.0.0: no header file found
2024-09-14 21:00:44,614 [INFO] UtilMem:74 - End LoadConfig() Used Memory: 336232216 Bytes (416284672)
2024-09-14 21:00:44,617 [WARN] ThirdParty:779 - waiting for thirdparty lock release [change project]
2024-09-14 21:00:44,618 [INFO] ThirdParty:781 - entering critical section [change project]
2024-09-14 21:00:44,618 [INFO] ThirdParty:967 - CMSIS Pack Vendor :STMicroelectronics X-CUBE-GNSS1 6.0.0
2024-09-14 21:00:44,618 [INFO] ThirdParty:967 - CMSIS Pack Vendor :STMicroelectronics USB_HOST 2.0.0
2024-09-14 21:00:44,618 [INFO] ThirdParty:967 - CMSIS Pack Vendor :STMicroelectronics FreeRTOS 0.0.1
2024-09-14 21:00:44,618 [INFO] ThirdParty:967 - CMSIS Pack Vendor :STMicroelectronics USB_DEVICE 1.0.0
2024-09-14 21:00:44,618 [INFO] ThirdParty:967 - CMSIS Pack Vendor :STMicroelectronics USB_DEVICE 3.0.0
2024-09-14 21:00:44,618 [INFO] ThirdParty:967 - CMSIS Pack Vendor :STMicroelectronics HAL Drivers 0.0.0
2024-09-14 21:00:44,618 [INFO] ThirdParty:967 - CMSIS Pack Vendor :STMicroelectronics MBEDTLS 2.16.2
2024-09-14 21:00:44,618 [INFO] ThirdParty:967 - CMSIS Pack Vendor :STMicroelectronics ThreadX 0.0.2
2024-09-14 21:00:44,618 [INFO] ThirdParty:967 - CMSIS Pack Vendor :WES I-CUBE-Cesium 1.3.0
2024-09-14 21:00:44,618 [INFO] ThirdParty:967 - CMSIS Pack Vendor :STMicroelectronics lwIP 2.0.3
2024-09-14 21:00:44,618 [INFO] ThirdParty:967 - CMSIS Pack Vendor :STMicroelectronics lwIP 2.1.2
2024-09-14 21:00:44,618 [INFO] ThirdParty:967 - CMSIS Pack Vendor :STMicroelectronics X-CUBE-GNSS1 7.0.0
2024-09-14 21:00:44,618 [INFO] ThirdParty:967 - CMSIS Pack Vendor :STMicroelectronics MBEDTLS 2.14.1
2024-09-14 21:00:44,618 [INFO] ThirdParty:967 - CMSIS Pack Vendor :STMicroelectronics USB_HOST 1.0.0
2024-09-14 21:00:44,618 [INFO] ThirdParty:967 - CMSIS Pack Vendor :STMicroelectronics PDM2PCM 3.1.0
2024-09-14 21:00:44,618 [INFO] ThirdParty:967 - CMSIS Pack Vendor :STMicroelectronics PDM2PCM 3.2.0
2024-09-14 21:00:44,618 [INFO] ThirdParty:967 - CMSIS Pack Vendor :STMicroelectronics USB_DEVICE 2.0.0
2024-09-14 21:00:44,618 [INFO] ThirdParty:967 - CMSIS Pack Vendor :STMicroelectronics PDM2PCM 3.3.0
2024-09-14 21:00:44,618 [INFO] ThirdParty:787 - exiting critical section [change project]
2024-09-14 21:00:44,939 [INFO] PinOutPanel:1463 - setPackage(No Configuration,No Configuration)
2024-09-14 21:00:44,940 [INFO] PinOutPanel:1463 - setPackage(STM32F103C6Ux,UFQFPN48)
2024-09-14 21:00:45,429 [INFO] UtilMem:74 - Before build in PCC Used Memory: 363866192 Bytes (416284672)
2024-09-14 21:00:46,232 [INFO] UtilMem:74 - After build in PCC Used Memory: 381867504 Bytes (443547648)
2024-09-14 21:00:46,257 [INFO] IPUIPlugin:74 - create IPUIPlugin
2024-09-14 21:00:46,257 [INFO] IPUIPlugin:74 - create IPUIPlugin
2024-09-14 21:00:46,257 [INFO] IPUIPlugin:74 - create IPUIPlugin
2024-09-14 21:00:46,257 [INFO] IPUIPlugin:74 - create IPUIPlugin
2024-09-14 21:00:46,258 [INFO] IPUIPlugin:74 - create IPUIPlugin
2024-09-14 21:00:46,258 [INFO] IPUIPlugin:74 - create IPUIPlugin
2024-09-14 21:00:46,258 [INFO] IPUIPlugin:74 - create IPUIPlugin
2024-09-14 21:00:46,258 [INFO] IPUIPlugin:74 - create IPUIPlugin
2024-09-14 21:00:46,258 [INFO] IPUIPlugin:74 - create IPUIPlugin
2024-09-14 21:00:46,258 [INFO] IPUIPlugin:74 - create IPUIPlugin
2024-09-14 21:00:46,258 [INFO] IPUIPlugin:74 - create IPUIPlugin
2024-09-14 21:00:46,259 [INFO] IPUIPlugin:74 - create IPUIPlugin
2024-09-14 21:00:46,259 [INFO] IPUIPlugin:74 - create IPUIPlugin
2024-09-14 21:00:46,259 [INFO] IPUIPlugin:74 - create IPUIPlugin
2024-09-14 21:00:46,259 [INFO] IPUIPlugin:74 - create IPUIPlugin
2024-09-14 21:00:46,260 [INFO] IPUIPlugin:74 - create IPUIPlugin
2024-09-14 21:00:46,260 [INFO] IPUIPlugin:74 - create IPUIPlugin
2024-09-14 21:00:46,260 [INFO] IPUIPlugin:74 - create IPUIPlugin
2024-09-14 21:00:46,260 [INFO] IPUIPlugin:74 - create IPUIPlugin
2024-09-14 21:00:46,261 [INFO] IPUIPlugin:74 - create IPUIPlugin
2024-09-14 21:00:46,261 [INFO] IPUIPlugin:74 - create IPUIPlugin
2024-09-14 21:00:46,262 [INFO] IPUIPlugin:74 - create IPUIPlugin
2024-09-14 21:00:46,262 [INFO] IPUIPlugin:74 - create IPUIPlugin
2024-09-14 21:00:46,380 [INFO] OpenFileManager:333 - Restore cursor
2024-09-14 21:00:46,702 [INFO] UtilMem:74 - End SaveConfig() Used Memory: 395149152 Bytes (443547648)
2024-09-14 21:00:46,755 [INFO] UtilMem:74 - End SaveConfig() Used Memory: 389085576 Bytes (443547648)
2024-09-14 21:00:47,141 [INFO] BlockDiagram:2740 - set Specific Code input for plugin: NVIC
2024-09-14 21:00:47,141 [INFO] BlockDiagram:2740 - set Specific Code input for plugin: SYS
2024-09-14 21:00:47,141 [INFO] BlockDiagram:2740 - set Specific Code input for plugin: RCC
2024-09-14 21:00:47,142 [INFO] CodeGenerator:663 - code generatio: config db path: D:\STM32CubeIDE\STM32CubeIDE_1.7.0\STM32CubeIDE\plugins\com.st.stm32cube.common.mx_6.3.0.202107141111\\db\
2024-09-14 21:00:47,474 [INFO] CodeEngine:239 - oldGeneratedFile, D:\Study_Space\BKU\HK241\microprocessor\lab1_ex6V2\EX6\MXTmpFiles\license.tmp_save
2024-09-14 21:00:47,881 [INFO] CodeEngine:257 - Generated code: D:\Study_Space\BKU\HK241\microprocessor\lab1_ex6V2\EX6\MXTmpFiles\license.tmp
2024-09-14 21:00:48,025 [INFO] CodeEngine:239 - oldGeneratedFile, D:\Study_Space\BKU\HK241\microprocessor\lab1_ex6V2\EX6\Core\Src\stm32f1xx_it.c_save
2024-09-14 21:00:48,194 [INFO] CodeEngine:257 - Generated code: D:\Study_Space\BKU\HK241\microprocessor\lab1_ex6V2\EX6\Core\Src\stm32f1xx_it.c
2024-09-14 21:00:48,197 [INFO] CodeEngine:239 - oldGeneratedFile, D:\Study_Space\BKU\HK241\microprocessor\lab1_ex6V2\EX6\Core\Inc\stm32f1xx_it.h_save
2024-09-14 21:00:48,275 [INFO] CodeEngine:257 - Generated code: D:\Study_Space\BKU\HK241\microprocessor\lab1_ex6V2\EX6\Core\Inc\stm32f1xx_it.h
2024-09-14 21:00:48,284 [INFO] CodeEngine:239 - oldGeneratedFile, D:\Study_Space\BKU\HK241\microprocessor\lab1_ex6V2\EX6\Core\Src\stm32f1xx_hal_msp.c_save
2024-09-14 21:00:48,413 [INFO] CodeEngine:257 - Generated code: D:\Study_Space\BKU\HK241\microprocessor\lab1_ex6V2\EX6\Core\Src\stm32f1xx_hal_msp.c
2024-09-14 21:00:48,416 [INFO] CodeEngine:239 - oldGeneratedFile, D:\Study_Space\BKU\HK241\microprocessor\lab1_ex6V2\EX6\MXTmpFiles\system.tmp_save
2024-09-14 21:00:48,461 [INFO] CodeEngine:257 - Generated code: D:\Study_Space\BKU\HK241\microprocessor\lab1_ex6V2\EX6\MXTmpFiles\system.tmp
2024-09-14 21:00:48,467 [INFO] CodeEngine:239 - oldGeneratedFile, D:\Study_Space\BKU\HK241\microprocessor\lab1_ex6V2\EX6\Core\Inc\stm32f1xx_hal_conf.h_save
2024-09-14 21:00:48,575 [INFO] CodeEngine:257 - Generated code: D:\Study_Space\BKU\HK241\microprocessor\lab1_ex6V2\EX6\Core\Inc\stm32f1xx_hal_conf.h
2024-09-14 21:00:48,606 [INFO] CodeEngine:239 - oldGeneratedFile, D:\Study_Space\BKU\HK241\microprocessor\lab1_ex6V2\EX6\Core\Inc\main.h_save
2024-09-14 21:00:48,723 [INFO] CodeEngine:257 - Generated code: D:\Study_Space\BKU\HK241\microprocessor\lab1_ex6V2\EX6\Core\Inc\main.h
2024-09-14 21:00:48,726 [INFO] CodeEngine:239 - oldGeneratedFile, D:\Study_Space\BKU\HK241\microprocessor\lab1_ex6V2\EX6\Core\Src\main.c_save
2024-09-14 21:00:48,900 [INFO] CodeEngine:257 - Generated code: D:\Study_Space\BKU\HK241\microprocessor\lab1_ex6V2\EX6\Core\Src\main.c
2024-09-14 21:00:50,035 [INFO] ProjectBuilder:2578 - Time for Copy HAL[1] : 84mS.
2024-09-14 21:00:50,040 [INFO] ProjectBuilder:3622 - Project Generator version: 3.14.1
2024-09-14 21:00:50,462 [INFO] ConfigFileManager:1271 - The Die is : DIE412
2024-09-14 21:00:50,492 [INFO] ApiDbMcu:468 - Load IP Config File for FATFS
2024-09-14 21:00:50,524 [INFO] ApiDbMcu:468 - Load IP Config File for FREERTOS
2024-09-14 21:00:50,562 [INFO] ApiDbMcu:468 - Load IP Config File for USB_DEVICE
2024-09-14 21:00:53,955 [INFO] ProjectBuilder:3789 - Time for Generating toolchain IDE Files: 3915mS.
2024-09-14 21:00:53,956 [INFO] ProjectBuilder:2457 - Time for Copy CMSIS : 0mS.
2024-09-14 21:00:53,958 [INFO] ProjectBuilder:2457 - Time for Copy CMSIS : 0mS.
2024-09-14 21:00:55,047 [INFO] McuFinderGlobals:52 - Set McuFinderConnectedMode to true
2024-09-14 21:00:55,049 [INFO] ApiDb:276 - Save user favorites file C:\Users\LAPTOP/.stm32cubeide/favorites.mcus.txt: 0 item(s)
2024-09-14 21:00:55,049 [INFO] ApiDb:280 - User favorites MCUs=[]
2024-09-14 21:14:22,869 [INFO] Gpio:254 - dependency for GPIO []
2024-09-14 21:14:25,136 [INFO] Gpio:254 - dependency for GPIO []
2024-09-14 21:14:26,034 [INFO] UtilMem:74 - End SaveConfig() Used Memory: 841586304 Bytes (965738496)
2024-09-14 21:14:26,842 [INFO] UtilMem:74 - End SaveConfig() Used Memory: 860204576 Bytes (965738496)
2024-09-14 21:14:28,643 [INFO] UtilMem:74 - End SaveConfig() Used Memory: 839626776 Bytes (965738496)
2024-09-14 21:14:29,026 [INFO] BlockDiagram:2740 - set Specific Code input for plugin: NVIC
2024-09-14 21:14:29,026 [INFO] BlockDiagram:2740 - set Specific Code input for plugin: SYS
2024-09-14 21:14:29,028 [INFO] BlockDiagram:2740 - set Specific Code input for plugin: GPIO
2024-09-14 21:14:29,028 [INFO] BlockDiagram:2740 - set Specific Code input for plugin: RCC
2024-09-14 21:14:29,031 [INFO] CodeGenerator:663 - code generatio: config db path: D:\STM32CubeIDE\STM32CubeIDE_1.7.0\STM32CubeIDE\plugins\com.st.stm32cube.common.mx_6.3.0.202107141111\\db\
2024-09-14 21:14:29,438 [INFO] CodeEngine:239 - oldGeneratedFile, D:\Study_Space\BKU\HK241\microprocessor\lab1_ex6V2\EX6\MXTmpFiles\license.tmp_save
2024-09-14 21:14:29,520 [INFO] CodeEngine:257 - Generated code: D:\Study_Space\BKU\HK241\microprocessor\lab1_ex6V2\EX6\MXTmpFiles\license.tmp
2024-09-14 21:14:29,606 [INFO] CodeEngine:239 - oldGeneratedFile, D:\Study_Space\BKU\HK241\microprocessor\lab1_ex6V2\EX6\MXTmpFiles\gpio.tmp_save
2024-09-14 21:14:29,712 [INFO] CodeEngine:257 - Generated code: D:\Study_Space\BKU\HK241\microprocessor\lab1_ex6V2\EX6\MXTmpFiles\gpio.tmp
2024-09-14 21:14:29,781 [INFO] CodeEngine:239 - oldGeneratedFile, D:\Study_Space\BKU\HK241\microprocessor\lab1_ex6V2\EX6\Core\Src\stm32f1xx_it.c_save
2024-09-14 21:14:29,858 [INFO] CodeEngine:257 - Generated code: D:\Study_Space\BKU\HK241\microprocessor\lab1_ex6V2\EX6\Core\Src\stm32f1xx_it.c
2024-09-14 21:14:29,862 [INFO] CodeEngine:239 - oldGeneratedFile, D:\Study_Space\BKU\HK241\microprocessor\lab1_ex6V2\EX6\Core\Inc\stm32f1xx_it.h_save
2024-09-14 21:14:29,909 [INFO] CodeEngine:257 - Generated code: D:\Study_Space\BKU\HK241\microprocessor\lab1_ex6V2\EX6\Core\Inc\stm32f1xx_it.h
2024-09-14 21:14:29,933 [INFO] CodeEngine:239 - oldGeneratedFile, D:\Study_Space\BKU\HK241\microprocessor\lab1_ex6V2\EX6\Core\Src\stm32f1xx_hal_msp.c_save
2024-09-14 21:14:30,008 [INFO] CodeEngine:257 - Generated code: D:\Study_Space\BKU\HK241\microprocessor\lab1_ex6V2\EX6\Core\Src\stm32f1xx_hal_msp.c
2024-09-14 21:14:30,010 [INFO] CodeEngine:239 - oldGeneratedFile, D:\Study_Space\BKU\HK241\microprocessor\lab1_ex6V2\EX6\MXTmpFiles\system.tmp_save
2024-09-14 21:14:30,056 [INFO] CodeEngine:257 - Generated code: D:\Study_Space\BKU\HK241\microprocessor\lab1_ex6V2\EX6\MXTmpFiles\system.tmp
2024-09-14 21:14:30,067 [INFO] CodeEngine:239 - oldGeneratedFile, D:\Study_Space\BKU\HK241\microprocessor\lab1_ex6V2\EX6\Core\Inc\stm32f1xx_hal_conf.h_save
2024-09-14 21:14:30,128 [INFO] CodeEngine:257 - Generated code: D:\Study_Space\BKU\HK241\microprocessor\lab1_ex6V2\EX6\Core\Inc\stm32f1xx_hal_conf.h
2024-09-14 21:14:30,149 [INFO] CodeEngine:239 - oldGeneratedFile, D:\Study_Space\BKU\HK241\microprocessor\lab1_ex6V2\EX6\Core\Inc\main.h_save
2024-09-14 21:14:30,233 [INFO] CodeEngine:257 - Generated code: D:\Study_Space\BKU\HK241\microprocessor\lab1_ex6V2\EX6\Core\Inc\main.h
2024-09-14 21:14:30,243 [INFO] CodeEngine:239 - oldGeneratedFile, D:\Study_Space\BKU\HK241\microprocessor\lab1_ex6V2\EX6\Core\Src\main.c_save
2024-09-14 21:14:30,339 [INFO] CodeEngine:257 - Generated code: D:\Study_Space\BKU\HK241\microprocessor\lab1_ex6V2\EX6\Core\Src\main.c
2024-09-14 21:14:31,755 [INFO] ProjectBuilder:2578 - Time for Copy HAL[1] : 110mS.
2024-09-14 21:14:31,761 [INFO] ProjectBuilder:3622 - Project Generator version: 3.14.1
2024-09-14 21:14:32,400 [INFO] ConfigFileManager:1271 - The Die is : DIE412
2024-09-14 21:14:35,189 [INFO] ProjectBuilder:3789 - Time for Generating toolchain IDE Files: 3428mS.
2024-09-14 21:14:35,190 [INFO] ProjectBuilder:2457 - Time for Copy CMSIS : 1mS.
2024-09-14 21:14:35,192 [INFO] ProjectBuilder:2457 - Time for Copy CMSIS : 0mS.
2024-09-14 21:17:16,578 [INFO] UtilMem:74 - End SaveConfig() Used Memory: 921316536 Bytes (1073741824)
2024-09-14 21:17:17,958 [INFO] UtilMem:74 - End SaveConfig() Used Memory: 946357880 Bytes (1073741824)
2024-09-14 21:17:19,761 [INFO] UtilMem:74 - End SaveConfig() Used Memory: 904906088 Bytes (1073741824)
2024-09-14 21:17:19,999 [INFO] BlockDiagram:2740 - set Specific Code input for plugin: NVIC
2024-09-14 21:17:19,999 [INFO] BlockDiagram:2740 - set Specific Code input for plugin: SYS
2024-09-14 21:17:19,999 [INFO] BlockDiagram:2740 - set Specific Code input for plugin: GPIO
2024-09-14 21:17:19,999 [INFO] BlockDiagram:2740 - set Specific Code input for plugin: RCC
2024-09-14 21:17:19,999 [INFO] CodeGenerator:663 - code generatio: config db path: D:\STM32CubeIDE\STM32CubeIDE_1.7.0\STM32CubeIDE\plugins\com.st.stm32cube.common.mx_6.3.0.202107141111\\db\
2024-09-14 21:17:20,331 [INFO] CodeEngine:239 - oldGeneratedFile, D:\Study_Space\BKU\HK241\microprocessor\lab1_ex6V2\EX6\MXTmpFiles\license.tmp_save
2024-09-14 21:17:20,398 [INFO] CodeEngine:257 - Generated code: D:\Study_Space\BKU\HK241\microprocessor\lab1_ex6V2\EX6\MXTmpFiles\license.tmp
2024-09-14 21:17:20,458 [INFO] CodeEngine:239 - oldGeneratedFile, D:\Study_Space\BKU\HK241\microprocessor\lab1_ex6V2\EX6\MXTmpFiles\gpio.tmp_save
2024-09-14 21:17:20,553 [INFO] CodeEngine:257 - Generated code: D:\Study_Space\BKU\HK241\microprocessor\lab1_ex6V2\EX6\MXTmpFiles\gpio.tmp
2024-09-14 21:17:20,616 [INFO] CodeEngine:239 - oldGeneratedFile, D:\Study_Space\BKU\HK241\microprocessor\lab1_ex6V2\EX6\Core\Src\stm32f1xx_it.c_save
2024-09-14 21:17:20,722 [INFO] CodeEngine:257 - Generated code: D:\Study_Space\BKU\HK241\microprocessor\lab1_ex6V2\EX6\Core\Src\stm32f1xx_it.c
2024-09-14 21:17:20,732 [INFO] CodeEngine:239 - oldGeneratedFile, D:\Study_Space\BKU\HK241\microprocessor\lab1_ex6V2\EX6\Core\Inc\stm32f1xx_it.h_save
2024-09-14 21:17:20,799 [INFO] CodeEngine:257 - Generated code: D:\Study_Space\BKU\HK241\microprocessor\lab1_ex6V2\EX6\Core\Inc\stm32f1xx_it.h
2024-09-14 21:17:20,818 [INFO] CodeEngine:239 - oldGeneratedFile, D:\Study_Space\BKU\HK241\microprocessor\lab1_ex6V2\EX6\Core\Src\stm32f1xx_hal_msp.c_save
2024-09-14 21:17:20,898 [INFO] CodeEngine:257 - Generated code: D:\Study_Space\BKU\HK241\microprocessor\lab1_ex6V2\EX6\Core\Src\stm32f1xx_hal_msp.c
2024-09-14 21:17:20,898 [INFO] CodeEngine:239 - oldGeneratedFile, D:\Study_Space\BKU\HK241\microprocessor\lab1_ex6V2\EX6\MXTmpFiles\system.tmp_save
2024-09-14 21:17:20,934 [INFO] CodeEngine:257 - Generated code: D:\Study_Space\BKU\HK241\microprocessor\lab1_ex6V2\EX6\MXTmpFiles\system.tmp
2024-09-14 21:17:20,951 [INFO] CodeEngine:239 - oldGeneratedFile, D:\Study_Space\BKU\HK241\microprocessor\lab1_ex6V2\EX6\Core\Inc\stm32f1xx_hal_conf.h_save
2024-09-14 21:17:21,048 [INFO] CodeEngine:257 - Generated code: D:\Study_Space\BKU\HK241\microprocessor\lab1_ex6V2\EX6\Core\Inc\stm32f1xx_hal_conf.h
2024-09-14 21:17:21,083 [INFO] CodeEngine:239 - oldGeneratedFile, D:\Study_Space\BKU\HK241\microprocessor\lab1_ex6V2\EX6\Core\Inc\main.h_save
2024-09-14 21:17:21,138 [INFO] CodeEngine:257 - Generated code: D:\Study_Space\BKU\HK241\microprocessor\lab1_ex6V2\EX6\Core\Inc\main.h
2024-09-14 21:17:21,148 [INFO] CodeEngine:239 - oldGeneratedFile, D:\Study_Space\BKU\HK241\microprocessor\lab1_ex6V2\EX6\Core\Src\main.c_save
2024-09-14 21:17:21,253 [INFO] CodeEngine:257 - Generated code: D:\Study_Space\BKU\HK241\microprocessor\lab1_ex6V2\EX6\Core\Src\main.c
2024-09-14 21:17:22,101 [INFO] ProjectBuilder:2578 - Time for Copy HAL[1] : 63mS.
2024-09-14 21:17:22,105 [INFO] ProjectBuilder:3622 - Project Generator version: 3.14.1
2024-09-14 21:17:23,063 [INFO] ConfigFileManager:1271 - The Die is : DIE412
2024-09-14 21:17:25,028 [INFO] ProjectBuilder:3789 - Time for Generating toolchain IDE Files: 2923mS.
2024-09-14 21:17:25,038 [INFO] ProjectBuilder:2457 - Time for Copy CMSIS : 0mS.
2024-09-14 21:17:25,038 [INFO] ProjectBuilder:2457 - Time for Copy CMSIS : 0mS.
