2024-09-20 08:05:17,207 [INFO] Activator:177 - 


2024-09-20 08:05:17,208 [INFO] Activator:178 - !SESSION log4j initialized
2024-09-20 08:05:54,344 [INFO] McuFinderGlobals:39 - Set McuFinder mode to 2 (CubeIDE integrated)
2024-09-20 08:05:54,432 [INFO] ApplicationProperties:181 - Using Application install path: D:\STM32CubeIDE\STM32CubeIDE_1.7.0\STM32CubeIDE\plugins\com.st.stm32cube.common.mx_6.3.0.202107141111
2024-09-20 08:05:54,439 [INFO] DbMcusXml:74 - Set database path to: D:\STM32CubeIDE\STM32CubeIDE_1.7.0\STM32CubeIDE\plugins\com.st.stm32cube.common.mx_6.3.0.202107141111\\db\/mcu/
2024-09-20 08:05:54,441 [INFO] DbBoardsPdsc:56 - Set plugin database path to: D:\STM32CubeIDE\STM32CubeIDE_1.7.0\STM32CubeIDE\plugins\com.st.stm32cube.common.mx_6.3.0.202107141111\\db\/plugins/boardmanager/
2024-09-20 08:05:54,442 [INFO] DbMcus:258 - Set plugin images path to: D:\STM32CubeIDE\STM32CubeIDE_1.7.0\STM32CubeIDE\plugins\com.st.stm32cube.common.mx_6.3.0.202107141111\\db\/plugins/mcufinder/images/
2024-09-20 08:05:54,442 [INFO] DbBoards:264 - Set plugin images path to: D:\STM32CubeIDE\STM32CubeIDE_1.7.0\STM32CubeIDE\plugins\com.st.stm32cube.common.mx_6.3.0.202107141111\\db\/plugins/mcufinder/images/
2024-09-20 08:05:54,443 [INFO] DbExamples:333 - Set plugin images path to: D:\STM32CubeIDE\STM32CubeIDE_1.7.0\STM32CubeIDE\plugins\com.st.stm32cube.common.mx_6.3.0.202107141111\\db\/plugins/mcufinder/images/
2024-09-20 08:05:54,446 [INFO] DbMcusAds:119 - Set database path to: C:\Users\LAPTOP\.stmcufinder\plugins\mcufinder//mcu/
2024-09-20 08:05:54,447 [INFO] DbMcusDocs:110 - Set database path to: C:\Users\LAPTOP\.stmcufinder\plugins\mcufinder//mcu/
2024-09-20 08:05:54,448 [INFO] DbMcusJson:64 - Set database path to: C:\Users\LAPTOP\.stmcufinder\plugins\mcufinder//mcu/
2024-09-20 08:05:54,449 [INFO] DbBoardsDocs:110 - Set database path to: C:\Users\LAPTOP\.stmcufinder\plugins\mcufinder//mcu/
2024-09-20 08:05:54,449 [INFO] DbBoardsJson:57 - Set database path to: C:\Users\LAPTOP\.stmcufinder\plugins\mcufinder//mcu/
2024-09-20 08:05:54,458 [INFO] CrossReferenceDbSqlite:196 - Set database path to: C:\Users\LAPTOP\.stmcufinder\plugins\mcufinder//mcu/cs/
2024-09-20 08:05:54,461 [INFO] DbExamplesSqlite:767 - Set database path to: C:\Users\LAPTOP\.stmcufinder\plugins\mcufinder//mcu/
2024-09-20 08:05:54,522 [INFO] RulesReader:57 - Compatibility file has been processed (242 Rules)
2024-09-20 08:05:54,575 [INFO] DbMcusXml:74 - Set database path to: D:\STM32CubeIDE\STM32CubeIDE_1.7.0\STM32CubeIDE\plugins\com.st.stm32cube.common.mx_6.3.0.202107141111\\db\/mcu/
2024-09-20 08:05:54,575 [INFO] DbBoardsPdsc:56 - Set plugin database path to: D:\STM32CubeIDE\STM32CubeIDE_1.7.0\STM32CubeIDE\plugins\com.st.stm32cube.common.mx_6.3.0.202107141111\\db\/plugins/boardmanager/
2024-09-20 08:05:54,576 [INFO] DbMcus:258 - Set plugin images path to: D:\STM32CubeIDE\STM32CubeIDE_1.7.0\STM32CubeIDE\plugins\com.st.stm32cube.common.mx_6.3.0.202107141111\\db\/plugins/mcufinder/images/
2024-09-20 08:05:54,576 [INFO] DbBoards:264 - Set plugin images path to: D:\STM32CubeIDE\STM32CubeIDE_1.7.0\STM32CubeIDE\plugins\com.st.stm32cube.common.mx_6.3.0.202107141111\\db\/plugins/mcufinder/images/
2024-09-20 08:05:54,576 [INFO] DbExamples:333 - Set plugin images path to: D:\STM32CubeIDE\STM32CubeIDE_1.7.0\STM32CubeIDE\plugins\com.st.stm32cube.common.mx_6.3.0.202107141111\\db\/plugins/mcufinder/images/
2024-09-20 08:05:54,576 [WARN] DbFile:35 - Overriding database path with different value: C:\Users\LAPTOP\.stmcufinder\plugins\mcufinder/ => C:\Users\LAPTOP\.stmcufinder\plugins\mcufinder
2024-09-20 08:05:54,576 [INFO] DbMcusAds:119 - Set database path to: C:\Users\LAPTOP\.stmcufinder\plugins\mcufinder//mcu/
2024-09-20 08:05:54,576 [WARN] DbFile:35 - Overriding database path with different value: C:\Users\LAPTOP\.stmcufinder\plugins\mcufinder/ => C:\Users\LAPTOP\.stmcufinder\plugins\mcufinder
2024-09-20 08:05:54,576 [INFO] DbMcusDocs:110 - Set database path to: C:\Users\LAPTOP\.stmcufinder\plugins\mcufinder//mcu/
2024-09-20 08:05:54,576 [WARN] DbFile:35 - Overriding database path with different value: C:\Users\LAPTOP\.stmcufinder\plugins\mcufinder/ => C:\Users\LAPTOP\.stmcufinder\plugins\mcufinder
2024-09-20 08:05:54,576 [INFO] DbMcusJson:64 - Set database path to: C:\Users\LAPTOP\.stmcufinder\plugins\mcufinder//mcu/
2024-09-20 08:05:54,576 [WARN] DbFile:35 - Overriding database path with different value: C:\Users\LAPTOP\.stmcufinder\plugins\mcufinder/ => C:\Users\LAPTOP\.stmcufinder\plugins\mcufinder
2024-09-20 08:05:54,577 [INFO] DbBoardsDocs:110 - Set database path to: C:\Users\LAPTOP\.stmcufinder\plugins\mcufinder//mcu/
2024-09-20 08:05:54,577 [WARN] DbFile:35 - Overriding database path with different value: C:\Users\LAPTOP\.stmcufinder\plugins\mcufinder/ => C:\Users\LAPTOP\.stmcufinder\plugins\mcufinder
2024-09-20 08:05:54,577 [INFO] DbBoardsJson:57 - Set database path to: C:\Users\LAPTOP\.stmcufinder\plugins\mcufinder//mcu/
2024-09-20 08:05:54,577 [WARN] DbFile:35 - Overriding database path with different value: C:\Users\LAPTOP\.stmcufinder\plugins\mcufinder/ => C:\Users\LAPTOP\.stmcufinder\plugins\mcufinder
2024-09-20 08:05:54,577 [WARN] DbFile:35 - Overriding database path with different value: C:\Users\LAPTOP\.stmcufinder\plugins\mcufinder/ => C:\Users\LAPTOP\.stmcufinder\plugins\mcufinder
2024-09-20 08:05:54,577 [INFO] CrossReferenceDbSqlite:196 - Set database path to: C:\Users\LAPTOP\.stmcufinder\plugins\mcufinder//mcu/cs/
2024-09-20 08:05:54,577 [WARN] DbFile:35 - Overriding database path with different value: C:\Users\LAPTOP\.stmcufinder\plugins\mcufinder/ => C:\Users\LAPTOP\.stmcufinder\plugins\mcufinder
2024-09-20 08:05:54,577 [INFO] DbExamplesSqlite:767 - Set database path to: C:\Users\LAPTOP\.stmcufinder\plugins\mcufinder//mcu/
2024-09-20 08:05:54,645 [INFO] MainPanel:214 - HeapMemory: 305135616
2024-09-20 08:05:54,723 [INFO] DbMcusXml:74 - Set database path to: D:\STM32CubeIDE\STM32CubeIDE_1.7.0\STM32CubeIDE\plugins\com.st.stm32cube.common.mx_6.3.0.202107141111\\db\/mcu/
2024-09-20 08:05:54,723 [INFO] DbBoardsPdsc:56 - Set plugin database path to: D:\STM32CubeIDE\STM32CubeIDE_1.7.0\STM32CubeIDE\plugins\com.st.stm32cube.common.mx_6.3.0.202107141111\\db\/plugins/boardmanager/
2024-09-20 08:05:54,724 [INFO] DbMcus:258 - Set plugin images path to: D:\STM32CubeIDE\STM32CubeIDE_1.7.0\STM32CubeIDE\plugins\com.st.stm32cube.common.mx_6.3.0.202107141111\\db\/plugins/mcufinder/images/
2024-09-20 08:05:54,724 [INFO] DbBoards:264 - Set plugin images path to: D:\STM32CubeIDE\STM32CubeIDE_1.7.0\STM32CubeIDE\plugins\com.st.stm32cube.common.mx_6.3.0.202107141111\\db\/plugins/mcufinder/images/
2024-09-20 08:05:54,724 [INFO] DbExamples:333 - Set plugin images path to: D:\STM32CubeIDE\STM32CubeIDE_1.7.0\STM32CubeIDE\plugins\com.st.stm32cube.common.mx_6.3.0.202107141111\\db\/plugins/mcufinder/images/
2024-09-20 08:05:54,724 [WARN] DbFile:35 - Overriding database path with different value: C:\Users\LAPTOP\.stmcufinder\plugins\mcufinder/ => C:\Users\LAPTOP\.stmcufinder\plugins\mcufinder
2024-09-20 08:05:54,724 [INFO] DbMcusAds:119 - Set database path to: C:\Users\LAPTOP\.stmcufinder\plugins\mcufinder//mcu/
2024-09-20 08:05:54,724 [WARN] DbFile:35 - Overriding database path with different value: C:\Users\LAPTOP\.stmcufinder\plugins\mcufinder/ => C:\Users\LAPTOP\.stmcufinder\plugins\mcufinder
2024-09-20 08:05:54,724 [INFO] DbMcusDocs:110 - Set database path to: C:\Users\LAPTOP\.stmcufinder\plugins\mcufinder//mcu/
2024-09-20 08:05:54,725 [WARN] DbFile:35 - Overriding database path with different value: C:\Users\LAPTOP\.stmcufinder\plugins\mcufinder/ => C:\Users\LAPTOP\.stmcufinder\plugins\mcufinder
2024-09-20 08:05:54,725 [INFO] DbMcusJson:64 - Set database path to: C:\Users\LAPTOP\.stmcufinder\plugins\mcufinder//mcu/
2024-09-20 08:05:54,725 [WARN] DbFile:35 - Overriding database path with different value: C:\Users\LAPTOP\.stmcufinder\plugins\mcufinder/ => C:\Users\LAPTOP\.stmcufinder\plugins\mcufinder
2024-09-20 08:05:54,725 [INFO] DbBoardsDocs:110 - Set database path to: C:\Users\LAPTOP\.stmcufinder\plugins\mcufinder//mcu/
2024-09-20 08:05:54,725 [WARN] DbFile:35 - Overriding database path with different value: C:\Users\LAPTOP\.stmcufinder\plugins\mcufinder/ => C:\Users\LAPTOP\.stmcufinder\plugins\mcufinder
2024-09-20 08:05:54,725 [INFO] DbBoardsJson:57 - Set database path to: C:\Users\LAPTOP\.stmcufinder\plugins\mcufinder//mcu/
2024-09-20 08:05:54,725 [WARN] DbFile:35 - Overriding database path with different value: C:\Users\LAPTOP\.stmcufinder\plugins\mcufinder/ => C:\Users\LAPTOP\.stmcufinder\plugins\mcufinder
2024-09-20 08:05:54,725 [WARN] DbFile:35 - Overriding database path with different value: C:\Users\LAPTOP\.stmcufinder\plugins\mcufinder/ => C:\Users\LAPTOP\.stmcufinder\plugins\mcufinder
2024-09-20 08:05:54,725 [INFO] CrossReferenceDbSqlite:196 - Set database path to: C:\Users\LAPTOP\.stmcufinder\plugins\mcufinder//mcu/cs/
2024-09-20 08:05:54,725 [WARN] DbFile:35 - Overriding database path with different value: C:\Users\LAPTOP\.stmcufinder\plugins\mcufinder/ => C:\Users\LAPTOP\.stmcufinder\plugins\mcufinder
2024-09-20 08:05:54,725 [INFO] DbExamplesSqlite:767 - Set database path to: C:\Users\LAPTOP\.stmcufinder\plugins\mcufinder//mcu/
2024-09-20 08:05:54,743 [INFO] ApplicationProperties:181 - Using Application install path: D:\STM32CubeIDE\STM32CubeIDE_1.7.0\STM32CubeIDE\plugins\com.st.stm32cube.common.mx_6.3.0.202107141111
2024-09-20 08:05:54,744 [INFO] PluginManage:188 - Search for loadable plugins [exclusion list=, ]
2024-09-20 08:05:54,745 [INFO] PluginManage:302 - Check plugin analytics
2024-09-20 08:05:54,877 [INFO] AnalyticsPlugin:257 - Accepted Software Licenses: 
2024-09-20 08:05:54,877 [INFO] AnalyticsPlugin:259 - Accepted CMSIS Pack Licenses: 
2024-09-20 08:05:54,877 [INFO] AnalyticsPlugin:261 - Accepted Firmware Licenses: 
2024-09-20 08:05:54,878 [INFO] PluginManage:352 - Loaded plugin analytics (category:tool,tabindex:-1)
2024-09-20 08:05:54,878 [INFO] PluginManage:302 - Check plugin clock
2024-09-20 08:05:54,885 [INFO] PluginManage:352 - Loaded plugin clock (category:base,tabindex:2)
2024-09-20 08:05:54,885 [INFO] PluginManage:302 - Check plugin ddr
2024-09-20 08:05:54,887 [INFO] PluginManage:352 - Loaded plugin ddr (category:tool,tabindex:6)
2024-09-20 08:05:54,887 [INFO] PluginManage:302 - Check plugin filemanager
2024-09-20 08:05:54,982 [INFO] PluginManage:352 - Loaded plugin filemanager (category:base,tabindex:10)
2024-09-20 08:05:54,983 [INFO] PluginManage:302 - Check plugin ipmanager
2024-09-20 08:05:54,989 [INFO] PluginManage:352 - Loaded plugin ipmanager (category:base,tabindex:5)
2024-09-20 08:05:54,990 [INFO] PluginManage:302 - Check plugin pinoutandconfiguration
2024-09-20 08:05:54,997 [INFO] PluginManage:352 - Loaded plugin pinoutandconfiguration (category:base,tabindex:1)
2024-09-20 08:05:54,998 [INFO] PluginManage:302 - Check plugin pinoutconfig
2024-09-20 08:05:55,022 [INFO] PluginManage:352 - Loaded plugin pinoutconfig (category:base,tabindex:0)
2024-09-20 08:05:55,022 [INFO] PluginManage:302 - Check plugin power
2024-09-20 08:05:55,029 [INFO] PluginManage:352 - Loaded plugin power (category:power,tabindex:4)
2024-09-20 08:05:55,030 [INFO] PluginManage:302 - Check plugin projectmanager
2024-09-20 08:05:55,046 [INFO] PluginManage:352 - Loaded plugin projectmanager (category:projectmanager,tabindex:3)
2024-09-20 08:05:55,047 [INFO] PluginManage:302 - Check plugin thirdparty
2024-09-20 08:05:55,150 [WARN] IntegrityCheckThread:78 - waiting for thirdparty lock release [integrity check]
2024-09-20 08:05:55,150 [INFO] PluginManage:352 - Loaded plugin thirdparty (category:base,tabindex:-1)
2024-09-20 08:05:55,151 [INFO] PluginManage:302 - Check plugin tools
2024-09-20 08:05:55,151 [INFO] IntegrityCheckThread:80 - entering critical section [integrity check]
2024-09-20 08:05:55,153 [INFO] ThirdPartyUpdaterWithRetryManager:66 - Updater plugin not ready yet. [1/15]
2024-09-20 08:05:55,155 [INFO] PluginManage:352 - Loaded plugin tools (category:base,tabindex:7)
2024-09-20 08:05:55,155 [INFO] PluginManage:302 - Check plugin tutovideos
2024-09-20 08:05:55,331 [INFO] PluginManage:352 - Loaded plugin tutovideos (category:base,tabindex:-1)
2024-09-20 08:05:55,331 [INFO] PluginManage:302 - Check plugin updater
2024-09-20 08:05:55,353 [INFO] PluginManage:352 - Loaded plugin updater (category:base,tabindex:12)
2024-09-20 08:05:55,353 [INFO] PluginManage:275 - PluginManage : Loaded plugins [13]
2024-09-20 08:05:55,554 [INFO] PinOutPanel:1463 - setPackage(No Configuration,No Configuration)
2024-09-20 08:05:55,638 [INFO] IPUIPlugin:74 - create IPUIPlugin
2024-09-20 08:05:55,638 [INFO] PluginManager:213 - loadIPPluginJar : add adc
2024-09-20 08:05:55,640 [INFO] IPUIPlugin:74 - create IPUIPlugin
2024-09-20 08:05:55,640 [INFO] PluginManager:213 - loadIPPluginJar : add aes
2024-09-20 08:05:55,642 [INFO] IPUIPlugin:74 - create IPUIPlugin
2024-09-20 08:05:55,642 [INFO] PluginManager:213 - loadIPPluginJar : add can
2024-09-20 08:05:55,643 [INFO] IPUIPlugin:74 - create IPUIPlugin
2024-09-20 08:05:55,643 [INFO] PluginManager:213 - loadIPPluginJar : add comp
2024-09-20 08:05:55,646 [INFO] IPUIPlugin:74 - create IPUIPlugin
2024-09-20 08:05:55,646 [INFO] PluginManager:213 - loadIPPluginJar : add cryp
2024-09-20 08:05:55,647 [INFO] IPUIPlugin:74 - create IPUIPlugin
2024-09-20 08:05:55,648 [INFO] PluginManager:213 - loadIPPluginJar : add dfsdm
2024-09-20 08:05:55,653 [INFO] IPUIPlugin:74 - create IPUIPlugin
2024-09-20 08:05:55,653 [INFO] PluginManager:213 - loadIPPluginJar : add dma
2024-09-20 08:05:55,655 [INFO] IPUIPlugin:74 - create IPUIPlugin
2024-09-20 08:05:55,655 [INFO] PluginManager:213 - loadIPPluginJar : add dma3
2024-09-20 08:05:55,656 [INFO] IPUIPlugin:74 - create IPUIPlugin
2024-09-20 08:05:55,656 [INFO] PluginManager:213 - loadIPPluginJar : add fatfs
2024-09-20 08:05:55,659 [INFO] IPUIPlugin:74 - create IPUIPlugin
2024-09-20 08:05:55,659 [INFO] PluginManager:213 - loadIPPluginJar : add fmc
2024-09-20 08:05:55,664 [INFO] IPUIPlugin:74 - create IPUIPlugin
2024-09-20 08:05:55,664 [INFO] PluginManager:213 - loadIPPluginJar : add freertos
2024-09-20 08:05:55,665 [INFO] IPUIPlugin:74 - create IPUIPlugin
2024-09-20 08:05:55,666 [INFO] PluginManager:213 - loadIPPluginJar : add genericplugin
2024-09-20 08:05:55,668 [INFO] IPUIPlugin:74 - create IPUIPlugin
2024-09-20 08:05:55,668 [INFO] PluginManager:213 - loadIPPluginJar : add gfxmmu
2024-09-20 08:05:55,671 [INFO] IPUIPlugin:74 - create IPUIPlugin
2024-09-20 08:05:55,672 [INFO] PluginManager:213 - loadIPPluginJar : add gic
2024-09-20 08:05:55,675 [INFO] IPUIPlugin:74 - create IPUIPlugin
2024-09-20 08:05:55,675 [INFO] PluginManager:213 - loadIPPluginJar : add gpio
2024-09-20 08:05:55,677 [INFO] IPUIPlugin:74 - create IPUIPlugin
2024-09-20 08:05:55,677 [INFO] PluginManager:213 - loadIPPluginJar : add gtzc
2024-09-20 08:05:55,678 [INFO] IPUIPlugin:74 - create IPUIPlugin
2024-09-20 08:05:55,678 [INFO] PluginManager:213 - loadIPPluginJar : add hash
2024-09-20 08:05:55,681 [INFO] IPUIPlugin:74 - create IPUIPlugin
2024-09-20 08:05:55,681 [INFO] PluginManager:213 - loadIPPluginJar : add i2c
2024-09-20 08:05:55,683 [INFO] IPUIPlugin:74 - create IPUIPlugin
2024-09-20 08:05:55,683 [INFO] PluginManager:213 - loadIPPluginJar : add i2s
2024-09-20 08:05:55,685 [INFO] IPUIPlugin:74 - create IPUIPlugin
2024-09-20 08:05:55,685 [INFO] PluginManager:213 - loadIPPluginJar : add ipddr
2024-09-20 08:05:55,691 [INFO] IPUIPlugin:74 - create IPUIPlugin
2024-09-20 08:05:55,691 [INFO] PluginManager:213 - loadIPPluginJar : add linkedlist
2024-09-20 08:05:55,693 [INFO] IPUIPlugin:74 - create IPUIPlugin
2024-09-20 08:05:55,693 [INFO] PluginManager:213 - loadIPPluginJar : add lorawan
2024-09-20 08:05:55,694 [INFO] IPUIPlugin:74 - create IPUIPlugin
2024-09-20 08:05:55,694 [INFO] PluginManager:213 - loadIPPluginJar : add ltdc
2024-09-20 08:05:55,697 [INFO] IPUIPlugin:74 - create IPUIPlugin
2024-09-20 08:05:55,697 [INFO] PluginManager:213 - loadIPPluginJar : add mdma
2024-09-20 08:05:55,699 [INFO] IPUIPlugin:74 - create IPUIPlugin
2024-09-20 08:05:55,699 [INFO] PluginManager:213 - loadIPPluginJar : add nvic
2024-09-20 08:05:55,701 [INFO] IPUIPlugin:74 - create IPUIPlugin
2024-09-20 08:05:55,701 [INFO] PluginManager:213 - loadIPPluginJar : add opamp
2024-09-20 08:05:55,703 [INFO] IPUIPlugin:74 - create IPUIPlugin
2024-09-20 08:05:55,703 [INFO] PluginManager:213 - loadIPPluginJar : add openamp
2024-09-20 08:05:55,705 [INFO] IPUIPlugin:74 - create IPUIPlugin
2024-09-20 08:05:55,705 [INFO] PluginManager:213 - loadIPPluginJar : add pdm2pcm
2024-09-20 08:05:55,710 [INFO] IPUIPlugin:74 - create IPUIPlugin
2024-09-20 08:05:55,713 [INFO] PluginManager:213 - loadIPPluginJar : add plateformsettings
2024-09-20 08:05:55,715 [INFO] IPUIPlugin:74 - create IPUIPlugin
2024-09-20 08:05:55,715 [INFO] PluginManager:213 - loadIPPluginJar : add quadspi
2024-09-20 08:05:55,717 [INFO] IPUIPlugin:74 - create IPUIPlugin
2024-09-20 08:05:55,717 [INFO] PluginManager:213 - loadIPPluginJar : add resmgrutility
2024-09-20 08:05:55,719 [INFO] IPUIPlugin:74 - create IPUIPlugin
2024-09-20 08:05:55,719 [INFO] PluginManager:213 - loadIPPluginJar : add sai
2024-09-20 08:05:55,721 [INFO] IPUIPlugin:74 - create IPUIPlugin
2024-09-20 08:05:55,721 [INFO] PluginManager:213 - loadIPPluginJar : add spi
2024-09-20 08:05:55,723 [INFO] IPUIPlugin:74 - create IPUIPlugin
2024-09-20 08:05:55,723 [INFO] PluginManager:213 - loadIPPluginJar : add stm32_wpan
2024-09-20 08:05:55,725 [INFO] IPUIPlugin:74 - create IPUIPlugin
2024-09-20 08:05:55,725 [INFO] PluginManager:213 - loadIPPluginJar : add tim
2024-09-20 08:05:55,727 [INFO] IPUIPlugin:74 - create IPUIPlugin
2024-09-20 08:05:55,727 [INFO] PluginManager:213 - loadIPPluginJar : add touchsensing
2024-09-20 08:05:55,728 [INFO] IPUIPlugin:74 - create IPUIPlugin
2024-09-20 08:05:55,728 [INFO] PluginManager:213 - loadIPPluginJar : add tracer_emb
2024-09-20 08:05:55,729 [INFO] IPUIPlugin:74 - create IPUIPlugin
2024-09-20 08:05:55,729 [INFO] PluginManager:213 - loadIPPluginJar : add ts
2024-09-20 08:05:55,730 [INFO] IPUIPlugin:74 - create IPUIPlugin
2024-09-20 08:05:55,730 [INFO] PluginManager:213 - loadIPPluginJar : add tsc
2024-09-20 08:05:55,732 [INFO] IPUIPlugin:74 - create IPUIPlugin
2024-09-20 08:05:55,732 [INFO] PluginManager:213 - loadIPPluginJar : add ucpd
2024-09-20 08:05:55,734 [INFO] IPUIPlugin:74 - create IPUIPlugin
2024-09-20 08:05:55,734 [INFO] PluginManager:213 - loadIPPluginJar : add usart
2024-09-20 08:05:55,736 [INFO] IPUIPlugin:74 - create IPUIPlugin
2024-09-20 08:05:55,736 [INFO] PluginManager:213 - loadIPPluginJar : add usbx
2024-09-20 08:05:56,006 [FATAL] Updater:294 - Updater called before beeing initialized
2024-09-20 08:05:56,149 [FATAL] Updater:294 - Updater called before beeing initialized
2024-09-20 08:05:56,155 [INFO] DbMcusAds:47 - JSON generation date=Thu May 16 16:22:00 ICT 2024 (1715851320667)
2024-09-20 08:05:56,155 [FATAL] Updater:294 - Updater called before beeing initialized
2024-09-20 08:05:56,192 [WARN] DetailPanel:314 - Failed to get advertising image, set to default
2024-09-20 08:05:56,276 [FATAL] Updater:294 - Updater called before beeing initialized
2024-09-20 08:05:56,278 [FATAL] Updater:294 - Updater called before beeing initialized
2024-09-20 08:05:56,278 [FATAL] Updater:294 - Updater called before beeing initialized
2024-09-20 08:05:56,278 [WARN] DetailPanel:314 - Failed to get advertising image, set to default
2024-09-20 08:05:56,279 [FATAL] Updater:294 - Updater called before beeing initialized
2024-09-20 08:05:56,327 [ERROR] Updater:1075 - MainUpdater not yet initialized. External WinMGr cannot be set.
2024-09-20 08:05:56,329 [INFO] Updater:1012 - Updater Version found : 6.3.0
2024-09-20 08:05:56,355 [INFO] ApplicationProperties:181 - Using Application install path: D:\STM32CubeIDE\STM32CubeIDE_1.7.0\STM32CubeIDE\plugins\com.st.stm32cube.common.mx_6.3.0.202107141111
2024-09-20 08:05:56,621 [INFO] MainUpdater:2671 - connection check result : 10
2024-09-20 08:05:56,622 [INFO] MainUpdater:265 - Updater Check For Update Now.
2024-09-20 08:05:56,622 [INFO] MicroXplorer:478 - Change Database Version : DB.6.0.30
2024-09-20 08:05:56,771 [INFO] CheckServerUpdateThread:112 - End of CheckServer Thread
2024-09-20 08:05:56,846 [INFO] MainUpdater:2671 - connection check result : 10
2024-09-20 08:05:56,869 [INFO] McuFinderGlobals:52 - Set McuFinderConnectedMode to true
2024-09-20 08:05:57,012 [INFO] ServerAccessManage:362 - Download File mcusAds.json._tmp_
2024-09-20 08:05:57,164 [INFO] LoadUrlFilesThread:145 - End of LoadUrlFiles Thread
2024-09-20 08:05:57,864 [INFO] ServerAccessManage:362 - Download File mcusDocs.json._tmp_
2024-09-20 08:05:58,159 [WARN] MainUpdater:1122 - Updater busy. Cannot search thirdparties
2024-09-20 08:05:58,159 [INFO] ThirdPartyUpdaterWithRetryManager:92 - Updater plugin is busy. [1/15]
2024-09-20 08:05:58,604 [INFO] LoadUrlFilesThread:145 - End of LoadUrlFiles Thread
2024-09-20 08:05:58,833 [INFO] ServerAccessManage:362 - Download File mcusFeaturesAndDescription.json._tmp_
2024-09-20 08:06:01,163 [WARN] MainUpdater:1122 - Updater busy. Cannot search thirdparties
2024-09-20 08:06:01,163 [INFO] ThirdPartyUpdaterWithRetryManager:92 - Updater plugin is busy. [2/15]
2024-09-20 08:06:04,173 [WARN] MainUpdater:1122 - Updater busy. Cannot search thirdparties
2024-09-20 08:06:04,173 [INFO] ThirdPartyUpdaterWithRetryManager:92 - Updater plugin is busy. [3/15]
2024-09-20 08:06:05,010 [INFO] LoadUrlFilesThread:145 - End of LoadUrlFiles Thread
2024-09-20 08:06:05,202 [INFO] ServerAccessManage:362 - Download File boardsDocs.json._tmp_
2024-09-20 08:06:05,332 [INFO] LoadUrlFilesThread:145 - End of LoadUrlFiles Thread
2024-09-20 08:06:05,540 [INFO] ServerAccessManage:362 - Download File boards.json._tmp_
2024-09-20 08:06:05,830 [INFO] LoadUrlFilesThread:145 - End of LoadUrlFiles Thread
2024-09-20 08:06:06,024 [INFO] ServerAccessManage:362 - Download File cube-finder-db.zip
2024-09-20 08:06:07,186 [WARN] MainUpdater:1122 - Updater busy. Cannot search thirdparties
2024-09-20 08:06:07,186 [INFO] ThirdPartyUpdaterWithRetryManager:92 - Updater plugin is busy. [4/15]
2024-09-20 08:06:10,186 [WARN] MainUpdater:1122 - Updater busy. Cannot search thirdparties
2024-09-20 08:06:10,186 [INFO] ThirdPartyUpdaterWithRetryManager:92 - Updater plugin is busy. [5/15]
2024-09-20 08:06:13,193 [WARN] MainUpdater:1122 - Updater busy. Cannot search thirdparties
2024-09-20 08:06:13,193 [INFO] ThirdPartyUpdaterWithRetryManager:92 - Updater plugin is busy. [6/15]
2024-09-20 08:06:16,200 [WARN] MainUpdater:1122 - Updater busy. Cannot search thirdparties
2024-09-20 08:06:16,200 [INFO] ThirdPartyUpdaterWithRetryManager:92 - Updater plugin is busy. [7/15]
2024-09-20 08:06:19,214 [WARN] MainUpdater:1122 - Updater busy. Cannot search thirdparties
2024-09-20 08:06:19,214 [INFO] ThirdPartyUpdaterWithRetryManager:92 - Updater plugin is busy. [8/15]
2024-09-20 08:06:22,228 [WARN] MainUpdater:1122 - Updater busy. Cannot search thirdparties
2024-09-20 08:06:22,228 [INFO] ThirdPartyUpdaterWithRetryManager:92 - Updater plugin is busy. [9/15]
2024-09-20 08:06:22,558 [INFO] FileExtend:235 - Unzip File : cube-finder-db.zip
2024-09-20 08:06:22,558 [INFO] FileExtend:250 - Standard Zip Deflate
2024-09-20 08:06:23,778 [INFO] LoadUrlFilesThread:145 - End of LoadUrlFiles Thread
2024-09-20 08:06:24,935 [INFO] ServerAccessManage:362 - Download File crdb.zip
2024-09-20 08:06:25,243 [WARN] MainUpdater:1122 - Updater busy. Cannot search thirdparties
2024-09-20 08:06:25,243 [INFO] ThirdPartyUpdaterWithRetryManager:92 - Updater plugin is busy. [10/15]
2024-09-20 08:06:26,446 [INFO] FileExtend:235 - Unzip File : crdb.zip
2024-09-20 08:06:26,447 [INFO] FileExtend:250 - Standard Zip Deflate
2024-09-20 08:06:26,612 [INFO] LoadUrlFilesThread:145 - End of LoadUrlFiles Thread
2024-09-20 08:06:26,851 [INFO] ServerAccessManage:362 - Download File tutoVideoDB.zip
2024-09-20 08:06:26,942 [INFO] FileExtend:235 - Unzip File : tutoVideoDB.zip
2024-09-20 08:06:26,942 [INFO] FileExtend:250 - Standard Zip Deflate
2024-09-20 08:06:27,062 [INFO] LoadUrlFilesThread:145 - End of LoadUrlFiles Thread
2024-09-20 08:06:27,064 [INFO] DbMcusAds:47 - JSON generation date=Mon Sep 16 21:40:22 ICT 2024 (1726497622318)
2024-09-20 08:06:27,085 [INFO] DbMcusDocs:143 - JSON generation date=Tue Nov 16 23:17:54 ICT 2021 (1637079474)
2024-09-20 08:06:27,086 [INFO] DbMcusXml:100 - Load MCU database from D:\STM32CubeIDE\STM32CubeIDE_1.7.0\STM32CubeIDE\plugins\com.st.stm32cube.common.mx_6.3.0.202107141111\\db\/mcu/families.xml
2024-09-20 08:06:28,130 [INFO] DbMcusJson:93 - JSON generation date=Tue Nov 16 23:17:54 ICT 2021 (1637079474)
2024-09-20 08:06:28,387 [WARN] PackLoader:238 - Cannot read IP mode file for STMicroelectronics.X-CUBE-GNSS1.6.0.0
2024-09-20 08:06:28,397 [WARN] PackLoader:238 - Cannot read IP mode file for STMicroelectronics.X-CUBE-ISPU.2.1.0
2024-09-20 08:06:28,419 [WARN] PackLoader:238 - Cannot read IP mode file for WES.I-CUBE-Cesium.1.3.0
2024-09-20 08:06:28,442 [WARN] PackLoader:238 - Cannot read IP mode file for STMicroelectronics.X-CUBE-GNSS1.7.0.0
2024-09-20 08:06:28,452 [ERROR] Engine:463 - C:\Users\LAPTOP\.stm32cubemx\thirdparties\pdsc\EmbeddedOffice.I-CUBE-FS-RTOS.1.0.1.pdsc: PDSC version is not supported
2024-09-20 08:06:28,454 [ERROR] Engine:463 - C:\Users\LAPTOP\.stm32cubemx\thirdparties\pdsc\Cesanta.I-CUBE-Mongoose.7.13.0.pdsc: PDSC version is not supported
2024-09-20 08:06:28,459 [WARN] PackLoader:238 - Cannot read IP mode file for STMicroelectronics.X-CUBE-ISPU.2.0.0
2024-09-20 08:06:28,467 [ERROR] Engine:463 - C:\Users\LAPTOP\.stm32cubemx\thirdparties\pdsc\ITTIA_DB.I-CUBE-ITTIADB.8.9.0.pdsc: PDSC version is not supported
2024-09-20 08:06:28,479 [ERROR] Engine:463 - C:\Users\LAPTOP\.stm32cubemx\thirdparties\pdsc\Infineon.AIROC-Wi-Fi-Bluetooth-STM32.1.6.1.pdsc: PDSC version is not supported
2024-09-20 08:06:28,479 [INFO] ThirdParty:915 - Integrity check success = true
2024-09-20 08:06:28,479 [INFO] IntegrityCheckThread:94 - exiting critical section [integrity check]
2024-09-20 08:06:28,479 [INFO] IntegrityCheckThread:97 - End integrity checks thread
2024-09-20 08:06:28,924 [INFO] DbMcus:175 - Found 1951 MCUs (1903 are supported by CubeMX, 1914 are visible in CubeMX)
2024-09-20 08:06:28,925 [INFO] ApiDb:251 - Load user favorites file C:\Users\LAPTOP/.stm32cubeide/favorites.mcus.txt: 0 item(s)
2024-09-20 08:06:28,925 [INFO] ApiDb:255 - User favorites MCUs=[]
2024-09-20 08:06:28,925 [INFO] DbMcus:187 - Set 0 / 0 favorites MCUs
2024-09-20 08:06:29,409 [INFO] DbMcusDocs:79 - Found 682 MCUs documents
2024-09-20 08:06:29,412 [INFO] ApiDb:276 - Save user favorites file C:\Users\LAPTOP/.stm32cubeide/favorites.mcus.txt: 0 item(s)
2024-09-20 08:06:29,412 [INFO] ApiDb:280 - User favorites MCUs=[]
2024-09-20 08:06:29,412 [INFO] DbMcusXml:100 - Load MCU database from D:\STM32CubeIDE\STM32CubeIDE_1.7.0\STM32CubeIDE\plugins\com.st.stm32cube.common.mx_6.3.0.202107141111\\db\/mcu/families.xml
2024-09-20 08:06:30,169 [INFO] DbMcusJson:93 - JSON generation date=Tue Nov 16 23:17:54 ICT 2021 (1637079474)
2024-09-20 08:06:30,860 [INFO] DbMcus:175 - Found 1951 MCUs (1903 are supported by CubeMX, 1914 are visible in CubeMX)
2024-09-20 08:06:30,860 [INFO] ApiDb:251 - Load user favorites file C:\Users\LAPTOP/.stm32cubeide/favorites.mcus.txt: 0 item(s)
2024-09-20 08:06:30,861 [INFO] ApiDb:255 - User favorites MCUs=[]
2024-09-20 08:06:30,861 [INFO] DbMcus:187 - Set 0 / 0 favorites MCUs
2024-09-20 08:06:30,865 [INFO] DbBoardsDocs:143 - JSON generation date=Tue Nov 16 23:17:54 ICT 2021 (1637079474)
2024-09-20 08:06:30,891 [INFO] DbBoardsPdsc:90 - Found 25 items
2024-09-20 08:06:30,939 [INFO] DbBoardsPdsc:90 - Found 9 items
2024-09-20 08:06:30,988 [INFO] DbBoardsPdsc:90 - Found 33 items
2024-09-20 08:06:31,018 [INFO] DbBoardsPdsc:90 - Found 1 items
2024-09-20 08:06:31,043 [INFO] DbBoardsPdsc:90 - Found 48 items
2024-09-20 08:06:31,075 [INFO] DbBoardsPdsc:90 - Found 43 items
2024-09-20 08:06:31,094 [INFO] DbBoardsPdsc:90 - Found 2 items
2024-09-20 08:06:31,110 [INFO] DbBoardsPdsc:90 - Found 5 items
2024-09-20 08:06:31,114 [WARN] DbBoardsPdsc:254 - Board STM32H7B3I-DK: unknown feature type=Audio, name=, username=Audio stereo codec with Headphone Amp (CS42L51-CNZ), n=1
2024-09-20 08:06:31,114 [WARN] DbBoardsPdsc:254 - Board STM32H735G-DK: unknown feature type=Audio, name=, username=Audio stereo codec with Headphone Amp (WM8994ECS/R), n=1
2024-09-20 08:06:31,115 [WARN] DbBoardsPdsc:254 - Board STM32H7B3I-EVAL: unknown feature type=Audio, name=, username=Multi-Channel Audio Codec (CS42L51-CNZ), n=1
2024-09-20 08:06:31,115 [WARN] DbBoardsPdsc:254 - Board STM32H7B3I-EVAL: unknown feature type=Meter, name=, username=Power-metering and Temperature-monitoring with sigma-delta modulators, n=1
2024-09-20 08:06:31,115 [WARN] DbBoardsPdsc:254 - Board STM32H7B3I-EVAL: unknown feature type=Motor, name=, username=Motor Control, n=1
2024-09-20 08:06:31,115 [WARN] DbBoardsPdsc:254 - Board STM32U575I-EV: unknown feature type=joystick, name=, username=4-direction joystick with selection button, n=1
2024-09-20 08:06:31,142 [INFO] DbBoardsJson:86 - JSON generation date=Tue Nov 16 23:17:54 ICT 2021 (1637079474)
2024-09-20 08:06:31,152 [INFO] DbBoards:117 - Found 167 boards (163 are supported by CubeMX)
2024-09-20 08:06:31,153 [INFO] DbBoardsDocs:143 - JSON generation date=Tue Nov 16 23:17:54 ICT 2021 (1637079474)
2024-09-20 08:06:31,156 [INFO] DbBoardsDocs:79 - Found 209 boards documents
2024-09-20 08:06:31,157 [WARN] DbBoards:127 - board B-L475E-IOT01A2 has no document id list !
2024-09-20 08:06:31,158 [WARN] DbBoards:127 - board NUCLEO-H743ZI has no document id list !
2024-09-20 08:06:31,158 [WARN] DbBoards:127 - board NUCLEO-WL55JC2 has no document id list !
2024-09-20 08:06:31,158 [WARN] DbBoards:127 - board P-NUCLEO-WB55-Nucleo has no document id list !
2024-09-20 08:06:31,158 [WARN] DbBoards:127 - board P-NUCLEO-WB55-USBDongle has no document id list !
2024-09-20 08:06:31,158 [WARN] DbBoards:127 - board STEVAL-BFA001V1B has no document id list !
2024-09-20 08:06:31,158 [WARN] DbBoards:127 - board STEVAL-BFA001V2B has no document id list !
2024-09-20 08:06:31,158 [WARN] DbBoards:127 - board STEVAL-IDP005V1 has no document id list !
2024-09-20 08:06:31,159 [WARN] DbBoards:127 - board STEVAL-IDP005V2 has no document id list !
2024-09-20 08:06:31,159 [WARN] DbBoards:127 - board STEVAL-MKSBOX1V1 has no document id list !
2024-09-20 08:06:31,159 [WARN] DbBoards:127 - board STEVAL-STWINKT1 has no document id list !
2024-09-20 08:06:31,159 [WARN] DbBoards:127 - board STEVAL-STWINKT1B has no document id list !
2024-09-20 08:06:31,159 [WARN] DbBoards:127 - board STM32439I-EVAL2 has no document id list !
2024-09-20 08:06:31,159 [WARN] DbBoards:127 - board STM32F401C-DISCO has no document id list !
2024-09-20 08:06:31,159 [WARN] DbBoards:127 - board STM32F769I-DISC1 has no document id list !
2024-09-20 08:06:31,159 [WARN] DbBoards:127 - board STM32G474E-EVAL1 has no document id list !
2024-09-20 08:06:31,159 [WARN] DbBoards:127 - board STM32H743I-EVAL2 has no document id list !
2024-09-20 08:06:31,160 [WARN] DbBoards:127 - board STM32H747I-DISC1 has no document id list !
2024-09-20 08:06:31,160 [WARN] DbBoards:127 - board STM32H753I-EVAL2 has no document id list !
2024-09-20 08:06:31,160 [WARN] DbBoards:127 - board STM32L-DISCOVERY has no document id list !
2024-09-20 08:06:31,375 [ERROR] DbBoards:189 - Image file not found for board B-U585I-IOT02A: D:\STM32CubeIDE\STM32CubeIDE_1.7.0\STM32CubeIDE\plugins\com.st.stm32cube.common.mx_6.3.0.202107141111\\db\/plugins/mcufinder/images/boards/B-U585I-IOT02A_small.jpg
2024-09-20 08:06:31,625 [ERROR] DbBoards:189 - Image file not found for board NUCLEO-F413ZH: D:\STM32CubeIDE\STM32CubeIDE_1.7.0\STM32CubeIDE\plugins\com.st.stm32cube.common.mx_6.3.0.202107141111\\db\/plugins/mcufinder/images/boards/nucleo-f413zh_small.jpg
2024-09-20 08:06:31,834 [ERROR] DbBoards:189 - Image file not found for board NUCLEO-L552ZE-Q: D:\STM32CubeIDE\STM32CubeIDE_1.7.0\STM32CubeIDE\plugins\com.st.stm32cube.common.mx_6.3.0.202107141111\\db\/plugins/mcufinder/images/boards/nucleo_l552ze_q_small.jpg
2024-09-20 08:06:31,834 [ERROR] DbBoards:189 - Image file not found for board NUCLEO-U575ZI-Q: D:\STM32CubeIDE\STM32CubeIDE_1.7.0\STM32CubeIDE\plugins\com.st.stm32cube.common.mx_6.3.0.202107141111\\db\/plugins/mcufinder/images/boards/nucleo-u575zi-q_small.jpg
2024-09-20 08:06:31,834 [ERROR] DbBoards:189 - Image file not found for board NUCLEO-WB15CC: D:\STM32CubeIDE\STM32CubeIDE_1.7.0\STM32CubeIDE\plugins\com.st.stm32cube.common.mx_6.3.0.202107141111\\db\/plugins/mcufinder/images/boards/nucleo-wb15cc_small.jpg
2024-09-20 08:06:31,834 [ERROR] DbBoards:189 - Image file not found for board NUCLEO-WB55RG: D:\STM32CubeIDE\STM32CubeIDE_1.7.0\STM32CubeIDE\plugins\com.st.stm32cube.common.mx_6.3.0.202107141111\\db\/plugins/mcufinder/images/boards/nucleo-wb55rg_small.jpg
2024-09-20 08:06:33,528 [INFO] ApiDb:251 - Load user favorites file C:\Users\LAPTOP/.stm32cubeide/favorites.boards.txt: 0 item(s)
2024-09-20 08:06:33,528 [INFO] ApiDb:255 - User favorites Boards=[]
2024-09-20 08:06:33,528 [INFO] DbBoards:206 - Set 0 / 0 favorites Boards
2024-09-20 08:06:33,529 [INFO] DbBoardsDocs:79 - Found 418 boards documents
2024-09-20 08:06:33,530 [INFO] ApiDb:276 - Save user favorites file C:\Users\LAPTOP/.stm32cubeide/favorites.boards.txt: 0 item(s)
2024-09-20 08:06:33,530 [INFO] ApiDb:280 - User favorites Boards=[]
2024-09-20 08:06:33,532 [INFO] DbBoardsPdsc:90 - Found 25 items
2024-09-20 08:06:33,534 [INFO] DbBoardsPdsc:90 - Found 9 items
2024-09-20 08:06:33,536 [INFO] DbBoardsPdsc:90 - Found 33 items
2024-09-20 08:06:33,537 [INFO] DbBoardsPdsc:90 - Found 1 items
2024-09-20 08:06:33,541 [INFO] DbBoardsPdsc:90 - Found 48 items
2024-09-20 08:06:33,545 [INFO] DbBoardsPdsc:90 - Found 43 items
2024-09-20 08:06:33,546 [INFO] DbBoardsPdsc:90 - Found 2 items
2024-09-20 08:06:33,547 [INFO] DbBoardsPdsc:90 - Found 5 items
2024-09-20 08:06:33,549 [WARN] DbBoardsPdsc:254 - Board STM32H7B3I-DK: unknown feature type=Audio, name=, username=Audio stereo codec with Headphone Amp (CS42L51-CNZ), n=1
2024-09-20 08:06:33,549 [WARN] DbBoardsPdsc:254 - Board STM32H735G-DK: unknown feature type=Audio, name=, username=Audio stereo codec with Headphone Amp (WM8994ECS/R), n=1
2024-09-20 08:06:33,549 [WARN] DbBoardsPdsc:254 - Board STM32H7B3I-EVAL: unknown feature type=Audio, name=, username=Multi-Channel Audio Codec (CS42L51-CNZ), n=1
2024-09-20 08:06:33,549 [WARN] DbBoardsPdsc:254 - Board STM32H7B3I-EVAL: unknown feature type=Meter, name=, username=Power-metering and Temperature-monitoring with sigma-delta modulators, n=1
2024-09-20 08:06:33,549 [WARN] DbBoardsPdsc:254 - Board STM32H7B3I-EVAL: unknown feature type=Motor, name=, username=Motor Control, n=1
2024-09-20 08:06:33,551 [WARN] DbBoardsPdsc:254 - Board STM32U575I-EV: unknown feature type=joystick, name=, username=4-direction joystick with selection button, n=1
2024-09-20 08:06:33,563 [INFO] DbBoardsJson:86 - JSON generation date=Tue Nov 16 23:17:54 ICT 2021 (1637079474)
2024-09-20 08:06:33,566 [INFO] DbBoards:117 - Found 167 boards (163 are supported by CubeMX)
2024-09-20 08:06:33,566 [WARN] DbBoards:127 - board B-L475E-IOT01A2 has no document id list !
2024-09-20 08:06:33,566 [WARN] DbBoards:127 - board NUCLEO-H743ZI has no document id list !
2024-09-20 08:06:33,566 [WARN] DbBoards:127 - board NUCLEO-WL55JC2 has no document id list !
2024-09-20 08:06:33,566 [WARN] DbBoards:127 - board P-NUCLEO-WB55-Nucleo has no document id list !
2024-09-20 08:06:33,567 [WARN] DbBoards:127 - board P-NUCLEO-WB55-USBDongle has no document id list !
2024-09-20 08:06:33,567 [WARN] DbBoards:127 - board STEVAL-BFA001V1B has no document id list !
2024-09-20 08:06:33,567 [WARN] DbBoards:127 - board STEVAL-BFA001V2B has no document id list !
2024-09-20 08:06:33,567 [WARN] DbBoards:127 - board STEVAL-IDP005V1 has no document id list !
2024-09-20 08:06:33,567 [WARN] DbBoards:127 - board STEVAL-IDP005V2 has no document id list !
2024-09-20 08:06:33,567 [WARN] DbBoards:127 - board STEVAL-MKSBOX1V1 has no document id list !
2024-09-20 08:06:33,567 [WARN] DbBoards:127 - board STEVAL-STWINKT1 has no document id list !
2024-09-20 08:06:33,567 [WARN] DbBoards:127 - board STEVAL-STWINKT1B has no document id list !
2024-09-20 08:06:33,567 [WARN] DbBoards:127 - board STM32439I-EVAL2 has no document id list !
2024-09-20 08:06:33,567 [WARN] DbBoards:127 - board STM32F401C-DISCO has no document id list !
2024-09-20 08:06:33,567 [WARN] DbBoards:127 - board STM32F769I-DISC1 has no document id list !
2024-09-20 08:06:33,567 [WARN] DbBoards:127 - board STM32G474E-EVAL1 has no document id list !
2024-09-20 08:06:33,567 [WARN] DbBoards:127 - board STM32H743I-EVAL2 has no document id list !
2024-09-20 08:06:33,567 [WARN] DbBoards:127 - board STM32H747I-DISC1 has no document id list !
2024-09-20 08:06:33,567 [WARN] DbBoards:127 - board STM32H753I-EVAL2 has no document id list !
2024-09-20 08:06:33,567 [WARN] DbBoards:127 - board STM32L-DISCOVERY has no document id list !
2024-09-20 08:06:33,634 [ERROR] DbBoards:189 - Image file not found for board B-U585I-IOT02A: D:\STM32CubeIDE\STM32CubeIDE_1.7.0\STM32CubeIDE\plugins\com.st.stm32cube.common.mx_6.3.0.202107141111\\db\/plugins/mcufinder/images/boards/B-U585I-IOT02A_small.jpg
2024-09-20 08:06:33,696 [ERROR] DbBoards:189 - Image file not found for board NUCLEO-F413ZH: D:\STM32CubeIDE\STM32CubeIDE_1.7.0\STM32CubeIDE\plugins\com.st.stm32cube.common.mx_6.3.0.202107141111\\db\/plugins/mcufinder/images/boards/nucleo-f413zh_small.jpg
2024-09-20 08:06:33,898 [ERROR] DbBoards:189 - Image file not found for board NUCLEO-L552ZE-Q: D:\STM32CubeIDE\STM32CubeIDE_1.7.0\STM32CubeIDE\plugins\com.st.stm32cube.common.mx_6.3.0.202107141111\\db\/plugins/mcufinder/images/boards/nucleo_l552ze_q_small.jpg
2024-09-20 08:06:33,898 [ERROR] DbBoards:189 - Image file not found for board NUCLEO-U575ZI-Q: D:\STM32CubeIDE\STM32CubeIDE_1.7.0\STM32CubeIDE\plugins\com.st.stm32cube.common.mx_6.3.0.202107141111\\db\/plugins/mcufinder/images/boards/nucleo-u575zi-q_small.jpg
2024-09-20 08:06:33,899 [ERROR] DbBoards:189 - Image file not found for board NUCLEO-WB15CC: D:\STM32CubeIDE\STM32CubeIDE_1.7.0\STM32CubeIDE\plugins\com.st.stm32cube.common.mx_6.3.0.202107141111\\db\/plugins/mcufinder/images/boards/nucleo-wb15cc_small.jpg
2024-09-20 08:06:33,899 [ERROR] DbBoards:189 - Image file not found for board NUCLEO-WB55RG: D:\STM32CubeIDE\STM32CubeIDE_1.7.0\STM32CubeIDE\plugins\com.st.stm32cube.common.mx_6.3.0.202107141111\\db\/plugins/mcufinder/images/boards/nucleo-wb55rg_small.jpg
2024-09-20 08:06:34,683 [INFO] ApiDb:251 - Load user favorites file C:\Users\LAPTOP/.stm32cubeide/favorites.boards.txt: 0 item(s)
2024-09-20 08:06:34,683 [INFO] ApiDb:255 - User favorites Boards=[]
2024-09-20 08:06:34,684 [INFO] DbBoards:206 - Set 0 / 0 favorites Boards
2024-09-20 08:06:34,744 [INFO] ServerAccessManage:362 - Download File 
2024-09-20 08:06:34,749 [INFO] LoadUrlFilesThread:172 - End of LoadServerUrlFiles without Thread
2024-09-20 08:06:34,749 [INFO] TargetSelectorAdapter:224 - Refresh data is successful
2024-09-20 08:06:34,992 [INFO] ApiDb:479 - Connected to CubeFinder SQLite database (C:\Users\LAPTOP\.stmcufinder\plugins\mcufinder\mcu\cube-finder-db.db)
2024-09-20 08:06:35,991 [ERROR] DbExamplesSqlite:446 - Missing JSON key: board_cpn
2024-09-20 08:06:35,992 [ERROR] DbExamplesSqlite:446 - Missing JSON key: board_cpn
2024-09-20 08:06:35,992 [ERROR] DbExamplesSqlite:446 - Missing JSON key: board_cpn
2024-09-20 08:06:35,992 [ERROR] DbExamplesSqlite:446 - Missing JSON key: board_cpn
2024-09-20 08:06:36,122 [ERROR] DbExamplesSqlite:446 - Missing JSON key: board_cpn
2024-09-20 08:06:36,122 [ERROR] DbExamplesSqlite:446 - Missing JSON key: board_cpn
2024-09-20 08:06:36,122 [ERROR] DbExamplesSqlite:446 - Missing JSON key: board_cpn
2024-09-20 08:06:36,122 [ERROR] DbExamplesSqlite:446 - Missing JSON key: board_cpn
2024-09-20 08:06:36,123 [ERROR] DbExamplesSqlite:446 - Missing JSON key: board_cpn
2024-09-20 08:06:36,123 [ERROR] DbExamplesSqlite:446 - Missing JSON key: board_cpn
2024-09-20 08:06:36,123 [ERROR] DbExamplesSqlite:446 - Missing JSON key: board_cpn
2024-09-20 08:06:36,123 [ERROR] DbExamplesSqlite:446 - Missing JSON key: board_cpn
2024-09-20 08:06:36,123 [ERROR] DbExamplesSqlite:446 - Missing JSON key: board_cpn
2024-09-20 08:06:36,125 [INFO] DbExamplesSqlite:411 - Ignored 28 examples not supported by CubeIDE
2024-09-20 08:06:36,125 [INFO] DbExamplesSqlite:412 - Found 8614 examples active
2024-09-20 08:06:36,125 [INFO] DbExamplesSqlite:413 - Found 0 examples obsolete
2024-09-20 08:06:36,125 [INFO] DbExamplesSqlite:414 - Found 0 examples under development
2024-09-20 08:06:36,125 [INFO] DbExamplesSqlite:415 - Found 10 examples not building
2024-09-20 08:06:36,188 [INFO] DbExamplesSqlite:108 - CubeFinder database Data Model version=2.1
2024-09-20 08:06:36,188 [INFO] DbExamplesSqlite:109 - CubeFinder database Configuration version=3.0.39
2024-09-20 08:06:36,188 [INFO] DbExamplesSqlite:110 - CubeFinder database generation date=2024-09-16 (1726485674)
2024-09-20 08:06:36,188 [INFO] DbExamplesSqlite:111 - CubeFinder database FW Pack versions=[FP-ATR-ASTRA1_V2.0.0, FP-SNS-FLIGHT1_V5.0.2, FP-SNS-MOTENV1_V5.0.0, FP-SNS-MOTENVWB1_V1.4.0, FP-SNS-SMARTAG2_V1.2.0, FP-SNS-STBOX1_V2.0.0, STM32Cube_FW_C0_V1.2.0, STM32Cube_FW_F4_V1.28.1, STM32Cube_FW_F7_V1.17.2, STM32Cube_FW_G0_V1.6.2, STM32Cube_FW_G4_V1.6.0, STM32Cube_FW_H5_V1.3.0, STM32Cube_FW_H7RS_V1.1.0, STM32Cube_FW_H7_V1.11.2, STM32Cube_FW_L0_V1.12.2, STM32Cube_FW_L5_V1.5.1, STM32Cube_FW_U0_V1.1.0, STM32Cube_FW_U5_V1.6.0, STM32Cube_FW_WB0_V1.0.0, STM32Cube_FW_WBA_V1.4.1, STM32Cube_FW_WB_V1.20.0, STM32Cube_FW_WL_V1.3.0, X-CUBE-ALGOBUILD_V1.4.0, X-CUBE-ALS_V1.0.2, X-CUBE-AZRTOS-F4_V1.1.0, X-CUBE-AZRTOS-F7_V1.1.0, X-CUBE-AZRTOS-G0_V1.1.0, X-CUBE-AZRTOS-G4_V2.0.0, X-CUBE-AZRTOS-H7RS_V1.0.0, X-CUBE-AZRTOS-H7_V3.2.0, X-CUBE-AZRTOS-L4_V2.0.0, X-CUBE-AZRTOS-L5_V2.0.0, X-CUBE-AZRTOS-WB_V2.0.0, X-CUBE-AZRTOS-WL_V2.0.0, X-CUBE-BLE1_V7.0.0, X-CUBE-BLE2_V3.3.0, X-CUBE-BLEMGR_V3.1.0, X-CUBE-EEPRMA1_V5.1.0, X-CUBE-FREERTOS_V1.2.0, X-CUBE-GNSS1_V6.0.0, X-CUBE-MEMS1_V11.0.0, X-CUBE-NFC4_V3.0.0, X-CUBE-NFC7_V1.0.1, X-CUBE-SFXS2LP1_V4.0.0, X-CUBE-SUBG2_V5.0.0, X-CUBE-TOF1_V3.4.2]
2024-09-20 08:06:36,189 [INFO] DbExamples:130 - Found 8596 examples
2024-09-20 08:06:37,211 [ERROR] DbExamples:206 - Found 8596 examples with invalid data (board or MCU)
2024-09-20 08:06:37,211 [INFO] DbExamples:222 - Found 80 boards with related examples
2024-09-20 08:06:37,211 [INFO] DbExamples:235 - Found 0 MCUs with related examples
2024-09-20 08:06:37,228 [INFO] ApiDb:242 - User favorites file not found: C:\Users\LAPTOP/.stm32cubeide/favorites.examples.txt
2024-09-20 08:06:37,228 [INFO] DbExamples:256 - Set 0 / 0 favorites Examples
2024-09-20 08:06:37,463 [INFO] McuFinderGlobals:52 - Set McuFinderConnectedMode to false
2024-09-20 08:06:37,643 [INFO] CrossSelectorPresenter:1330 - Cross Selector saved comparison directory: C:\Users\LAPTOP\.stmcufinder\plugins\mcufinder\mcu\cs_comparisons_mx
2024-09-20 08:06:37,649 [INFO] MultiScanPanel:197 - Auto-refresh data requested => check proxy status ongoing
2024-09-20 08:06:37,650 [INFO] MultiScanPanel:201 - Proxy status is invalid
2024-09-20 08:06:37,653 [INFO] FinderPluginLoader:87 - Searching for filters in installed packs
2024-09-20 08:06:38,465 [INFO] DetailPanel:309 - Set advertising image to C:/Users/LAPTOP/STM32Cube/Repository/\en.prom-stm32c071-usb-memories-mcu-finder.png
2024-09-20 08:07:01,294 [INFO] MainUpdater:2671 - connection check result : 10
2024-09-20 08:07:01,295 [INFO] MainUpdater:2671 - connection check result : 10
2024-09-20 08:07:01,325 [INFO] MicroXplorer:448 - Change Database Path : 
2024-09-20 08:07:01,326 [INFO] MicroXplorer:478 - Change Database Version : DB.6.0.30
2024-09-20 08:07:01,326 [WARN] ThirdParty:813 - waiting for thirdparty lock release [close project]
2024-09-20 08:07:01,326 [INFO] ThirdParty:815 - entering critical section [close project]
2024-09-20 08:07:01,326 [INFO] ThirdParty:825 - exiting critical section [close project]
2024-09-20 08:07:01,330 [INFO] PinOutPanel:1463 - setPackage(No Configuration,No Configuration)
2024-09-20 08:07:01,330 [INFO] UtilMem:74 - Begin LoadConfig() Used Memory: 725737408 Bytes (790626304)
2024-09-20 08:07:01,331 [INFO] MicroXplorer:448 - Change Database Path : 
2024-09-20 08:07:01,331 [INFO] MicroXplorer:478 - Change Database Version : DB.6.0.30
2024-09-20 08:07:01,331 [INFO] OpenFileManager:313 - Change cursor
2024-09-20 08:07:02,224 [INFO] Context:592 - Trying to add GPIOservice into a context  which must be forbidden
2024-09-20 08:07:02,417 [INFO] ImportTextPane:167 - (OptionalMessage_ERROR) Unable to find key (Mcu.ThirdPartyNb) in loaded IOC file
2024-09-20 08:07:02,418 [INFO] ImportTextPane:167 - (OptionalMessage_ERROR) Unable to find key (Mcu.PinsNb) in loaded IOC file
2024-09-20 08:07:02,418 [INFO] ImportTextPane:167 - (OptionalMessage_ERROR) Unable to find key (Mcu.IPNb) in loaded IOC file
2024-09-20 08:07:02,485 [WARN] ApiManager:304 - Cannot register API 'Board Extension:GNSS1A1' from pack STMicroelectronics.X-CUBE-GNSS1.6.0.0: no header file found
2024-09-20 08:07:02,485 [WARN] ApiManager:304 - Cannot register API 'Board Support:Custom' from pack STMicroelectronics.X-CUBE-GNSS1.6.0.0: no header file found
2024-09-20 08:07:02,486 [WARN] ApiManager:304 - Cannot register API 'Data Exchange:lib_gnss' from pack STMicroelectronics.X-CUBE-GNSS1.6.0.0: no header file found
2024-09-20 08:07:02,504 [INFO] RtosManager:484 - Registered RTOS mode: class=CMSIS, group=RTOS, mode=CMSIS_V1, owner=FREERTOS
2024-09-20 08:07:02,504 [INFO] RtosManager:484 - Registered RTOS mode: class=CMSIS, group=RTOS2, mode=CMSIS_V2, owner=FREERTOS
2024-09-20 08:07:02,504 [INFO] RtosManager:484 - Registered RTOS mode: class=RTOS, group=Core, mode=CMSIS_V1, owner=FREERTOS
2024-09-20 08:07:02,504 [INFO] RtosManager:484 - Registered RTOS mode: class=RTOS, group=Core, mode=CMSIS_V2, owner=FREERTOS
2024-09-20 08:07:02,504 [WARN] ModelIntegratedComponent:181 - Missing modes for component STMicroelectronics:FreeRTOS:0.0.1:STMicroelectronics:RTOS:FreeRTOS:Core:::10.2.0:
2024-09-20 08:07:02,508 [WARN] ModelIntegratedComponent:60 - No mode defined for component null
2024-09-20 08:07:02,508 [WARN] ModelIntegratedComponent:60 - No mode defined for component null
2024-09-20 08:07:02,508 [WARN] ModelIntegratedComponent:60 - No mode defined for component null
2024-09-20 08:07:02,508 [WARN] ModelIntegratedComponent:60 - No mode defined for component null
2024-09-20 08:07:02,508 [WARN] ModelIntegratedComponent:60 - No mode defined for component null
2024-09-20 08:07:02,508 [WARN] ModelIntegratedComponent:60 - No mode defined for component null
2024-09-20 08:07:02,508 [WARN] ModelIntegratedComponent:60 - No mode defined for component null
2024-09-20 08:07:02,508 [WARN] ModelIntegratedComponent:60 - No mode defined for component null
2024-09-20 08:07:02,508 [WARN] ModelIntegratedComponent:60 - No mode defined for component null
2024-09-20 08:07:02,508 [WARN] ModelIntegratedComponent:60 - No mode defined for component null
2024-09-20 08:07:02,508 [WARN] ModelIntegratedComponent:60 - No mode defined for component null
2024-09-20 08:07:02,508 [WARN] ModelIntegratedComponent:60 - No mode defined for component null
2024-09-20 08:07:02,508 [WARN] ModelIntegratedComponent:60 - No mode defined for component null
2024-09-20 08:07:02,508 [WARN] ModelIntegratedComponent:60 - No mode defined for component null
2024-09-20 08:07:02,508 [WARN] ModelIntegratedComponent:60 - No mode defined for component null
2024-09-20 08:07:02,508 [WARN] ModelIntegratedComponent:60 - No mode defined for component null
2024-09-20 08:07:02,508 [WARN] ModelIntegratedComponent:60 - No mode defined for component null
2024-09-20 08:07:02,509 [WARN] ModelIntegratedComponent:60 - No mode defined for component null
2024-09-20 08:07:02,509 [WARN] ModelIntegratedComponent:60 - No mode defined for component null
2024-09-20 08:07:02,509 [WARN] ModelIntegratedComponent:60 - No mode defined for component null
2024-09-20 08:07:02,509 [WARN] ModelIntegratedComponent:60 - No mode defined for component null
2024-09-20 08:07:02,515 [WARN] ModelIntegratedComponent:60 - No mode defined for component null
2024-09-20 08:07:02,516 [WARN] ModelIntegratedComponent:60 - No mode defined for component null
2024-09-20 08:07:02,516 [WARN] ModelIntegratedComponent:60 - No mode defined for component null
2024-09-20 08:07:02,516 [WARN] ModelIntegratedComponent:60 - No mode defined for component null
2024-09-20 08:07:02,516 [WARN] ModelIntegratedComponent:60 - No mode defined for component null
2024-09-20 08:07:02,516 [WARN] ModelIntegratedComponent:60 - No mode defined for component null
2024-09-20 08:07:02,516 [WARN] ModelIntegratedComponent:60 - No mode defined for component null
2024-09-20 08:07:02,516 [WARN] ModelIntegratedComponent:60 - No mode defined for component null
2024-09-20 08:07:02,516 [WARN] ModelIntegratedComponent:60 - No mode defined for component null
2024-09-20 08:07:02,516 [WARN] ModelIntegratedComponent:60 - No mode defined for component null
2024-09-20 08:07:02,520 [WARN] ApiManager:304 - Cannot register API 'Board Extension:GNSS1A1' from pack STMicroelectronics.X-CUBE-GNSS1.7.0.0: no header file found
2024-09-20 08:07:02,520 [WARN] ApiManager:304 - Cannot register API 'Board Support:Custom' from pack STMicroelectronics.X-CUBE-GNSS1.7.0.0: no header file found
2024-09-20 08:07:02,520 [WARN] ApiManager:304 - Cannot register API 'Data Exchange:lib_gnss' from pack STMicroelectronics.X-CUBE-GNSS1.7.0.0: no header file found
2024-09-20 08:07:02,726 [INFO] UtilMem:74 - End LoadConfig() Used Memory: 709952032 Bytes (790626304)
2024-09-20 08:07:02,728 [WARN] ThirdParty:779 - waiting for thirdparty lock release [change project]
2024-09-20 08:07:02,728 [INFO] ThirdParty:781 - entering critical section [change project]
2024-09-20 08:07:02,728 [INFO] ThirdParty:967 - CMSIS Pack Vendor :STMicroelectronics X-CUBE-GNSS1 6.0.0
2024-09-20 08:07:02,728 [INFO] ThirdParty:967 - CMSIS Pack Vendor :STMicroelectronics USB_HOST 2.0.0
2024-09-20 08:07:02,728 [INFO] ThirdParty:967 - CMSIS Pack Vendor :STMicroelectronics FreeRTOS 0.0.1
2024-09-20 08:07:02,728 [INFO] ThirdParty:967 - CMSIS Pack Vendor :STMicroelectronics USB_DEVICE 1.0.0
2024-09-20 08:07:02,728 [INFO] ThirdParty:967 - CMSIS Pack Vendor :STMicroelectronics X-CUBE-ISPU 2.0.0
2024-09-20 08:07:02,728 [INFO] ThirdParty:967 - CMSIS Pack Vendor :STMicroelectronics USB_DEVICE 3.0.0
2024-09-20 08:07:02,729 [INFO] ThirdParty:967 - CMSIS Pack Vendor :STMicroelectronics X-CUBE-ISPU 2.1.0
2024-09-20 08:07:02,729 [INFO] ThirdParty:967 - CMSIS Pack Vendor :STMicroelectronics HAL Drivers 0.0.0
2024-09-20 08:07:02,729 [INFO] ThirdParty:967 - CMSIS Pack Vendor :STMicroelectronics MBEDTLS 2.16.2
2024-09-20 08:07:02,729 [INFO] ThirdParty:967 - CMSIS Pack Vendor :STMicroelectronics ThreadX 0.0.2
2024-09-20 08:07:02,729 [INFO] ThirdParty:967 - CMSIS Pack Vendor :WES I-CUBE-Cesium 1.3.0
2024-09-20 08:07:02,729 [INFO] ThirdParty:967 - CMSIS Pack Vendor :STMicroelectronics lwIP 2.0.3
2024-09-20 08:07:02,729 [INFO] ThirdParty:967 - CMSIS Pack Vendor :STMicroelectronics lwIP 2.1.2
2024-09-20 08:07:02,729 [INFO] ThirdParty:967 - CMSIS Pack Vendor :STMicroelectronics X-CUBE-GNSS1 7.0.0
2024-09-20 08:07:02,729 [INFO] ThirdParty:967 - CMSIS Pack Vendor :STMicroelectronics MBEDTLS 2.14.1
2024-09-20 08:07:02,729 [INFO] ThirdParty:967 - CMSIS Pack Vendor :STMicroelectronics USB_HOST 1.0.0
2024-09-20 08:07:02,729 [INFO] ThirdParty:967 - CMSIS Pack Vendor :STMicroelectronics PDM2PCM 3.1.0
2024-09-20 08:07:02,729 [INFO] ThirdParty:967 - CMSIS Pack Vendor :STMicroelectronics PDM2PCM 3.2.0
2024-09-20 08:07:02,729 [INFO] ThirdParty:967 - CMSIS Pack Vendor :STMicroelectronics USB_DEVICE 2.0.0
2024-09-20 08:07:02,729 [INFO] ThirdParty:967 - CMSIS Pack Vendor :STMicroelectronics PDM2PCM 3.3.0
2024-09-20 08:07:02,729 [INFO] ThirdParty:787 - exiting critical section [change project]
2024-09-20 08:07:03,017 [INFO] PinOutPanel:1463 - setPackage(No Configuration,No Configuration)
2024-09-20 08:07:03,018 [INFO] PinOutPanel:1463 - setPackage(STM32F103C6Ux,UFQFPN48)
2024-09-20 08:07:03,454 [INFO] UtilMem:74 - Before build in PCC Used Memory: 770622416 Bytes (790626304)
2024-09-20 08:07:04,117 [INFO] UtilMem:74 - After build in PCC Used Memory: 762945792 Bytes (790626304)
2024-09-20 08:07:04,153 [INFO] IPUIPlugin:74 - create IPUIPlugin
2024-09-20 08:07:04,154 [INFO] IPUIPlugin:74 - create IPUIPlugin
2024-09-20 08:07:04,154 [INFO] IPUIPlugin:74 - create IPUIPlugin
2024-09-20 08:07:04,154 [INFO] IPUIPlugin:74 - create IPUIPlugin
2024-09-20 08:07:04,155 [INFO] IPUIPlugin:74 - create IPUIPlugin
2024-09-20 08:07:04,155 [INFO] IPUIPlugin:74 - create IPUIPlugin
2024-09-20 08:07:04,155 [INFO] IPUIPlugin:74 - create IPUIPlugin
2024-09-20 08:07:04,155 [INFO] IPUIPlugin:74 - create IPUIPlugin
2024-09-20 08:07:04,156 [INFO] IPUIPlugin:74 - create IPUIPlugin
2024-09-20 08:07:04,156 [INFO] IPUIPlugin:74 - create IPUIPlugin
2024-09-20 08:07:04,157 [INFO] IPUIPlugin:74 - create IPUIPlugin
2024-09-20 08:07:04,158 [INFO] IPUIPlugin:74 - create IPUIPlugin
2024-09-20 08:07:04,158 [INFO] IPUIPlugin:74 - create IPUIPlugin
2024-09-20 08:07:04,159 [INFO] IPUIPlugin:74 - create IPUIPlugin
2024-09-20 08:07:04,159 [INFO] IPUIPlugin:74 - create IPUIPlugin
2024-09-20 08:07:04,159 [INFO] IPUIPlugin:74 - create IPUIPlugin
2024-09-20 08:07:04,160 [INFO] IPUIPlugin:74 - create IPUIPlugin
2024-09-20 08:07:04,160 [INFO] IPUIPlugin:74 - create IPUIPlugin
2024-09-20 08:07:04,161 [INFO] IPUIPlugin:74 - create IPUIPlugin
2024-09-20 08:07:04,161 [INFO] IPUIPlugin:74 - create IPUIPlugin
2024-09-20 08:07:04,161 [INFO] IPUIPlugin:74 - create IPUIPlugin
2024-09-20 08:07:04,162 [INFO] IPUIPlugin:74 - create IPUIPlugin
2024-09-20 08:07:04,162 [INFO] IPUIPlugin:74 - create IPUIPlugin
2024-09-20 08:07:04,369 [INFO] OpenFileManager:333 - Restore cursor
2024-09-20 08:07:04,723 [INFO] UtilMem:74 - End SaveConfig() Used Memory: 734547824 Bytes (790626304)
2024-09-20 08:07:04,775 [INFO] UtilMem:74 - End SaveConfig() Used Memory: 724028016 Bytes (790626304)
2024-09-20 08:07:05,102 [INFO] BlockDiagram:2740 - set Specific Code input for plugin: NVIC
2024-09-20 08:07:05,102 [INFO] BlockDiagram:2740 - set Specific Code input for plugin: SYS
2024-09-20 08:07:05,103 [INFO] BlockDiagram:2740 - set Specific Code input for plugin: RCC
2024-09-20 08:07:05,104 [INFO] CodeGenerator:663 - code generatio: config db path: D:\STM32CubeIDE\STM32CubeIDE_1.7.0\STM32CubeIDE\plugins\com.st.stm32cube.common.mx_6.3.0.202107141111\\db\
2024-09-20 08:07:05,665 [INFO] CodeEngine:239 - oldGeneratedFile, D:\Study_Space\BKU\HK241\microprocessor\lab1_ex8\EX8\MXTmpFiles\license.tmp_save
2024-09-20 08:07:06,079 [INFO] CodeEngine:257 - Generated code: D:\Study_Space\BKU\HK241\microprocessor\lab1_ex8\EX8\MXTmpFiles\license.tmp
2024-09-20 08:07:06,324 [INFO] CodeEngine:239 - oldGeneratedFile, D:\Study_Space\BKU\HK241\microprocessor\lab1_ex8\EX8\Core\Src\stm32f1xx_it.c_save
2024-09-20 08:07:06,495 [INFO] CodeEngine:257 - Generated code: D:\Study_Space\BKU\HK241\microprocessor\lab1_ex8\EX8\Core\Src\stm32f1xx_it.c
2024-09-20 08:07:06,514 [INFO] CodeEngine:239 - oldGeneratedFile, D:\Study_Space\BKU\HK241\microprocessor\lab1_ex8\EX8\Core\Inc\stm32f1xx_it.h_save
2024-09-20 08:07:06,644 [INFO] CodeEngine:257 - Generated code: D:\Study_Space\BKU\HK241\microprocessor\lab1_ex8\EX8\Core\Inc\stm32f1xx_it.h
2024-09-20 08:07:06,702 [INFO] CodeEngine:239 - oldGeneratedFile, D:\Study_Space\BKU\HK241\microprocessor\lab1_ex8\EX8\Core\Src\stm32f1xx_hal_msp.c_save
2024-09-20 08:07:06,893 [INFO] CodeEngine:257 - Generated code: D:\Study_Space\BKU\HK241\microprocessor\lab1_ex8\EX8\Core\Src\stm32f1xx_hal_msp.c
2024-09-20 08:07:06,916 [INFO] CodeEngine:239 - oldGeneratedFile, D:\Study_Space\BKU\HK241\microprocessor\lab1_ex8\EX8\MXTmpFiles\system.tmp_save
2024-09-20 08:07:07,063 [INFO] CodeEngine:257 - Generated code: D:\Study_Space\BKU\HK241\microprocessor\lab1_ex8\EX8\MXTmpFiles\system.tmp
2024-09-20 08:07:07,087 [INFO] CodeEngine:239 - oldGeneratedFile, D:\Study_Space\BKU\HK241\microprocessor\lab1_ex8\EX8\Core\Inc\stm32f1xx_hal_conf.h_save
2024-09-20 08:07:07,259 [INFO] CodeEngine:257 - Generated code: D:\Study_Space\BKU\HK241\microprocessor\lab1_ex8\EX8\Core\Inc\stm32f1xx_hal_conf.h
2024-09-20 08:07:07,379 [INFO] CodeEngine:239 - oldGeneratedFile, D:\Study_Space\BKU\HK241\microprocessor\lab1_ex8\EX8\Core\Inc\main.h_save
2024-09-20 08:07:07,514 [INFO] CodeEngine:257 - Generated code: D:\Study_Space\BKU\HK241\microprocessor\lab1_ex8\EX8\Core\Inc\main.h
2024-09-20 08:07:07,542 [INFO] CodeEngine:239 - oldGeneratedFile, D:\Study_Space\BKU\HK241\microprocessor\lab1_ex8\EX8\Core\Src\main.c_save
2024-09-20 08:07:07,680 [INFO] CodeEngine:257 - Generated code: D:\Study_Space\BKU\HK241\microprocessor\lab1_ex8\EX8\Core\Src\main.c
2024-09-20 08:07:08,618 [INFO] ProjectBuilder:2578 - Time for Copy HAL[1] : 103mS.
2024-09-20 08:07:08,630 [INFO] ProjectBuilder:3622 - Project Generator version: 3.14.1
2024-09-20 08:07:09,270 [INFO] ConfigFileManager:1271 - The Die is : DIE412
2024-09-20 08:07:09,300 [INFO] ApiDbMcu:468 - Load IP Config File for FATFS
2024-09-20 08:07:09,372 [INFO] ApiDbMcu:468 - Load IP Config File for FREERTOS
2024-09-20 08:07:09,429 [INFO] ApiDbMcu:468 - Load IP Config File for USB_DEVICE
2024-09-20 08:07:16,499 [INFO] ProjectBuilder:3789 - Time for Generating toolchain IDE Files: 7869mS.
2024-09-20 08:07:16,500 [INFO] ProjectBuilder:2457 - Time for Copy CMSIS : 0mS.
2024-09-20 08:07:16,501 [INFO] ProjectBuilder:2457 - Time for Copy CMSIS : 0mS.
2024-09-20 08:07:18,001 [INFO] McuFinderGlobals:52 - Set McuFinderConnectedMode to true
2024-09-20 08:07:18,002 [INFO] ApiDb:276 - Save user favorites file C:\Users\LAPTOP/.stm32cubeide/favorites.mcus.txt: 0 item(s)
2024-09-20 08:07:18,002 [INFO] ApiDb:280 - User favorites MCUs=[]
2024-09-20 08:10:58,923 [INFO] UtilMem:74 - End SaveConfig() Used Memory: 874807160 Bytes (1073741824)
2024-09-20 08:11:03,996 [INFO] Gpio:254 - dependency for GPIO []
2024-09-20 08:11:08,578 [INFO] Gpio:254 - dependency for GPIO []
2024-09-20 08:11:16,661 [INFO] DmaTabbedPanel:198 - Cannot restore the selected Tab for DMA
2024-09-20 08:11:18,317 [INFO] Gpio:254 - dependency for GPIO []
2024-09-20 08:11:19,415 [INFO] UtilMem:74 - End SaveConfig() Used Memory: 862837760 Bytes (1073741824)
2024-09-20 08:11:20,679 [INFO] UtilMem:74 - End SaveConfig() Used Memory: 894785056 Bytes (1073741824)
2024-09-20 08:11:22,352 [INFO] UtilMem:74 - End SaveConfig() Used Memory: 847976720 Bytes (1073741824)
2024-09-20 08:11:22,671 [INFO] BlockDiagram:2740 - set Specific Code input for plugin: NVIC
2024-09-20 08:11:22,671 [INFO] BlockDiagram:2740 - set Specific Code input for plugin: SYS
2024-09-20 08:11:22,671 [INFO] BlockDiagram:2740 - set Specific Code input for plugin: GPIO
2024-09-20 08:11:22,672 [INFO] BlockDiagram:2740 - set Specific Code input for plugin: RCC
2024-09-20 08:11:22,676 [INFO] CodeGenerator:663 - code generatio: config db path: D:\STM32CubeIDE\STM32CubeIDE_1.7.0\STM32CubeIDE\plugins\com.st.stm32cube.common.mx_6.3.0.202107141111\\db\
2024-09-20 08:11:23,069 [INFO] CodeEngine:239 - oldGeneratedFile, D:\Study_Space\BKU\HK241\microprocessor\lab1_ex8\EX8\MXTmpFiles\license.tmp_save
2024-09-20 08:11:23,202 [INFO] CodeEngine:257 - Generated code: D:\Study_Space\BKU\HK241\microprocessor\lab1_ex8\EX8\MXTmpFiles\license.tmp
2024-09-20 08:11:23,343 [INFO] CodeEngine:239 - oldGeneratedFile, D:\Study_Space\BKU\HK241\microprocessor\lab1_ex8\EX8\MXTmpFiles\gpio.tmp_save
2024-09-20 08:11:23,500 [INFO] CodeEngine:257 - Generated code: D:\Study_Space\BKU\HK241\microprocessor\lab1_ex8\EX8\MXTmpFiles\gpio.tmp
2024-09-20 08:11:23,569 [INFO] CodeEngine:239 - oldGeneratedFile, D:\Study_Space\BKU\HK241\microprocessor\lab1_ex8\EX8\Core\Src\stm32f1xx_it.c_save
2024-09-20 08:11:23,667 [INFO] CodeEngine:257 - Generated code: D:\Study_Space\BKU\HK241\microprocessor\lab1_ex8\EX8\Core\Src\stm32f1xx_it.c
2024-09-20 08:11:23,672 [INFO] CodeEngine:239 - oldGeneratedFile, D:\Study_Space\BKU\HK241\microprocessor\lab1_ex8\EX8\Core\Inc\stm32f1xx_it.h_save
2024-09-20 08:11:23,749 [INFO] CodeEngine:257 - Generated code: D:\Study_Space\BKU\HK241\microprocessor\lab1_ex8\EX8\Core\Inc\stm32f1xx_it.h
2024-09-20 08:11:23,762 [INFO] CodeEngine:239 - oldGeneratedFile, D:\Study_Space\BKU\HK241\microprocessor\lab1_ex8\EX8\Core\Src\stm32f1xx_hal_msp.c_save
2024-09-20 08:11:23,837 [INFO] CodeEngine:257 - Generated code: D:\Study_Space\BKU\HK241\microprocessor\lab1_ex8\EX8\Core\Src\stm32f1xx_hal_msp.c
2024-09-20 08:11:23,839 [INFO] CodeEngine:239 - oldGeneratedFile, D:\Study_Space\BKU\HK241\microprocessor\lab1_ex8\EX8\MXTmpFiles\system.tmp_save
2024-09-20 08:11:23,886 [INFO] CodeEngine:257 - Generated code: D:\Study_Space\BKU\HK241\microprocessor\lab1_ex8\EX8\MXTmpFiles\system.tmp
2024-09-20 08:11:23,897 [INFO] CodeEngine:239 - oldGeneratedFile, D:\Study_Space\BKU\HK241\microprocessor\lab1_ex8\EX8\Core\Inc\stm32f1xx_hal_conf.h_save
2024-09-20 08:11:23,974 [INFO] CodeEngine:257 - Generated code: D:\Study_Space\BKU\HK241\microprocessor\lab1_ex8\EX8\Core\Inc\stm32f1xx_hal_conf.h
2024-09-20 08:11:24,002 [INFO] CodeEngine:239 - oldGeneratedFile, D:\Study_Space\BKU\HK241\microprocessor\lab1_ex8\EX8\Core\Inc\main.h_save
2024-09-20 08:11:24,072 [INFO] CodeEngine:257 - Generated code: D:\Study_Space\BKU\HK241\microprocessor\lab1_ex8\EX8\Core\Inc\main.h
2024-09-20 08:11:24,083 [INFO] CodeEngine:239 - oldGeneratedFile, D:\Study_Space\BKU\HK241\microprocessor\lab1_ex8\EX8\Core\Src\main.c_save
2024-09-20 08:11:24,184 [INFO] CodeEngine:257 - Generated code: D:\Study_Space\BKU\HK241\microprocessor\lab1_ex8\EX8\Core\Src\main.c
2024-09-20 08:11:25,582 [INFO] ProjectBuilder:2578 - Time for Copy HAL[1] : 84mS.
2024-09-20 08:11:25,586 [INFO] ProjectBuilder:3622 - Project Generator version: 3.14.1
2024-09-20 08:11:26,114 [INFO] ConfigFileManager:1271 - The Die is : DIE412
2024-09-20 08:11:29,178 [INFO] ProjectBuilder:3789 - Time for Generating toolchain IDE Files: 3592mS.
2024-09-20 08:11:29,191 [INFO] ProjectBuilder:2457 - Time for Copy CMSIS : 12mS.
2024-09-20 08:11:29,194 [INFO] ProjectBuilder:2457 - Time for Copy CMSIS : 0mS.
2024-09-20 08:20:09,379 [INFO] Activator:177 - 


2024-09-20 08:20:09,380 [INFO] Activator:178 - !SESSION log4j initialized
